2023-08-09 14:56:32.540 [info] Reading sessions from keychain...
2023-08-09 14:56:32.540 [info] Getting sessions for all scopes...
2023-08-09 14:56:32.540 [info] Got 0 sessions for ...
2023-08-09 14:56:32.540 [info] Getting sessions for user:email...
2023-08-09 14:56:32.540 [info] Got 0 sessions for user:email...
2023-08-09 14:56:32.540 [info] Getting sessions for all scopes...
2023-08-09 14:56:32.540 [info] Got 0 sessions for ...
2023-08-09 14:56:32.620 [info] Getting sessions for all scopes...
2023-08-09 14:56:32.620 [info] Got 0 sessions for ...
2023-08-09 15:17:44.226 [info] Reading sessions from keychain...
2023-08-09 15:17:44.226 [info] Getting sessions for all scopes...
2023-08-09 15:17:44.226 [info] Getting sessions for user:email...
2023-08-09 15:17:44.226 [info] Got 0 sessions for ...
2023-08-09 15:17:44.226 [info] Got 0 sessions for user:email...
2023-08-09 15:17:44.226 [info] Getting sessions for all scopes...
2023-08-09 15:17:44.226 [info] Got 0 sessions for ...
2023-08-09 15:17:44.245 [info] Getting sessions for user:email...
2023-08-09 15:17:44.245 [info] Got 0 sessions for user:email...
2023-08-09 15:17:44.246 [info] Getting sessions for all scopes...
2023-08-09 15:17:44.246 [info] Got 0 sessions for ...
2023-08-09 15:46:43.018 [info] Reading sessions from keychain...
2023-08-09 15:46:43.018 [info] Getting sessions for all scopes...
2023-08-09 15:46:43.018 [info] Getting sessions for user:email...
2023-08-09 15:46:43.018 [info] Got 0 sessions for ...
2023-08-09 15:46:43.018 [info] Got 0 sessions for user:email...
2023-08-09 15:46:43.018 [info] Getting sessions for all scopes...
2023-08-09 15:46:43.018 [info] Got 0 sessions for ...
2023-08-09 15:46:43.142 [info] Getting sessions for all scopes...
2023-08-09 15:46:43.142 [info] Got 0 sessions for ...
2023-08-09 15:58:57.843 [info] Reading sessions from keychain...
2023-08-09 15:58:57.843 [info] Getting sessions for all scopes...
2023-08-09 15:58:57.843 [info] Got 0 sessions for ...
2023-08-09 15:58:57.843 [info] Getting sessions for user:email...
2023-08-09 15:58:57.843 [info] Got 0 sessions for user:email...
2023-08-09 15:58:57.925 [info] Getting sessions for all scopes...
2023-08-09 15:58:57.925 [info] Got 0 sessions for ...
2023-08-09 15:58:58.030 [info] Getting sessions for all scopes...
2023-08-09 15:58:58.030 [info] Got 0 sessions for ...
2023-08-09 16:12:05.864 [info] Reading sessions from keychain...
2023-08-09 16:12:05.864 [info] Getting sessions for all scopes...
2023-08-09 16:12:05.864 [info] Getting sessions for user:email...
2023-08-09 16:12:06.477 [info] Got 0 sessions for ...
2023-08-09 16:12:06.477 [info] Got 0 sessions for user:email...
2023-08-09 16:12:06.485 [info] Getting sessions for all scopes...
2023-08-09 16:12:06.485 [info] Got 0 sessions for ...
2023-08-09 16:12:07.365 [info] Getting sessions for all scopes...
2023-08-09 16:12:07.365 [info] Got 0 sessions for ...
2023-08-09 16:13:31.465 [info] Reading sessions from keychain...
2023-08-09 16:13:31.466 [info] Getting sessions for all scopes...
2023-08-09 16:13:31.466 [info] Getting sessions for user:email...
2023-08-09 16:13:31.555 [info] Got 0 sessions for ...
2023-08-09 16:13:31.555 [info] Got 0 sessions for user:email...
2023-08-09 16:13:31.663 [info] Getting sessions for all scopes...
2023-08-09 16:13:31.663 [info] Got 0 sessions for ...
2023-08-09 16:13:31.788 [info] Getting sessions for all scopes...
2023-08-09 16:13:31.788 [info] Got 0 sessions for ...
