2023-08-09 14:55:00.564 [warning] [REditorSupport.r]: Cannot register 'r.rpath.windows'. This property is already registered.
2023-08-09 14:55:00.565 [warning] [REditorSupport.r]: Cannot register 'r.rpath.mac'. This property is already registered.
2023-08-09 14:55:00.565 [warning] [REditorSupport.r]: Cannot register 'r.rpath.linux'. This property is already registered.
2023-08-09 14:55:00.650 [error] [WyattFerguson.jinja2-snippet-kit]: Unknown language in `contributes.jinja2-snippet-kit.language`. Provided value: jinja-py
2023-08-09 14:55:00.650 [error] [WyattFerguson.jinja2-snippet-kit]: Unknown language in `contributes.jinja2-snippet-kit.language`. Provided value: jinja-css
2023-08-09 14:55:00.650 [error] [WyattFerguson.jinja2-snippet-kit]: Unknown language in `contributes.jinja2-snippet-kit.language`. Provided value: jinja-sql
2023-08-09 14:55:00.651 [error] [WyattFerguson.jinja2-snippet-kit]: Unknown language in `contributes.jinja2-snippet-kit.language`. Provided value: jinja-html
2023-08-09 14:55:00.651 [error] [WyattFerguson.jinja2-snippet-kit]: Unknown language in `contributes.jinja2-snippet-kit.language`. Provided value: jinja-json
2023-08-09 14:55:00.651 [error] [WyattFerguson.jinja2-snippet-kit]: Unknown language in `contributes.jinja2-snippet-kit.language`. Provided value: jinja-rb
2023-08-09 14:55:00.651 [error] [WyattFerguson.jinja2-snippet-kit]: Unknown language in `contributes.jinja2-snippet-kit.language`. Provided value: jinja-toml
2023-08-09 14:55:00.651 [error] [WyattFerguson.jinja2-snippet-kit]: Unknown language in `contributes.jinja2-snippet-kit.language`. Provided value: jinja-yaml
2023-08-09 14:55:00.651 [error] [WyattFerguson.jinja2-snippet-kit]: Unknown language in `contributes.jinja2-snippet-kit.language`. Provided value: jinja-latex
2023-08-09 14:55:00.652 [error] [WyattFerguson.jinja2-snippet-kit]: Unknown language in `contributes.jinja2-snippet-kit.language`. Provided value: jinja-groovy
2023-08-09 14:55:00.652 [error] [WyattFerguson.jinja2-snippet-kit]: Unknown language in `contributes.jinja2-snippet-kit.language`. Provided value: jinja-md
2023-08-09 14:55:00.652 [error] [WyattFerguson.jinja2-snippet-kit]: Unknown language in `contributes.jinja2-snippet-kit.language`. Provided value: jinja-terraform
2023-08-09 14:55:00.652 [error] [WyattFerguson.jinja2-snippet-kit]: Unknown language in `contributes.jinja2-snippet-kit.language`. Provided value: jinja-dockerfile
2023-08-09 14:55:00.652 [error] [WyattFerguson.jinja2-snippet-kit]: Unknown language in `contributes.jinja2-snippet-kit.language`. Provided value: jinja-js
2023-08-09 14:55:00.653 [error] [WyattFerguson.jinja2-snippet-kit]: Unknown language in `contributes.jinja2-snippet-kit.language`. Provided value: jinja-shell
2023-08-09 14:55:00.653 [error] [WyattFerguson.jinja2-snippet-kit]: Unknown language in `contributes.jinja2-snippet-kit.language`. Provided value: jinja-systemd
2023-08-09 14:55:00.653 [error] [WyattFerguson.jinja2-snippet-kit]: Unknown language in `contributes.jinja2-snippet-kit.language`. Provided value: jinja-properties
2023-08-09 14:55:02.242 [error] ENOENT: no such file or directory, open '/home/stroky/.config/Code/User/globalStorage/vscodevim.vim/.registers': Error: ENOENT: no such file or directory, open '/home/stroky/.config/Code/User/globalStorage/vscodevim.vim/.registers'
2023-08-09 14:55:02.974 [info] [perf] Render performance baseline is 89ms
2023-08-09 14:56:16.837 [error] [WyattFerguson.jinja2-snippet-kit]: Unknown language in `contributes.jinja2-snippet-kit.language`. Provided value: jinja-py
2023-08-09 14:56:16.838 [error] [WyattFerguson.jinja2-snippet-kit]: Unknown language in `contributes.jinja2-snippet-kit.language`. Provided value: jinja-css
2023-08-09 14:56:16.838 [error] [WyattFerguson.jinja2-snippet-kit]: Unknown language in `contributes.jinja2-snippet-kit.language`. Provided value: jinja-sql
2023-08-09 14:56:16.838 [error] [WyattFerguson.jinja2-snippet-kit]: Unknown language in `contributes.jinja2-snippet-kit.language`. Provided value: jinja-html
2023-08-09 14:56:16.844 [error] [WyattFerguson.jinja2-snippet-kit]: Unknown language in `contributes.jinja2-snippet-kit.language`. Provided value: jinja-json
2023-08-09 14:56:16.844 [error] [WyattFerguson.jinja2-snippet-kit]: Unknown language in `contributes.jinja2-snippet-kit.language`. Provided value: jinja-rb
2023-08-09 14:56:16.844 [error] [WyattFerguson.jinja2-snippet-kit]: Unknown language in `contributes.jinja2-snippet-kit.language`. Provided value: jinja-toml
2023-08-09 14:56:16.844 [error] [WyattFerguson.jinja2-snippet-kit]: Unknown language in `contributes.jinja2-snippet-kit.language`. Provided value: jinja-yaml
2023-08-09 14:56:16.844 [error] [WyattFerguson.jinja2-snippet-kit]: Unknown language in `contributes.jinja2-snippet-kit.language`. Provided value: jinja-latex
2023-08-09 14:56:16.844 [error] [WyattFerguson.jinja2-snippet-kit]: Unknown language in `contributes.jinja2-snippet-kit.language`. Provided value: jinja-groovy
2023-08-09 14:56:16.845 [error] [WyattFerguson.jinja2-snippet-kit]: Unknown language in `contributes.jinja2-snippet-kit.language`. Provided value: jinja-md
2023-08-09 14:56:16.845 [error] [WyattFerguson.jinja2-snippet-kit]: Unknown language in `contributes.jinja2-snippet-kit.language`. Provided value: jinja-terraform
2023-08-09 14:56:16.845 [error] [WyattFerguson.jinja2-snippet-kit]: Unknown language in `contributes.jinja2-snippet-kit.language`. Provided value: jinja-dockerfile
2023-08-09 14:56:16.845 [error] [WyattFerguson.jinja2-snippet-kit]: Unknown language in `contributes.jinja2-snippet-kit.language`. Provided value: jinja-js
2023-08-09 14:56:16.845 [error] [WyattFerguson.jinja2-snippet-kit]: Unknown language in `contributes.jinja2-snippet-kit.language`. Provided value: jinja-shell
2023-08-09 14:56:16.845 [error] [WyattFerguson.jinja2-snippet-kit]: Unknown language in `contributes.jinja2-snippet-kit.language`. Provided value: jinja-systemd
2023-08-09 14:56:16.845 [error] [WyattFerguson.jinja2-snippet-kit]: Unknown language in `contributes.jinja2-snippet-kit.language`. Provided value: jinja-properties
2023-08-09 14:56:16.888 [error] ENOENT: no such file or directory, access '/home/stroky/.vscode/extensions/dlasagno.wal-theme-1.2.0': Error: ENOENT: no such file or directory, access '/home/stroky/.vscode/extensions/dlasagno.wal-theme-1.2.0'
2023-08-09 14:56:17.874 [error] Unable to read file 'vscode-userdata:/home/stroky/.vscode/extensions/extensions.json' (Error: Unable to resolve nonexistent file 'vscode-userdata:/home/stroky/.vscode/extensions/extensions.json'): Error: Unable to read file 'vscode-userdata:/home/stroky/.vscode/extensions/extensions.json' (Error: Unable to resolve nonexistent file 'vscode-userdata:/home/stroky/.vscode/extensions/extensions.json')
    at Object.factory (/opt/visual-studio-code/resources/app/out/vs/code/node/sharedProcess/sharedProcessMain.js:82:84723)
