2023-08-18 19:53:07.700 [info] Log level: Info
2023-08-18 19:53:07.700 [info] Validating found git in: "git"
2023-08-18 19:53:07.914 [info] Using git "2.41.0" from "git"
2023-08-18 19:53:08.069 [info] > git rev-parse --show-toplevel [134ms]
2023-08-18 19:53:08.069 [info] fatal: not a git repository (or any of the parent directories): .git
2023-08-18 19:53:08.122 [info] > git rev-parse --show-toplevel [31ms]
2023-08-18 19:53:08.122 [info] fatal: not a git repository (or any of the parent directories): .git
2023-08-18 19:53:08.148 [info] > git rev-parse --show-toplevel [5ms]
2023-08-18 19:53:08.148 [info] fatal: not a git repository (or any of the parent directories): .git
2023-08-18 19:53:08.169 [info] > git rev-parse --show-toplevel [4ms]
2023-08-18 19:53:08.169 [info] fatal: not a git repository (or any of the parent directories): .git
2023-08-18 19:53:08.191 [info] > git rev-parse --show-toplevel [6ms]
2023-08-18 19:53:08.191 [info] fatal: not a git repository (or any of the parent directories): .git
2023-08-18 19:54:04.444 [info] Log level: Info
2023-08-18 19:54:04.444 [info] Validating found git in: "git"
2023-08-18 19:54:04.444 [info] Using git "2.41.0" from "git"
2023-08-18 19:54:04.444 [info] > git rev-parse --show-toplevel [7ms]
2023-08-18 19:54:04.444 [info] fatal: not a git repository (or any of the parent directories): .git
2023-08-18 19:54:04.455 [info] > git rev-parse --show-toplevel [4ms]
2023-08-18 19:54:04.455 [info] fatal: not a git repository (or any of the parent directories): .git
2023-08-18 19:54:04.694 [info] > git rev-parse --show-toplevel [233ms]
2023-08-18 19:54:04.694 [info] fatal: not a git repository (or any of the parent directories): .git
2023-08-18 19:54:04.727 [info] > git rev-parse --show-toplevel [4ms]
2023-08-18 19:54:04.727 [info] fatal: not a git repository (or any of the parent directories): .git
2023-08-18 19:54:04.738 [info] > git rev-parse --show-toplevel [1ms]
2023-08-18 19:54:04.738 [info] fatal: not a git repository (or any of the parent directories): .git
2023-08-18 19:54:10.438 [info] > git rev-parse --show-toplevel [1ms]
2023-08-18 19:54:10.438 [info] fatal: not a git repository (or any of the parent directories): .git
2023-08-18 19:56:48.647 [info] > git rev-parse --show-toplevel [2ms]
2023-08-18 19:56:48.647 [info] fatal: not a git repository (or any of the parent directories): .git
2023-08-18 20:12:30.444 [info] > git rev-parse --show-toplevel [94ms]
2023-08-18 20:12:30.444 [info] fatal: not a git repository (or any of the parent directories): .git
2023-08-18 20:48:40.478 [info] > git rev-parse --show-toplevel [2ms]
2023-08-18 20:48:40.478 [info] fatal: not a git repository (or any of the parent directories): .git
2023-08-18 20:49:33.796 [info] > git rev-parse --show-toplevel [1ms]
2023-08-18 20:49:33.796 [info] fatal: not a git repository (or any of the parent directories): .git
2023-08-18 20:53:16.523 [info] > git rev-parse --show-toplevel [1ms]
2023-08-18 20:53:16.523 [info] fatal: not a git repository (or any of the parent directories): .git
2023-08-18 20:53:30.803 [info] > git rev-parse --show-toplevel [3ms]
2023-08-18 20:53:30.803 [info] fatal: not a git repository (or any of the parent directories): .git
2023-08-18 21:00:44.993 [info] > git rev-parse --show-toplevel [1ms]
2023-08-18 21:00:44.993 [info] fatal: not a git repository (or any of the parent directories): .git
