2023-08-09 15:43:04.430 [info] [Info  - 3:43:04 PM] (43490) Pylance language server 2023.8.10 (pyright 932e542d) starting
2023-08-09 15:43:04.430 [info] [Info  - 3:43:04 PM] (43490) Server root directory: /home/stroky/.vscode/extensions/ms-python.vscode-pylance-2023.8.10/dist
2023-08-09 15:51:48.657 [info] [Info  - 3:51:48 PM] (44465) Pylance language server 2023.8.10 (pyright 932e542d) starting
2023-08-09 15:51:48.657 [info] [Info  - 3:51:48 PM] (44465) Server root directory: /home/stroky/.vscode/extensions/ms-python.vscode-pylance-2023.8.10/dist
2023-08-09 15:51:48.661 [info] [Info  - 3:51:48 PM] (44465) Starting service instance "codes"
2023-08-09 15:51:48.709 [info] [Info  - 3:51:48 PM] (44465) Setting pythonPath for service "codes": "/home/stroky/.pyenv/versions/3.7.17/bin/python"
2023-08-09 15:51:48.712 [info] [Warn  - 3:51:48 PM] (44465) stubPath /home/stroky/.local/codes/typings is not a valid directory.
2023-08-09 15:51:48.735 [info] [Info  - 3:51:48 PM] (44465) Assuming Python version 3.7
2023-08-09 15:51:48.829 [info] [Info  - 3:51:48 PM] (44465) Auto-excluding /home/stroky/.local/codes/Programming/Python/Flask/First/new
2023-08-09 15:51:48.829 [info] [Info  - 3:51:48 PM] (44465) Auto-excluding /home/stroky/.local/codes/Programming/env
2023-08-09 15:51:48.831 [info] [Info  - 3:51:48 PM] (44465) Auto-excluding /home/stroky/.local/codes/ai/developer/smolenv
2023-08-09 15:51:48.844 [info] [Info  - 3:51:48 PM] (44465) Auto-excluding /home/stroky/.local/codes/frameworks/python/Flask/HelloFlask/new
2023-08-09 15:51:48.926 [info] [Info  - 3:51:48 PM] (44465) Auto-excluding /home/stroky/.local/codes/projects/Amazon-Flipkart-Price-Comparison-Engine/Amazon-Flipkart-Price-Comparison-Engine/venv
2023-08-09 15:51:48.997 [info] [Info  - 3:51:48 PM] (44465) Found 341 source files
2023-08-09 15:51:49.359 [info] [Info  - 3:51:49 PM] (44465) Background analysis(1) root directory: /home/stroky/.vscode/extensions/ms-python.vscode-pylance-2023.8.10/dist
2023-08-09 15:51:49.359 [info] [Info  - 3:51:49 PM] (44465) Background analysis(1) started
2023-08-09 15:51:49.802 [info] [Info  - 3:51:49 PM] (44465) Indexer background runner(2) root directory: /home/stroky/.vscode/extensions/ms-python.vscode-pylance-2023.8.10/dist (index)
2023-08-09 15:51:49.802 [info] [Info  - 3:51:49 PM] (44465) Indexing(2) started
2023-08-09 15:51:50.225 [info] [Info  - 3:51:50 PM] (44465) scanned(2) 14 files over 1 exec env
2023-08-09 15:51:50.684 [info] [Info  - 3:51:50 PM] (44465) indexed(2) 4 files over 1 exec env
2023-08-09 15:51:50.685 [info] [Info  - 3:51:50 PM] (44465) Indexing finished(2).
2023-08-09 15:52:56.855 [info] [Info  - 3:52:56 PM] (44465) Found 341 source files
2023-08-09 15:59:19.564 [info] [Info  - 3:59:19 PM] (45203) Pylance language server 2023.8.10 (pyright 932e542d) starting
2023-08-09 15:59:19.578 [info] [Info  - 3:59:19 PM] (45203) Server root directory: /home/stroky/.vscode/extensions/ms-python.vscode-pylance-2023.8.10/dist
2023-08-09 15:59:19.578 [info] [Info  - 3:59:19 PM] (45203) Starting service instance "codes"
2023-08-09 15:59:19.624 [info] [Info  - 3:59:19 PM] (45203) Setting pythonPath for service "codes": "/home/stroky/.pyenv/versions/3.7.17/bin/python"
2023-08-09 15:59:19.626 [info] [Warn  - 3:59:19 PM] (45203) stubPath /home/stroky/.local/codes/typings is not a valid directory.
2023-08-09 15:59:19.800 [info] [Info  - 3:59:19 PM] (45203) Assuming Python version 3.7
2023-08-09 15:59:19.890 [info] [Info  - 3:59:19 PM] (45203) Auto-excluding /home/stroky/.local/codes/Programming/Python/Flask/First/new
2023-08-09 15:59:19.891 [info] [Info  - 3:59:19 PM] (45203) Auto-excluding /home/stroky/.local/codes/Programming/env
2023-08-09 15:59:19.893 [info] [Info  - 3:59:19 PM] (45203) Auto-excluding /home/stroky/.local/codes/ai/developer/smolenv
2023-08-09 15:59:19.904 [info] [Info  - 3:59:19 PM] (45203) Auto-excluding /home/stroky/.local/codes/frameworks/python/Flask/HelloFlask/new
2023-08-09 15:59:19.983 [info] [Info  - 3:59:19 PM] (45203) Auto-excluding /home/stroky/.local/codes/projects/Amazon-Flipkart-Price-Comparison-Engine/Amazon-Flipkart-Price-Comparison-Engine/venv
2023-08-09 15:59:20.074 [info] [Info  - 3:59:20 PM] (45203) Found 341 source files
2023-08-09 15:59:20.096 [info] [Info  - 3:59:20 PM] (45203) Background analysis(1) root directory: /home/stroky/.vscode/extensions/ms-python.vscode-pylance-2023.8.10/dist
2023-08-09 15:59:20.096 [info] [Info  - 3:59:20 PM] (45203) Background analysis(1) started
2023-08-09 15:59:56.395 [info] [Info  - 3:59:56 PM] (45203) Setting pythonPath for service "codes": "/home/stroky/.pyenv/versions/3.7.17/bin/python"
2023-08-09 15:59:56.395 [info] [Warn  - 3:59:56 PM] (45203) stubPath /home/stroky/.local/codes/typings is not a valid directory.
2023-08-09 15:59:56.414 [info] [Info  - 3:59:56 PM] (45203) Assuming Python version 3.7
2023-08-09 15:59:56.570 [info] [Info  - 3:59:56 PM] (45203) Auto-excluding /home/stroky/.local/codes/Programming/Python/Flask/First/new
2023-08-09 15:59:56.580 [info] [Info  - 3:59:56 PM] (45203) Auto-excluding /home/stroky/.local/codes/Programming/env
2023-08-09 15:59:56.597 [info] [Info  - 3:59:56 PM] (45203) Auto-excluding /home/stroky/.local/codes/ai/developer/smolenv
2023-08-09 15:59:56.599 [info] [Info  - 3:59:56 PM] (45203) Auto-excluding /home/stroky/.local/codes/frameworks/python/Flask/HelloFlask/new
2023-08-09 15:59:56.671 [info] [Info  - 3:59:56 PM] (45203) Auto-excluding /home/stroky/.local/codes/projects/Amazon-Flipkart-Price-Comparison-Engine/Amazon-Flipkart-Price-Comparison-Engine/venv
2023-08-09 15:59:56.763 [info] [Info  - 3:59:56 PM] (45203) Found 341 source files
2023-08-09 16:02:38.190 [info] [Info  - 4:02:38 PM] (45638) Pylance language server 2023.8.10 (pyright 932e542d) starting
2023-08-09 16:02:38.190 [info] [Info  - 4:02:38 PM] (45638) Server root directory: /home/stroky/.vscode/extensions/ms-python.vscode-pylance-2023.8.10/dist
2023-08-09 16:02:38.197 [info] [Info  - 4:02:38 PM] (45638) Starting service instance "codes"
2023-08-09 16:02:38.225 [info] [Info  - 4:02:38 PM] (45638) Setting pythonPath for service "codes": "/home/stroky/.pyenv/versions/3.7.17/bin/python"
2023-08-09 16:02:38.227 [info] [Warn  - 4:02:38 PM] (45638) stubPath /home/stroky/.local/codes/typings is not a valid directory.
2023-08-09 16:02:38.250 [info] [Info  - 4:02:38 PM] (45638) Assuming Python version 3.7
2023-08-09 16:02:38.334 [info] [Info  - 4:02:38 PM] (45638) Auto-excluding /home/stroky/.local/codes/Programming/Python/Flask/First/new
2023-08-09 16:02:38.335 [info] [Info  - 4:02:38 PM] (45638) Auto-excluding /home/stroky/.local/codes/Programming/env
2023-08-09 16:02:38.336 [info] [Info  - 4:02:38 PM] (45638) Auto-excluding /home/stroky/.local/codes/ai/developer/smolenv
2023-08-09 16:02:38.346 [info] [Info  - 4:02:38 PM] (45638) Auto-excluding /home/stroky/.local/codes/frameworks/python/Flask/HelloFlask/new
2023-08-09 16:02:38.428 [info] [Info  - 4:02:38 PM] (45638) Auto-excluding /home/stroky/.local/codes/projects/Amazon-Flipkart-Price-Comparison-Engine/Amazon-Flipkart-Price-Comparison-Engine/venv
2023-08-09 16:02:38.495 [info] [Info  - 4:02:38 PM] (45638) Found 341 source files
2023-08-09 16:02:38.607 [info] [Info  - 4:02:38 PM] (45638) Background analysis(1) root directory: /home/stroky/.vscode/extensions/ms-python.vscode-pylance-2023.8.10/dist
2023-08-09 16:02:38.609 [info] [Info  - 4:02:38 PM] (45638) Background analysis(1) started
