2023-08-09 15:43:02.006 [info] Experiment 'pythonaacf' is active
2023-08-09 15:43:02.006 [info] Experiment 'pythonPromptNewFormatterExt' is active
2023-08-09 15:43:02.006 [info] Experiment 'pythonPromptNewToolsExt' is active
2023-08-09 15:43:02.006 [info] Experiment 'pythonSurveyNotificationcf' is active
2023-08-09 15:43:02.006 [info] Experiment 'pythonTestAdaptercf' is active
2023-08-09 15:43:02.074 [info] > conda info --json
2023-08-09 15:43:02.082 [info] Test server listening.
2023-08-09 15:43:02.194 [info] Found: /bin/python --> /bin/python3.11
2023-08-09 15:43:02.195 [info] Found: /bin/python2 --> /bin/python2.7
2023-08-09 15:43:02.197 [info] Found: /bin/python2.7 --> /bin/python2.7
2023-08-09 15:43:02.227 [warning] Retry failed, storage update failed for key PYTHON_GLOBAL_STORAGE_KEYS
2023-08-09 15:43:02.227 [warning] Retry failed, storage update failed for key PYTHON_GLOBAL_STORAGE_KEYS
2023-08-09 15:43:02.227 [warning] Retry failed, storage update failed for key PYTHON_WORKSPACE_STORAGE_KEYS
2023-08-09 15:43:02.227 [warning] Retry failed, storage update failed for key PYTHON_WORKSPACE_STORAGE_KEYS
2023-08-09 15:43:02.232 [info] Found: /bin/python3 --> /bin/python3.11
2023-08-09 15:43:02.232 [info] Found: /bin/python3.11 --> /bin/python3.11
2023-08-09 15:43:02.268 [info] > ~/.pyenv/versions/3.7.17/bin/python -I ~/.vscode/extensions/ms-python.python-2023.14.0/pythonFiles/get_output_via_markers.py ~/.vscode/extensions/ms-python.python-2023.14.0/pythonFiles/interpreterInfo.py
2023-08-09 15:43:02.287 [info] Found: /sbin/python --> /sbin/python3.11
2023-08-09 15:43:02.287 [info] Found: /sbin/python2 --> /sbin/python2.7
2023-08-09 15:43:02.287 [info] Found: /sbin/python2.7 --> /sbin/python2.7
2023-08-09 15:43:02.287 [info] Found: /sbin/python3 --> /sbin/python3.11
2023-08-09 15:43:02.287 [info] Found: /sbin/python3.11 --> /sbin/python3.11
2023-08-09 15:43:02.304 [info] Found: /usr/bin/python --> /usr/bin/python3.11
2023-08-09 15:43:02.305 [info] Found: /usr/bin/python2 --> /usr/bin/python2.7
2023-08-09 15:43:02.305 [info] Found: /usr/bin/python2.7 --> /usr/bin/python2.7
2023-08-09 15:43:02.305 [info] Found: /usr/bin/python3 --> /usr/bin/python3.11
2023-08-09 15:43:02.306 [info] Found: /usr/bin/python3.11 --> /usr/bin/python3.11
2023-08-09 15:43:02.358 [info] Found: /usr/sbin/python --> /usr/sbin/python3.11
2023-08-09 15:43:02.359 [info] Found: /usr/sbin/python2 --> /usr/sbin/python2.7
2023-08-09 15:43:02.359 [info] Found: /usr/sbin/python2.7 --> /usr/sbin/python2.7
2023-08-09 15:43:02.359 [info] Found: /usr/sbin/python3 --> /usr/sbin/python3.11
2023-08-09 15:43:02.359 [info] Found: /usr/sbin/python3.11 --> /usr/sbin/python3.11
2023-08-09 15:43:02.375 [info] > /bin/python -I ~/.vscode/extensions/ms-python.python-2023.14.0/pythonFiles/get_output_via_markers.py ~/.vscode/extensions/ms-python.python-2023.14.0/pythonFiles/interpreterInfo.py
2023-08-09 15:43:02.420 [info] > /bin/python2 -I ~/.vscode/extensions/ms-python.python-2023.14.0/pythonFiles/get_output_via_markers.py ~/.vscode/extensions/ms-python.python-2023.14.0/pythonFiles/interpreterInfo.py
2023-08-09 15:43:02.431 [warning] [Error: Command failed: /bin/python2 -I /home/stroky/.vscode/extensions/ms-python.python-2023.14.0/pythonFiles/get_output_via_markers.py /home/stroky/.vscode/extensions/ms-python.python-2023.14.0/pythonFiles/interpreterInfo.py
Unknown option: -I
usage: /bin/python2 [option] ... [-c cmd | -m mod | file | -] [arg] ...
Try `python -h' for more information.

	at ChildProcess.exithandler (node:child_process:409:12)
	at ChildProcess.emit (node:events:513:28)
	at maybeClose (node:internal/child_process:1121:16)
	at Socket.<anonymous> (node:internal/child_process:479:11)
	at Socket.emit (node:events:513:28)
	at Pipe.<anonymous> (node:net:757:14)] {
  code: 2,
  killed: false,
  signal: null,
  cmd: '/bin/python2 -I /home/stroky/.vscode/extensions/ms-python.python-2023.14.0/pythonFiles/get_output_via_markers.py /home/stroky/.vscode/extensions/ms-python.python-2023.14.0/pythonFiles/interpreterInfo.py'
}
2023-08-09 15:43:02.431 [error] Support for Python 2.7 has been dropped by the Python extension so certain features may not work, upgrade to using Python 3.
2023-08-09 15:43:02.452 [info] > /bin/python2 ~/.vscode/extensions/ms-python.python-2023.14.0/pythonFiles/get_output_via_markers.py ~/.vscode/extensions/ms-python.python-2023.14.0/pythonFiles/interpreterInfo.py
2023-08-09 15:43:02.479 [info] > /sbin/python -I ~/.vscode/extensions/ms-python.python-2023.14.0/pythonFiles/get_output_via_markers.py ~/.vscode/extensions/ms-python.python-2023.14.0/pythonFiles/interpreterInfo.py
2023-08-09 15:43:02.481 [error] [Error: Command failed: /bin/python2 /home/stroky/.vscode/extensions/ms-python.python-2023.14.0/pythonFiles/get_output_via_markers.py /home/stroky/.vscode/extensions/ms-python.python-2023.14.0/pythonFiles/interpreterInfo.py
Could not find platform independent libraries <prefix>
Could not find platform dependent libraries <exec_prefix>
Consider setting $PYTHONHOME to <prefix>[:<exec_prefix>]
ImportError: No module named site

	at ChildProcess.exithandler (node:child_process:409:12)
	at ChildProcess.emit (node:events:513:28)
	at maybeClose (node:internal/child_process:1121:16)
	at Socket.<anonymous> (node:internal/child_process:479:11)
	at Socket.emit (node:events:513:28)
	at Pipe.<anonymous> (node:net:757:14)] {
  code: 1,
  killed: false,
  signal: null,
  cmd: '/bin/python2 /home/stroky/.vscode/extensions/ms-python.python-2023.14.0/pythonFiles/get_output_via_markers.py /home/stroky/.vscode/extensions/ms-python.python-2023.14.0/pythonFiles/interpreterInfo.py'
}
2023-08-09 15:43:02.522 [info] > /sbin/python2 -I ~/.vscode/extensions/ms-python.python-2023.14.0/pythonFiles/get_output_via_markers.py ~/.vscode/extensions/ms-python.python-2023.14.0/pythonFiles/interpreterInfo.py
2023-08-09 15:43:02.529 [warning] [Error: Command failed: /sbin/python2 -I /home/stroky/.vscode/extensions/ms-python.python-2023.14.0/pythonFiles/get_output_via_markers.py /home/stroky/.vscode/extensions/ms-python.python-2023.14.0/pythonFiles/interpreterInfo.py
Unknown option: -I
usage: /sbin/python2 [option] ... [-c cmd | -m mod | file | -] [arg] ...
Try `python -h' for more information.

	at ChildProcess.exithandler (node:child_process:409:12)
	at ChildProcess.emit (node:events:513:28)
	at maybeClose (node:internal/child_process:1121:16)
	at Socket.<anonymous> (node:internal/child_process:479:11)
	at Socket.emit (node:events:513:28)
	at Pipe.<anonymous> (node:net:757:14)] {
  code: 2,
  killed: false,
  signal: null,
  cmd: '/sbin/python2 -I /home/stroky/.vscode/extensions/ms-python.python-2023.14.0/pythonFiles/get_output_via_markers.py /home/stroky/.vscode/extensions/ms-python.python-2023.14.0/pythonFiles/interpreterInfo.py'
}
2023-08-09 15:43:02.529 [error] Support for Python 2.7 has been dropped by the Python extension so certain features may not work, upgrade to using Python 3.
2023-08-09 15:43:02.536 [info] > /sbin/python2 ~/.vscode/extensions/ms-python.python-2023.14.0/pythonFiles/get_output_via_markers.py ~/.vscode/extensions/ms-python.python-2023.14.0/pythonFiles/interpreterInfo.py
2023-08-09 15:43:02.544 [info] > /usr/bin/python -I ~/.vscode/extensions/ms-python.python-2023.14.0/pythonFiles/get_output_via_markers.py ~/.vscode/extensions/ms-python.python-2023.14.0/pythonFiles/interpreterInfo.py
2023-08-09 15:43:02.545 [error] [Error: Command failed: /sbin/python2 /home/stroky/.vscode/extensions/ms-python.python-2023.14.0/pythonFiles/get_output_via_markers.py /home/stroky/.vscode/extensions/ms-python.python-2023.14.0/pythonFiles/interpreterInfo.py
Could not find platform independent libraries <prefix>
Could not find platform dependent libraries <exec_prefix>
Consider setting $PYTHONHOME to <prefix>[:<exec_prefix>]
ImportError: No module named site

	at ChildProcess.exithandler (node:child_process:409:12)
	at ChildProcess.emit (node:events:513:28)
	at maybeClose (node:internal/child_process:1121:16)
	at Socket.<anonymous> (node:internal/child_process:479:11)
	at Socket.emit (node:events:513:28)
	at Pipe.<anonymous> (node:net:757:14)] {
  code: 1,
  killed: false,
  signal: null,
  cmd: '/sbin/python2 /home/stroky/.vscode/extensions/ms-python.python-2023.14.0/pythonFiles/get_output_via_markers.py /home/stroky/.vscode/extensions/ms-python.python-2023.14.0/pythonFiles/interpreterInfo.py'
}
2023-08-09 15:43:02.559 [info] > /usr/bin/python2 -I ~/.vscode/extensions/ms-python.python-2023.14.0/pythonFiles/get_output_via_markers.py ~/.vscode/extensions/ms-python.python-2023.14.0/pythonFiles/interpreterInfo.py
2023-08-09 15:43:02.562 [warning] [Error: Command failed: /usr/bin/python2 -I /home/stroky/.vscode/extensions/ms-python.python-2023.14.0/pythonFiles/get_output_via_markers.py /home/stroky/.vscode/extensions/ms-python.python-2023.14.0/pythonFiles/interpreterInfo.py
Unknown option: -I
usage: /usr/bin/python2 [option] ... [-c cmd | -m mod | file | -] [arg] ...
Try `python -h' for more information.

	at ChildProcess.exithandler (node:child_process:409:12)
	at ChildProcess.emit (node:events:513:28)
	at maybeClose (node:internal/child_process:1121:16)
	at Socket.<anonymous> (node:internal/child_process:479:11)
	at Socket.emit (node:events:513:28)
	at Pipe.<anonymous> (node:net:757:14)] {
  code: 2,
  killed: false,
  signal: null,
  cmd: '/usr/bin/python2 -I /home/stroky/.vscode/extensions/ms-python.python-2023.14.0/pythonFiles/get_output_via_markers.py /home/stroky/.vscode/extensions/ms-python.python-2023.14.0/pythonFiles/interpreterInfo.py'
}
2023-08-09 15:43:02.562 [error] Support for Python 2.7 has been dropped by the Python extension so certain features may not work, upgrade to using Python 3.
2023-08-09 15:43:02.572 [info] > /usr/bin/python2 ~/.vscode/extensions/ms-python.python-2023.14.0/pythonFiles/get_output_via_markers.py ~/.vscode/extensions/ms-python.python-2023.14.0/pythonFiles/interpreterInfo.py
2023-08-09 15:43:02.588 [info] > /usr/sbin/python -I ~/.vscode/extensions/ms-python.python-2023.14.0/pythonFiles/get_output_via_markers.py ~/.vscode/extensions/ms-python.python-2023.14.0/pythonFiles/interpreterInfo.py
2023-08-09 15:43:02.606 [info] > /usr/sbin/python2 -I ~/.vscode/extensions/ms-python.python-2023.14.0/pythonFiles/get_output_via_markers.py ~/.vscode/extensions/ms-python.python-2023.14.0/pythonFiles/interpreterInfo.py
2023-08-09 15:43:02.608 [warning] [Error: Command failed: /usr/sbin/python2 -I /home/stroky/.vscode/extensions/ms-python.python-2023.14.0/pythonFiles/get_output_via_markers.py /home/stroky/.vscode/extensions/ms-python.python-2023.14.0/pythonFiles/interpreterInfo.py
Unknown option: -I
usage: /usr/sbin/python2 [option] ... [-c cmd | -m mod | file | -] [arg] ...
Try `python -h' for more information.

	at ChildProcess.exithandler (node:child_process:409:12)
	at ChildProcess.emit (node:events:513:28)
	at maybeClose (node:internal/child_process:1121:16)
	at Socket.<anonymous> (node:internal/child_process:479:11)
	at Socket.emit (node:events:513:28)
	at Pipe.<anonymous> (node:net:757:14)] {
  code: 2,
  killed: false,
  signal: null,
  cmd: '/usr/sbin/python2 -I /home/stroky/.vscode/extensions/ms-python.python-2023.14.0/pythonFiles/get_output_via_markers.py /home/stroky/.vscode/extensions/ms-python.python-2023.14.0/pythonFiles/interpreterInfo.py'
}
2023-08-09 15:43:02.608 [error] Support for Python 2.7 has been dropped by the Python extension so certain features may not work, upgrade to using Python 3.
2023-08-09 15:43:02.616 [info] > /usr/sbin/python2 ~/.vscode/extensions/ms-python.python-2023.14.0/pythonFiles/get_output_via_markers.py ~/.vscode/extensions/ms-python.python-2023.14.0/pythonFiles/interpreterInfo.py
2023-08-09 15:43:02.929 [info] Python interpreter path: ~/.pyenv/versions/3.7.17/bin/python
2023-08-09 15:43:04.449 [info] Starting Pylance language server.
2023-08-09 15:51:47.329 [info] Experiment 'pythonaacf' is active
2023-08-09 15:51:47.329 [info] Experiment 'pythonPromptNewFormatterExt' is active
2023-08-09 15:51:47.329 [info] Experiment 'pythonPromptNewToolsExt' is active
2023-08-09 15:51:47.329 [info] Experiment 'pythonSurveyNotificationcf' is active
2023-08-09 15:51:47.329 [info] Experiment 'pythonTestAdaptercf' is active
2023-08-09 15:51:47.380 [info] Test server listening.
2023-08-09 15:51:47.386 [info] Python interpreter path: ~/.pyenv/versions/3.7.17/bin/python
2023-08-09 15:51:47.552 [warning] Retry failed, storage update failed for key PYTHON_WORKSPACE_STORAGE_KEYS
2023-08-09 15:51:47.552 [warning] Retry failed, storage update failed for key PYTHON_WORKSPACE_STORAGE_KEYS
2023-08-09 15:51:47.552 [warning] Retry failed, storage update failed for key PYTHON_WORKSPACE_STORAGE_KEYS
2023-08-09 15:51:47.554 [warning] Retry failed, storage update failed for key PYTHON_GLOBAL_STORAGE_KEYS
2023-08-09 15:51:48.674 [info] Starting Pylance language server.
2023-08-09 15:52:56.576 [info] Discover tests for workspace name: codes - uri: /home/stroky/.local/codes/hello-s3.py
2023-08-09 15:59:18.227 [info] Experiment 'pythonaacf' is active
2023-08-09 15:59:18.227 [info] Experiment 'pythonPromptNewFormatterExt' is active
2023-08-09 15:59:18.227 [info] Experiment 'pythonPromptNewToolsExt' is active
2023-08-09 15:59:18.227 [info] Experiment 'pythonSurveyNotificationcf' is active
2023-08-09 15:59:18.227 [info] Experiment 'pythonTestAdaptercf' is active
2023-08-09 15:59:18.228 [info] Test server listening.
2023-08-09 15:59:18.228 [info] Python interpreter path: ~/.pyenv/versions/3.7.17/bin/python
2023-08-09 15:59:18.284 [warning] Retry failed, storage update failed for key PYTHON_GLOBAL_STORAGE_KEYS
2023-08-09 15:59:18.284 [warning] Retry failed, storage update failed for key PYTHON_WORKSPACE_STORAGE_KEYS
2023-08-09 15:59:18.284 [warning] Retry failed, storage update failed for key PYTHON_WORKSPACE_STORAGE_KEYS
2023-08-09 15:59:18.284 [warning] Retry failed, storage update failed for key PYTHON_WORKSPACE_STORAGE_KEYS
2023-08-09 15:59:19.585 [info] Starting Pylance language server.
2023-08-09 15:59:52.194 [info] > conda info --json
2023-08-09 15:59:52.223 [info] Found: /bin/python --> /bin/python3.11
2023-08-09 15:59:52.226 [info] Found: /bin/python2 --> /bin/python2.7
2023-08-09 15:59:52.226 [info] Found: /bin/python2.7 --> /bin/python2.7
2023-08-09 15:59:52.227 [info] Found: /bin/python3 --> /bin/python3.11
2023-08-09 15:59:52.227 [info] Found: /bin/python3.11 --> /bin/python3.11
2023-08-09 15:59:52.235 [info] > ~/.pyenv/versions/3.7.17/bin/python -I ~/.vscode/extensions/ms-python.python-2023.14.0/pythonFiles/get_output_via_markers.py ~/.vscode/extensions/ms-python.python-2023.14.0/pythonFiles/interpreterInfo.py
2023-08-09 15:59:52.283 [info] Found: /sbin/python --> /sbin/python3.11
2023-08-09 15:59:52.283 [info] Found: /sbin/python2 --> /sbin/python2.7
2023-08-09 15:59:52.283 [info] Found: /sbin/python2.7 --> /sbin/python2.7
2023-08-09 15:59:52.284 [info] Found: /sbin/python3 --> /sbin/python3.11
2023-08-09 15:59:52.284 [info] Found: /sbin/python3.11 --> /sbin/python3.11
2023-08-09 15:59:52.293 [info] Found: /usr/bin/python --> /usr/bin/python3.11
2023-08-09 15:59:52.293 [info] Found: /usr/bin/python2 --> /usr/bin/python2.7
2023-08-09 15:59:52.293 [info] Found: /usr/bin/python2.7 --> /usr/bin/python2.7
2023-08-09 15:59:52.293 [info] Found: /usr/bin/python3 --> /usr/bin/python3.11
2023-08-09 15:59:52.293 [info] Found: /usr/bin/python3.11 --> /usr/bin/python3.11
2023-08-09 15:59:52.348 [info] Found: /usr/sbin/python --> /usr/sbin/python3.11
2023-08-09 15:59:52.349 [info] Found: /usr/sbin/python2 --> /usr/sbin/python2.7
2023-08-09 15:59:52.349 [info] Found: /usr/sbin/python2.7 --> /usr/sbin/python2.7
2023-08-09 15:59:52.349 [info] Found: /usr/sbin/python3 --> /usr/sbin/python3.11
2023-08-09 15:59:52.350 [info] Found: /usr/sbin/python3.11 --> /usr/sbin/python3.11
2023-08-09 15:59:52.372 [info] > /bin/python -I ~/.vscode/extensions/ms-python.python-2023.14.0/pythonFiles/get_output_via_markers.py ~/.vscode/extensions/ms-python.python-2023.14.0/pythonFiles/interpreterInfo.py
2023-08-09 15:59:52.385 [info] > /bin/python2 -I ~/.vscode/extensions/ms-python.python-2023.14.0/pythonFiles/get_output_via_markers.py ~/.vscode/extensions/ms-python.python-2023.14.0/pythonFiles/interpreterInfo.py
2023-08-09 15:59:52.412 [info] > /sbin/python -I ~/.vscode/extensions/ms-python.python-2023.14.0/pythonFiles/get_output_via_markers.py ~/.vscode/extensions/ms-python.python-2023.14.0/pythonFiles/interpreterInfo.py
2023-08-09 15:59:52.421 [info] > /sbin/python2 -I ~/.vscode/extensions/ms-python.python-2023.14.0/pythonFiles/get_output_via_markers.py ~/.vscode/extensions/ms-python.python-2023.14.0/pythonFiles/interpreterInfo.py
2023-08-09 15:59:52.423 [warning] [Error: Command failed: /bin/python2 -I /home/stroky/.vscode/extensions/ms-python.python-2023.14.0/pythonFiles/get_output_via_markers.py /home/stroky/.vscode/extensions/ms-python.python-2023.14.0/pythonFiles/interpreterInfo.py
Unknown option: -I
usage: /bin/python2 [option] ... [-c cmd | -m mod | file | -] [arg] ...
Try `python -h' for more information.

	at ChildProcess.exithandler (node:child_process:409:12)
	at ChildProcess.emit (node:events:513:28)
	at maybeClose (node:internal/child_process:1121:16)
	at Socket.<anonymous> (node:internal/child_process:479:11)
	at Socket.emit (node:events:513:28)
	at Pipe.<anonymous> (node:net:757:14)] {
  code: 2,
  killed: false,
  signal: null,
  cmd: '/bin/python2 -I /home/stroky/.vscode/extensions/ms-python.python-2023.14.0/pythonFiles/get_output_via_markers.py /home/stroky/.vscode/extensions/ms-python.python-2023.14.0/pythonFiles/interpreterInfo.py'
}
2023-08-09 15:59:52.423 [error] Support for Python 2.7 has been dropped by the Python extension so certain features may not work, upgrade to using Python 3.
2023-08-09 15:59:52.429 [info] > /bin/python2 ~/.vscode/extensions/ms-python.python-2023.14.0/pythonFiles/get_output_via_markers.py ~/.vscode/extensions/ms-python.python-2023.14.0/pythonFiles/interpreterInfo.py
2023-08-09 15:59:52.430 [warning] [Error: Command failed: /sbin/python2 -I /home/stroky/.vscode/extensions/ms-python.python-2023.14.0/pythonFiles/get_output_via_markers.py /home/stroky/.vscode/extensions/ms-python.python-2023.14.0/pythonFiles/interpreterInfo.py
Unknown option: -I
usage: /sbin/python2 [option] ... [-c cmd | -m mod | file | -] [arg] ...
Try `python -h' for more information.

	at ChildProcess.exithandler (node:child_process:409:12)
	at ChildProcess.emit (node:events:513:28)
	at maybeClose (node:internal/child_process:1121:16)
	at Socket.<anonymous> (node:internal/child_process:479:11)
	at Socket.emit (node:events:513:28)
	at Pipe.<anonymous> (node:net:757:14)] {
  code: 2,
  killed: false,
  signal: null,
  cmd: '/sbin/python2 -I /home/stroky/.vscode/extensions/ms-python.python-2023.14.0/pythonFiles/get_output_via_markers.py /home/stroky/.vscode/extensions/ms-python.python-2023.14.0/pythonFiles/interpreterInfo.py'
}
2023-08-09 15:59:52.430 [error] Support for Python 2.7 has been dropped by the Python extension so certain features may not work, upgrade to using Python 3.
2023-08-09 15:59:52.437 [info] > /sbin/python2 ~/.vscode/extensions/ms-python.python-2023.14.0/pythonFiles/get_output_via_markers.py ~/.vscode/extensions/ms-python.python-2023.14.0/pythonFiles/interpreterInfo.py
2023-08-09 15:59:52.439 [error] [Error: Command failed: /bin/python2 /home/stroky/.vscode/extensions/ms-python.python-2023.14.0/pythonFiles/get_output_via_markers.py /home/stroky/.vscode/extensions/ms-python.python-2023.14.0/pythonFiles/interpreterInfo.py
Could not find platform independent libraries <prefix>
Could not find platform dependent libraries <exec_prefix>
Consider setting $PYTHONHOME to <prefix>[:<exec_prefix>]
ImportError: No module named site

	at ChildProcess.exithandler (node:child_process:409:12)
	at ChildProcess.emit (node:events:513:28)
	at maybeClose (node:internal/child_process:1121:16)
	at Socket.<anonymous> (node:internal/child_process:479:11)
	at Socket.emit (node:events:513:28)
	at Pipe.<anonymous> (node:net:757:14)] {
  code: 1,
  killed: false,
  signal: null,
  cmd: '/bin/python2 /home/stroky/.vscode/extensions/ms-python.python-2023.14.0/pythonFiles/get_output_via_markers.py /home/stroky/.vscode/extensions/ms-python.python-2023.14.0/pythonFiles/interpreterInfo.py'
}
2023-08-09 15:59:52.442 [error] [Error: Command failed: /sbin/python2 /home/stroky/.vscode/extensions/ms-python.python-2023.14.0/pythonFiles/get_output_via_markers.py /home/stroky/.vscode/extensions/ms-python.python-2023.14.0/pythonFiles/interpreterInfo.py
Could not find platform independent libraries <prefix>
Could not find platform dependent libraries <exec_prefix>
Consider setting $PYTHONHOME to <prefix>[:<exec_prefix>]
ImportError: No module named site

	at ChildProcess.exithandler (node:child_process:409:12)
	at ChildProcess.emit (node:events:513:28)
	at maybeClose (node:internal/child_process:1121:16)
	at Socket.<anonymous> (node:internal/child_process:479:11)
	at Socket.emit (node:events:513:28)
	at Pipe.<anonymous> (node:net:757:14)] {
  code: 1,
  killed: false,
  signal: null,
  cmd: '/sbin/python2 /home/stroky/.vscode/extensions/ms-python.python-2023.14.0/pythonFiles/get_output_via_markers.py /home/stroky/.vscode/extensions/ms-python.python-2023.14.0/pythonFiles/interpreterInfo.py'
}
2023-08-09 15:59:52.452 [info] > /usr/bin/python -I ~/.vscode/extensions/ms-python.python-2023.14.0/pythonFiles/get_output_via_markers.py ~/.vscode/extensions/ms-python.python-2023.14.0/pythonFiles/interpreterInfo.py
2023-08-09 15:59:52.466 [info] > /usr/bin/python2 -I ~/.vscode/extensions/ms-python.python-2023.14.0/pythonFiles/get_output_via_markers.py ~/.vscode/extensions/ms-python.python-2023.14.0/pythonFiles/interpreterInfo.py
2023-08-09 15:59:52.471 [warning] [Error: Command failed: /usr/bin/python2 -I /home/stroky/.vscode/extensions/ms-python.python-2023.14.0/pythonFiles/get_output_via_markers.py /home/stroky/.vscode/extensions/ms-python.python-2023.14.0/pythonFiles/interpreterInfo.py
Unknown option: -I
usage: /usr/bin/python2 [option] ... [-c cmd | -m mod | file | -] [arg] ...
Try `python -h' for more information.

	at ChildProcess.exithandler (node:child_process:409:12)
	at ChildProcess.emit (node:events:513:28)
	at maybeClose (node:internal/child_process:1121:16)
	at Socket.<anonymous> (node:internal/child_process:479:11)
	at Socket.emit (node:events:513:28)
	at Pipe.<anonymous> (node:net:757:14)] {
  code: 2,
  killed: false,
  signal: null,
  cmd: '/usr/bin/python2 -I /home/stroky/.vscode/extensions/ms-python.python-2023.14.0/pythonFiles/get_output_via_markers.py /home/stroky/.vscode/extensions/ms-python.python-2023.14.0/pythonFiles/interpreterInfo.py'
}
2023-08-09 15:59:52.471 [error] Support for Python 2.7 has been dropped by the Python extension so certain features may not work, upgrade to using Python 3.
2023-08-09 15:59:52.478 [info] > /usr/bin/python2 ~/.vscode/extensions/ms-python.python-2023.14.0/pythonFiles/get_output_via_markers.py ~/.vscode/extensions/ms-python.python-2023.14.0/pythonFiles/interpreterInfo.py
2023-08-09 15:59:52.492 [info] > /usr/sbin/python -I ~/.vscode/extensions/ms-python.python-2023.14.0/pythonFiles/get_output_via_markers.py ~/.vscode/extensions/ms-python.python-2023.14.0/pythonFiles/interpreterInfo.py
2023-08-09 15:59:52.506 [info] > /usr/sbin/python2 -I ~/.vscode/extensions/ms-python.python-2023.14.0/pythonFiles/get_output_via_markers.py ~/.vscode/extensions/ms-python.python-2023.14.0/pythonFiles/interpreterInfo.py
2023-08-09 15:59:52.510 [warning] [Error: Command failed: /usr/sbin/python2 -I /home/stroky/.vscode/extensions/ms-python.python-2023.14.0/pythonFiles/get_output_via_markers.py /home/stroky/.vscode/extensions/ms-python.python-2023.14.0/pythonFiles/interpreterInfo.py
Unknown option: -I
usage: /usr/sbin/python2 [option] ... [-c cmd | -m mod | file | -] [arg] ...
Try `python -h' for more information.

	at ChildProcess.exithandler (node:child_process:409:12)
	at ChildProcess.emit (node:events:513:28)
	at maybeClose (node:internal/child_process:1121:16)
	at Socket.<anonymous> (node:internal/child_process:479:11)
	at Socket.emit (node:events:513:28)
	at Pipe.<anonymous> (node:net:757:14)] {
  code: 2,
  killed: false,
  signal: null,
  cmd: '/usr/sbin/python2 -I /home/stroky/.vscode/extensions/ms-python.python-2023.14.0/pythonFiles/get_output_via_markers.py /home/stroky/.vscode/extensions/ms-python.python-2023.14.0/pythonFiles/interpreterInfo.py'
}
2023-08-09 15:59:52.510 [error] Support for Python 2.7 has been dropped by the Python extension so certain features may not work, upgrade to using Python 3.
2023-08-09 15:59:52.516 [info] > /usr/sbin/python2 ~/.vscode/extensions/ms-python.python-2023.14.0/pythonFiles/get_output_via_markers.py ~/.vscode/extensions/ms-python.python-2023.14.0/pythonFiles/interpreterInfo.py
2023-08-09 15:59:56.378 [info] Discover tests for workspace name: codes - uri: /home/stroky/.local/codes
2023-08-09 15:59:56.860 [info] Discover tests for workspace name: codes - uri: /home/stroky/.local/codes/.vscode/settings.json
