2023-08-09 16:16:00.652 [info] Log level: Info
2023-08-09 16:16:00.652 [info] Validating found git in: "git"
2023-08-09 16:16:00.652 [info] Using git "2.41.0" from "git"
2023-08-09 16:16:00.652 [info] > git rev-parse --show-toplevel [15ms]
2023-08-09 16:16:00.652 [info] fatal: not a git repository (or any of the parent directories): .git
2023-08-09 16:16:00.656 [info] > git rev-parse --show-toplevel [17ms]
2023-08-09 16:16:00.656 [info] fatal: not a git repository (or any of the parent directories): .git
2023-08-09 16:16:00.673 [info] > git rev-parse --show-toplevel [11ms]
2023-08-09 16:16:00.673 [info] fatal: not a git repository (or any of the parent directories): .git
2023-08-09 16:16:00.694 [info] > git rev-parse --show-toplevel [4ms]
2023-08-09 16:16:00.694 [info] fatal: not a git repository (or any of the parent directories): .git
2023-08-09 16:16:00.716 [info] > git rev-parse --show-toplevel [1ms]
2023-08-09 16:16:00.726 [info] > git rev-parse --git-dir --git-common-dir [2ms]
2023-08-09 16:16:00.734 [info] Open repository: /home/stroky/.local/codes/Programming
2023-08-09 16:16:00.758 [info] > git config --get commit.template [16ms]
2023-08-09 16:16:00.767 [info] No remotes found in the git config file.
2023-08-09 16:16:00.767 [info] > git rev-parse --show-toplevel [10ms]
2023-08-09 16:16:00.767 [info] fatal: not a git repository (or any of the parent directories): .git
2023-08-09 16:16:00.791 [info] > git for-each-ref --format=%(refname)%00%(upstream:short)%00%(objectname)%00%(upstream:track)%00%(upstream:remotename)%00%(upstream:remoteref) refs/heads/master refs/remotes/master [25ms]
2023-08-09 16:16:00.830 [info] > git status -z -uall [31ms]
2023-08-09 16:16:00.831 [info] > git rev-parse --show-toplevel [54ms]
2023-08-09 16:16:00.831 [info] fatal: not a git repository (or any of the parent directories): .git
2023-08-09 16:16:01.315 [info] > git config --get commit.template [351ms]
2023-08-09 16:16:01.315 [info] > git rev-parse --show-toplevel [361ms]
2023-08-09 16:16:01.315 [info] fatal: not a git repository (or any of the parent directories): .git
2023-08-09 16:16:01.370 [info] No remotes found in the git config file.
2023-08-09 16:16:01.376 [info] > git check-ignore -v -z --stdin [46ms]
2023-08-09 16:16:01.381 [info] > git for-each-ref --format=%(refname)%00%(upstream:short)%00%(objectname)%00%(upstream:track)%00%(upstream:remotename)%00%(upstream:remoteref) refs/heads/master refs/remotes/master [9ms]
2023-08-09 16:16:01.405 [info] > git rev-parse --show-toplevel [28ms]
2023-08-09 16:16:01.405 [info] fatal: not a git repository (or any of the parent directories): .git
2023-08-09 16:16:01.424 [info] > git rev-parse --show-toplevel [12ms]
2023-08-09 16:16:01.425 [info] fatal: not a git repository (or any of the parent directories): .git
2023-08-09 16:16:01.432 [info] > git rev-parse --show-toplevel [2ms]
2023-08-09 16:16:01.432 [info] fatal: not a git repository (or any of the parent directories): .git
2023-08-09 16:16:01.442 [info] > git rev-parse --show-toplevel [4ms]
2023-08-09 16:16:01.442 [info] fatal: not a git repository (or any of the parent directories): .git
2023-08-09 16:16:01.462 [info] > git status -z -uall [60ms]
2023-08-09 16:16:01.462 [info] > git rev-parse --show-toplevel [5ms]
2023-08-09 16:16:01.462 [info] fatal: not a git repository (or any of the parent directories): .git
2023-08-09 16:16:01.552 [info] > git rev-parse --show-toplevel [9ms]
2023-08-09 16:16:01.552 [info] fatal: not a git repository (or any of the parent directories): .git
2023-08-09 16:16:01.562 [info] > git rev-parse --show-toplevel [1ms]
2023-08-09 16:16:01.562 [info] fatal: not a git repository (or any of the parent directories): .git
2023-08-09 16:16:01.908 [info] > git rev-parse --show-toplevel [326ms]
2023-08-09 16:16:01.908 [info] fatal: not a git repository (or any of the parent directories): .git
2023-08-09 16:16:01.927 [info] > git rev-parse --show-toplevel [1ms]
2023-08-09 16:16:01.927 [info] fatal: not a git repository (or any of the parent directories): .git
2023-08-09 16:16:01.935 [info] > git rev-parse --show-toplevel [1ms]
2023-08-09 16:16:01.935 [info] fatal: not a git repository (or any of the parent directories): .git
2023-08-09 16:16:01.951 [info] > git rev-parse --show-toplevel [5ms]
2023-08-09 16:16:01.951 [info] fatal: not a git repository (or any of the parent directories): .git
2023-08-09 16:16:01.963 [info] > git rev-parse --show-toplevel [3ms]
2023-08-09 16:16:01.963 [info] fatal: not a git repository (or any of the parent directories): .git
2023-08-09 16:16:01.970 [info] > git rev-parse --show-toplevel [1ms]
2023-08-09 16:16:01.970 [info] fatal: not a git repository (or any of the parent directories): .git
2023-08-09 16:16:01.976 [info] > git rev-parse --show-toplevel [1ms]
2023-08-09 16:16:01.976 [info] fatal: not a git repository (or any of the parent directories): .git
2023-08-09 16:16:01.985 [info] > git rev-parse --show-toplevel [3ms]
2023-08-09 16:16:01.985 [info] fatal: not a git repository (or any of the parent directories): .git
2023-08-09 16:16:01.997 [info] > git rev-parse --show-toplevel [1ms]
2023-08-09 16:16:01.997 [info] fatal: not a git repository (or any of the parent directories): .git
2023-08-09 16:16:02.004 [info] > git rev-parse --show-toplevel [1ms]
2023-08-09 16:16:02.004 [info] fatal: not a git repository (or any of the parent directories): .git
2023-08-09 16:16:02.011 [info] > git rev-parse --show-toplevel [1ms]
2023-08-09 16:16:02.011 [info] fatal: not a git repository (or any of the parent directories): .git
2023-08-09 16:16:02.025 [info] > git rev-parse --show-toplevel [4ms]
2023-08-09 16:16:02.025 [info] fatal: not a git repository (or any of the parent directories): .git
2023-08-09 16:16:02.032 [info] > git rev-parse --show-toplevel [1ms]
2023-08-09 16:16:02.032 [info] fatal: not a git repository (or any of the parent directories): .git
2023-08-09 16:16:02.038 [info] > git rev-parse --show-toplevel [1ms]
2023-08-09 16:16:02.038 [info] fatal: not a git repository (or any of the parent directories): .git
2023-08-09 16:16:02.045 [info] > git rev-parse --show-toplevel [0ms]
2023-08-09 16:16:02.045 [info] fatal: not a git repository (or any of the parent directories): .git
