[Info  - 7:39:52 PM] 2023/08/14 19:39:52 go info for /home/stroky/.local/codes
(go dir /home/stroky/.local/codes)
(go version go version go1.21.0 linux/amd64)
(valid build configuration = false)
(build flags: [])
(selected go env: [GO111MODULE=, GOCACHE=/home/stroky/.cache/go-build, GOFLAGS=, GOMODCACHE=/home/stroky/go/pkg/mod, GOPATH=/home/stroky/go, GOPRIVATE=, GOROOT=/usr/lib/go, GOWORK=])


[Info  - 7:39:52 PM] 2023/08/14 19:39:52 go/packages.Load #1
	snapshot=0
	directory=file:///home/stroky/.local/codes
	query=[./ builtin]
	packages=2

[Info  - 7:39:52 PM] 2023/08/14 19:39:52 go/packages.Load #1: updating metadata for 0 packages

[Info  - 7:39:53 PM] 2023/08/14 19:39:53 reloadOrphanedFiles reloading
	files=[file:///home/stroky/.local/codes/golangg/hello.go]

[Info  - 7:39:53 PM] 2023/08/14 19:39:53 reloadOrphanedFiles reloading
	files=[file:///home/stroky/.local/codes/golangg/hello.go]

[Info  - 7:39:53 PM] 2023/08/14 19:39:53 go/packages.Load #3
	snapshot=1
	directory=file:///home/stroky/.local/codes
	query=[file=/home/stroky/.local/codes/golangg/hello.go]
	packages=1

[Info  - 7:39:53 PM] 2023/08/14 19:39:53 go/packages.Load #3
	snapshot=1
	directory=file:///home/stroky/.local/codes
	package="command-line-arguments"
	files=[/home/stroky/.local/codes/golangg/hello.go]

[Info  - 7:39:53 PM] 2023/08/14 19:39:53 go/packages.Load #3: updating metadata for 43 packages

[Info  - 7:39:53 PM] 2023/08/14 19:39:53 go/packages.Load #2
	snapshot=1
	directory=file:///home/stroky/.local/codes
	query=[file=/home/stroky/.local/codes/golangg/hello.go]
	packages=1

[Info  - 7:39:53 PM] 2023/08/14 19:39:53 go/packages.Load #2: updating metadata for 0 packages

[Info  - 7:39:53 PM] 2023/08/14 19:39:53 go/packages.Load #2
	snapshot=1
	directory=file:///home/stroky/.local/codes
	package="command-line-arguments"
	files=[/home/stroky/.local/codes/golangg/hello.go]

[Error - 7:39:53 PM] 2023/08/14 19:39:53 errors loading workspace: gopls was not able to find modules in your workspace.
When outside of GOPATH, gopls needs to know which modules you are working on.
You can fix this by opening your workspace to a folder inside a Go module, or
by using a go.work file to specify multiple modules.
See the documentation for more information on setting up your workspace:
https://github.com/golang/tools/blob/master/gopls/doc/workspace.md.
	snapshot=1
	directory=file:///home/stroky/.local/codes

[Error - 7:39:54 PM] 2023/08/14 19:39:54 errors loading workspace: gopls was not able to find modules in your workspace.
When outside of GOPATH, gopls needs to know which modules you are working on.
You can fix this by opening your workspace to a folder inside a Go module, or
by using a go.work file to specify multiple modules.
See the documentation for more information on setting up your workspace:
https://github.com/golang/tools/blob/master/gopls/doc/workspace.md.
	snapshot=1
	directory=file:///home/stroky/.local/codes

[Error - 7:40:00 PM] 2023/08/14 19:40:00 errors loading workspace: gopls was not able to find modules in your workspace.
When outside of GOPATH, gopls needs to know which modules you are working on.
You can fix this by opening your workspace to a folder inside a Go module, or
by using a go.work file to specify multiple modules.
See the documentation for more information on setting up your workspace:
https://github.com/golang/tools/blob/master/gopls/doc/workspace.md.
	snapshot=2
	directory=file:///home/stroky/.local/codes

[Info  - 7:40:01 PM] 2023/08/14 19:40:01 reloadOrphanedFiles reloading
	files=[file:///home/stroky/.local/codes/golangg/hello.go]

[Info  - 7:40:01 PM] 2023/08/14 19:40:01 go/packages.Load #4
	snapshot=3
	directory=file:///home/stroky/.local/codes
	query=[file=/home/stroky/.local/codes/golangg/hello.go]
	packages=1

[Info  - 7:40:01 PM] 2023/08/14 19:40:01 go/packages.Load #4
	snapshot=3
	directory=file:///home/stroky/.local/codes
	package="command-line-arguments"
	files=[/home/stroky/.local/codes/golangg/hello.go]

[Info  - 7:40:01 PM] 2023/08/14 19:40:01 go/packages.Load #4: updating metadata for 1 packages

[Error - 7:40:02 PM] 2023/08/14 19:40:02 errors loading workspace: gopls was not able to find modules in your workspace.
When outside of GOPATH, gopls needs to know which modules you are working on.
You can fix this by opening your workspace to a folder inside a Go module, or
by using a go.work file to specify multiple modules.
See the documentation for more information on setting up your workspace:
https://github.com/golang/tools/blob/master/gopls/doc/workspace.md.
	snapshot=3
	directory=file:///home/stroky/.local/codes

[Error - 7:40:02 PM] 2023/08/14 19:40:02 imports fixes: AllImportsFixes: /home/stroky/.local/codes/golangg/hello.go:4:1: expected declaration, found u
	file="/home/stroky/.local/codes/golangg/hello.go"

[Error - 7:40:02 PM] 2023/08/14 19:40:02 imports fixes: AllImportsFixes: /home/stroky/.local/codes/golangg/hello.go:4:1: expected declaration, found uu
	file="/home/stroky/.local/codes/golangg/hello.go"

[Info  - 7:40:04 PM] 2023/08/14 19:40:04 reloadOrphanedFiles reloading
	files=[file:///home/stroky/.local/codes/golangg/hello.go]

[Info  - 7:40:04 PM] 2023/08/14 19:40:04 go/packages.Load #5
	snapshot=9
	directory=file:///home/stroky/.local/codes
	query=[file=/home/stroky/.local/codes/golangg/hello.go]
	packages=1

[Info  - 7:40:04 PM] 2023/08/14 19:40:04 go/packages.Load #5
	snapshot=9
	directory=file:///home/stroky/.local/codes
	package="command-line-arguments"
	files=[/home/stroky/.local/codes/golangg/hello.go]

[Info  - 7:40:04 PM] 2023/08/14 19:40:04 go/packages.Load #5: updating metadata for 1 packages

[Error - 7:40:05 PM] 2023/08/14 19:40:05 errors loading workspace: gopls was not able to find modules in your workspace.
When outside of GOPATH, gopls needs to know which modules you are working on.
You can fix this by opening your workspace to a folder inside a Go module, or
by using a go.work file to specify multiple modules.
See the documentation for more information on setting up your workspace:
https://github.com/golang/tools/blob/master/gopls/doc/workspace.md.
	snapshot=10
	directory=file:///home/stroky/.local/codes

[Info  - 7:40:29 PM] 2023/08/14 19:40:29 background imports cache refresh starting

[Info  - 7:40:29 PM] 2023/08/14 19:40:29 background refresh finished after 351.462µs

[Info  - 7:41:18 PM] 2023/08/14 19:41:18 Shutdown session
	shutdown_session=1

