2023-08-14 19:32:51.103 [info] Log level: Info
2023-08-14 19:32:51.103 [info] Validating found git in: "git"
2023-08-14 19:32:51.103 [info] Using git "2.41.0" from "git"
2023-08-14 19:32:51.103 [info] > git rev-parse --show-toplevel [22ms]
2023-08-14 19:32:51.103 [info] fatal: not a git repository (or any of the parent directories): .git
2023-08-14 19:32:51.103 [info] > git rev-parse --show-toplevel [7ms]
2023-08-14 19:32:51.103 [info] fatal: not a git repository (or any of the parent directories): .git
2023-08-14 19:32:51.104 [info] > git rev-parse --show-toplevel [2ms]
2023-08-14 19:32:51.104 [info] fatal: not a git repository (or any of the parent directories): .git
2023-08-14 19:32:51.111 [info] > git rev-parse --show-toplevel [2ms]
2023-08-14 19:32:51.112 [info] fatal: not a git repository (or any of the parent directories): .git
2023-08-14 19:32:51.291 [info] > git rev-parse --show-toplevel [168ms]
2023-08-14 19:32:51.330 [info] > git rev-parse --git-dir --git-common-dir [4ms]
2023-08-14 19:32:51.380 [info] Open repository: /home/stroky/.local/codes/Programming
2023-08-14 19:32:51.425 [info] No remotes found in the git config file.
2023-08-14 19:32:51.425 [info] > git rev-parse --show-toplevel [12ms]
2023-08-14 19:32:51.425 [info] fatal: not a git repository (or any of the parent directories): .git
2023-08-14 19:32:51.434 [info] > git rev-parse --show-toplevel [1ms]
2023-08-14 19:32:51.434 [info] fatal: not a git repository (or any of the parent directories): .git
2023-08-14 19:32:51.447 [info] > git config --get commit.template [45ms]
2023-08-14 19:32:51.462 [info] > git for-each-ref --format=%(refname)%00%(upstream:short)%00%(objectname)%00%(upstream:track)%00%(upstream:remotename)%00%(upstream:remoteref) refs/heads/master refs/remotes/master [38ms]
2023-08-14 19:32:51.498 [info] > git rev-parse --show-toplevel [53ms]
2023-08-14 19:32:51.498 [info] fatal: not a git repository (or any of the parent directories): .git
2023-08-14 19:32:51.507 [info] > git rev-parse --show-toplevel [5ms]
2023-08-14 19:32:51.507 [info] fatal: not a git repository (or any of the parent directories): .git
2023-08-14 19:32:51.678 [info] > git rev-parse --show-toplevel [162ms]
2023-08-14 19:32:51.678 [info] fatal: not a git repository (or any of the parent directories): .git
2023-08-14 19:32:51.698 [info] > git rev-parse --show-toplevel [13ms]
2023-08-14 19:32:51.698 [info] fatal: not a git repository (or any of the parent directories): .git
2023-08-14 19:32:51.710 [info] > git rev-parse --show-toplevel [1ms]
2023-08-14 19:32:51.710 [info] fatal: not a git repository (or any of the parent directories): .git
2023-08-14 19:32:51.717 [info] > git rev-parse --show-toplevel [1ms]
2023-08-14 19:32:51.717 [info] fatal: not a git repository (or any of the parent directories): .git
2023-08-14 19:32:51.761 [info] > git rev-parse --show-toplevel [32ms]
2023-08-14 19:32:51.761 [info] fatal: not a git repository (or any of the parent directories): .git
2023-08-14 19:32:51.781 [info] > git rev-parse --show-toplevel [15ms]
2023-08-14 19:32:51.781 [info] fatal: not a git repository (or any of the parent directories): .git
2023-08-14 19:32:51.843 [info] > git rev-parse --show-toplevel [57ms]
2023-08-14 19:32:51.843 [info] fatal: not a git repository (or any of the parent directories): .git
2023-08-14 19:32:51.868 [info] > git rev-parse --show-toplevel [21ms]
2023-08-14 19:32:51.868 [info] fatal: not a git repository (or any of the parent directories): .git
2023-08-14 19:32:51.878 [info] > git rev-parse --show-toplevel [1ms]
2023-08-14 19:32:51.878 [info] fatal: not a git repository (or any of the parent directories): .git
2023-08-14 19:32:51.892 [info] > git rev-parse --show-toplevel [8ms]
2023-08-14 19:32:51.892 [info] fatal: not a git repository (or any of the parent directories): .git
2023-08-14 19:32:51.911 [info] > git rev-parse --show-toplevel [14ms]
2023-08-14 19:32:51.911 [info] fatal: not a git repository (or any of the parent directories): .git
2023-08-14 19:32:51.956 [info] > git rev-parse --show-toplevel [40ms]
2023-08-14 19:32:51.956 [info] fatal: not a git repository (or any of the parent directories): .git
2023-08-14 19:32:51.982 [info] > git rev-parse --show-toplevel [19ms]
2023-08-14 19:32:51.982 [info] fatal: not a git repository (or any of the parent directories): .git
2023-08-14 19:32:51.990 [info] > git rev-parse --show-toplevel [3ms]
2023-08-14 19:32:51.991 [info] fatal: not a git repository (or any of the parent directories): .git
2023-08-14 19:32:52.008 [info] > git rev-parse --show-toplevel [5ms]
2023-08-14 19:32:52.008 [info] fatal: not a git repository (or any of the parent directories): .git
2023-08-14 19:32:52.037 [info] > git check-ignore -v -z --stdin [39ms]
2023-08-14 19:32:57.262 [info] > git status -z -uall [5793ms]
2023-08-14 19:32:58.549 [info] > git config --get commit.template [8ms]
2023-08-14 19:32:58.555 [info] No remotes found in the git config file.
2023-08-14 19:32:58.557 [info] > git for-each-ref --format=%(refname)%00%(upstream:short)%00%(objectname)%00%(upstream:track)%00%(upstream:remotename)%00%(upstream:remoteref) refs/heads/master refs/remotes/master [2ms]
2023-08-14 19:32:58.844 [info] > git status -z -uall [278ms]
2023-08-14 19:33:46.004 [info] > git rev-parse --show-toplevel [29ms]
2023-08-14 19:33:46.004 [info] fatal: not a git repository (or any of the parent directories): .git
2023-08-14 19:34:28.790 [info] > git rev-parse --show-toplevel [2ms]
2023-08-14 19:34:28.790 [info] fatal: not a git repository (or any of the parent directories): .git
