2023-08-14 19:55:30.491 [info] Log level: Info
2023-08-14 19:55:30.491 [info] Validating found git in: "git"
2023-08-14 19:55:30.491 [info] Using git "2.41.0" from "git"
2023-08-14 19:55:30.491 [info] > git rev-parse --show-toplevel [1ms]
2023-08-14 19:55:30.491 [info] fatal: not a git repository (or any of the parent directories): .git
2023-08-14 19:55:30.491 [info] > git rev-parse --show-toplevel [2ms]
2023-08-14 19:55:30.491 [info] fatal: not a git repository (or any of the parent directories): .git
2023-08-14 19:55:30.492 [info] > git rev-parse --show-toplevel [2ms]
2023-08-14 19:55:30.492 [info] fatal: not a git repository (or any of the parent directories): .git
2023-08-14 19:55:30.497 [info] > git rev-parse --show-toplevel [0ms]
2023-08-14 19:55:30.497 [info] fatal: not a git repository (or any of the parent directories): .git
2023-08-14 19:55:30.507 [info] > git rev-parse --show-toplevel [0ms]
2023-08-14 19:55:30.507 [info] fatal: not a git repository (or any of the parent directories): .git
2023-08-14 19:55:30.511 [info] > git rev-parse --show-toplevel [1ms]
2023-08-14 19:55:30.511 [info] fatal: not a git repository (or any of the parent directories): .git
2023-08-14 19:55:30.521 [info] > git rev-parse --show-toplevel [3ms]
2023-08-14 19:55:30.521 [info] fatal: not a git repository (or any of the parent directories): .git
2023-08-14 19:55:30.526 [info] > git rev-parse --show-toplevel [1ms]
2023-08-14 19:55:30.526 [info] fatal: not a git repository (or any of the parent directories): .git
2023-08-14 19:55:30.531 [info] > git rev-parse --show-toplevel [1ms]
2023-08-14 19:55:30.531 [info] fatal: not a git repository (or any of the parent directories): .git
2023-08-14 19:55:30.888 [info] > git rev-parse --show-toplevel [348ms]
2023-08-14 19:55:30.888 [info] fatal: not a git repository (or any of the parent directories): .git
2023-08-14 19:55:30.922 [info] > git rev-parse --show-toplevel [29ms]
2023-08-14 19:55:30.922 [info] fatal: not a git repository (or any of the parent directories): .git
2023-08-14 19:55:30.955 [info] > git rev-parse --show-toplevel [28ms]
2023-08-14 19:55:30.955 [info] fatal: not a git repository (or any of the parent directories): .git
2023-08-14 19:55:31.006 [info] > git rev-parse --show-toplevel [46ms]
2023-08-14 19:55:31.006 [info] fatal: not a git repository (or any of the parent directories): .git
2023-08-14 19:55:31.011 [info] > git rev-parse --show-toplevel [0ms]
2023-08-14 19:55:31.011 [info] fatal: not a git repository (or any of the parent directories): .git
2023-08-14 19:55:31.038 [info] > git rev-parse --show-toplevel [24ms]
2023-08-14 19:55:31.038 [info] fatal: not a git repository (or any of the parent directories): .git
2023-08-14 19:55:31.044 [info] > git rev-parse --show-toplevel [1ms]
2023-08-14 19:55:31.044 [info] fatal: not a git repository (or any of the parent directories): .git
2023-08-14 19:55:31.048 [info] > git rev-parse --show-toplevel [1ms]
2023-08-14 19:55:31.048 [info] fatal: not a git repository (or any of the parent directories): .git
2023-08-14 19:55:31.107 [info] > git rev-parse --show-toplevel [49ms]
2023-08-14 19:55:31.107 [info] fatal: not a git repository (or any of the parent directories): .git
2023-08-14 19:55:31.138 [info] > git rev-parse --show-toplevel [26ms]
2023-08-14 19:55:31.138 [info] fatal: not a git repository (or any of the parent directories): .git
2023-08-14 19:55:31.199 [info] > git rev-parse --show-toplevel [55ms]
2023-08-14 19:55:31.199 [info] fatal: not a git repository (or any of the parent directories): .git
2023-08-14 19:55:31.233 [info] > git rev-parse --show-toplevel [26ms]
2023-08-14 19:55:31.233 [info] fatal: not a git repository (or any of the parent directories): .git
2023-08-14 19:55:31.248 [info] > git rev-parse --show-toplevel [6ms]
2023-08-14 19:55:31.248 [info] fatal: not a git repository (or any of the parent directories): .git
2023-08-14 19:55:31.277 [info] > git rev-parse --show-toplevel [20ms]
2023-08-14 19:55:31.278 [info] fatal: not a git repository (or any of the parent directories): .git
2023-08-14 19:55:31.324 [info] > git rev-parse --show-toplevel [42ms]
2023-08-14 19:55:31.324 [info] fatal: not a git repository (or any of the parent directories): .git
2023-08-14 19:55:31.330 [info] > git rev-parse --show-toplevel [1ms]
2023-08-14 19:55:31.330 [info] fatal: not a git repository (or any of the parent directories): .git
2023-08-14 19:55:31.362 [info] > git rev-parse --show-toplevel [28ms]
2023-08-14 19:55:31.362 [info] fatal: not a git repository (or any of the parent directories): .git
2023-08-14 19:55:31.389 [info] > git rev-parse --show-toplevel [22ms]
2023-08-14 19:55:31.389 [info] fatal: not a git repository (or any of the parent directories): .git
2023-08-14 19:55:31.407 [info] > git rev-parse --show-toplevel [13ms]
2023-08-14 19:55:31.407 [info] fatal: not a git repository (or any of the parent directories): .git
2023-08-14 19:55:31.428 [info] > git rev-parse --show-toplevel [17ms]
2023-08-14 19:55:31.428 [info] fatal: not a git repository (or any of the parent directories): .git
2023-08-14 19:55:31.433 [info] > git rev-parse --show-toplevel [1ms]
2023-08-14 19:55:31.433 [info] fatal: not a git repository (or any of the parent directories): .git
2023-08-14 19:55:31.449 [info] > git rev-parse --show-toplevel [7ms]
2023-08-14 19:55:31.449 [info] fatal: not a git repository (or any of the parent directories): .git
2023-08-14 19:55:31.474 [info] > git rev-parse --show-toplevel [20ms]
2023-08-14 19:55:31.474 [info] fatal: not a git repository (or any of the parent directories): .git
2023-08-14 19:55:31.512 [info] > git rev-parse --show-toplevel [34ms]
2023-08-14 19:55:31.512 [info] fatal: not a git repository (or any of the parent directories): .git
2023-08-14 19:55:31.548 [info] > git rev-parse --show-toplevel [32ms]
2023-08-14 19:55:31.548 [info] fatal: not a git repository (or any of the parent directories): .git
2023-08-14 19:55:31.553 [info] > git rev-parse --show-toplevel [1ms]
2023-08-14 19:55:31.553 [info] fatal: not a git repository (or any of the parent directories): .git
2023-08-14 19:55:31.574 [info] > git rev-parse --show-toplevel [12ms]
2023-08-14 19:55:31.574 [info] fatal: not a git repository (or any of the parent directories): .git
2023-08-14 19:55:31.596 [info] > git rev-parse --show-toplevel [17ms]
2023-08-14 19:55:31.596 [info] fatal: not a git repository (or any of the parent directories): .git
2023-08-14 19:55:31.601 [info] > git rev-parse --show-toplevel [1ms]
2023-08-14 19:55:31.601 [info] fatal: not a git repository (or any of the parent directories): .git
2023-08-14 19:55:31.624 [info] > git rev-parse --show-toplevel [14ms]
2023-08-14 19:55:31.624 [info] fatal: not a git repository (or any of the parent directories): .git
2023-08-14 19:55:31.630 [info] > git rev-parse --show-toplevel [1ms]
2023-08-14 19:55:31.630 [info] fatal: not a git repository (or any of the parent directories): .git
2023-08-14 19:55:31.675 [info] > git rev-parse --show-toplevel [40ms]
2023-08-14 19:55:31.675 [info] fatal: not a git repository (or any of the parent directories): .git
2023-08-14 19:55:31.708 [info] > git rev-parse --show-toplevel [29ms]
2023-08-14 19:55:31.708 [info] fatal: not a git repository (or any of the parent directories): .git
2023-08-14 19:55:31.713 [info] > git rev-parse --show-toplevel [1ms]
2023-08-14 19:55:31.713 [info] fatal: not a git repository (or any of the parent directories): .git
2023-08-14 19:55:31.734 [info] > git rev-parse --show-toplevel [17ms]
2023-08-14 19:55:31.734 [info] fatal: not a git repository (or any of the parent directories): .git
2023-08-14 19:55:31.758 [info] > git rev-parse --show-toplevel [15ms]
2023-08-14 19:55:31.758 [info] fatal: not a git repository (or any of the parent directories): .git
2023-08-14 19:55:31.790 [info] > git rev-parse --show-toplevel [27ms]
2023-08-14 19:55:31.790 [info] fatal: not a git repository (or any of the parent directories): .git
2023-08-14 19:55:31.842 [info] > git rev-parse --show-toplevel [47ms]
2023-08-14 19:55:31.842 [info] fatal: not a git repository (or any of the parent directories): .git
2023-08-14 19:55:31.847 [info] > git rev-parse --show-toplevel [1ms]
2023-08-14 19:55:31.847 [info] fatal: not a git repository (or any of the parent directories): .git
2023-08-14 19:55:31.857 [info] > git rev-parse --show-toplevel [5ms]
2023-08-14 19:55:31.857 [info] fatal: not a git repository (or any of the parent directories): .git
2023-08-14 19:55:31.864 [info] > git rev-parse --show-toplevel [2ms]
2023-08-14 19:55:31.864 [info] fatal: not a git repository (or any of the parent directories): .git
2023-08-14 19:55:31.884 [info] > git rev-parse --show-toplevel [16ms]
2023-08-14 19:55:31.884 [info] fatal: not a git repository (or any of the parent directories): .git
2023-08-14 19:55:31.899 [info] > git rev-parse --show-toplevel [6ms]
2023-08-14 19:55:31.899 [info] fatal: not a git repository (or any of the parent directories): .git
2023-08-14 19:55:31.973 [info] > git rev-parse --show-toplevel [70ms]
2023-08-14 19:55:31.978 [info] > git rev-parse --git-dir --git-common-dir [1ms]
2023-08-14 19:55:31.991 [info] Open repository: /home/stroky/.nvm
2023-08-14 19:55:32.011 [info] > git config --get commit.template [13ms]
2023-08-14 19:55:32.020 [info] > git rev-parse --show-toplevel [13ms]
2023-08-14 19:55:32.020 [info] fatal: not a git repository (or any of the parent directories): .git
2023-08-14 19:55:32.041 [info] > git rev-parse --show-toplevel [12ms]
2023-08-14 19:55:32.042 [info] fatal: not a git repository (or any of the parent directories): .git
2023-08-14 19:55:32.050 [info] > git rev-parse --show-toplevel [3ms]
2023-08-14 19:55:32.060 [info] > git rev-parse --git-dir --git-common-dir [2ms]
2023-08-14 19:55:32.063 [info] Open repository: /home/stroky/.oh-my-zsh
2023-08-14 19:55:32.081 [info] > git config --get commit.template [12ms]
2023-08-14 19:55:32.228 [info] > git for-each-ref --format %(refname) %(objectname) %(*objectname) refs/tags [213ms]
2023-08-14 19:55:32.319 [info] > git rev-parse --show-toplevel [238ms]
2023-08-14 19:55:32.330 [info] > git rev-parse --git-dir --git-common-dir [1ms]
2023-08-14 19:55:32.334 [info] Open repository: /home/stroky/.password-store
2023-08-14 19:55:32.346 [info] > git config --get commit.template [2ms]
2023-08-14 19:55:32.347 [info] No remotes found in the git config file.
2023-08-14 19:55:32.361 [info] > git rev-parse --show-toplevel [9ms]
2023-08-14 19:55:32.361 [info] fatal: not a git repository (or any of the parent directories): .git
2023-08-14 19:55:32.367 [info] > git rev-parse --show-toplevel [1ms]
2023-08-14 19:55:32.367 [info] fatal: not a git repository (or any of the parent directories): .git
2023-08-14 19:55:32.376 [info] > git rev-parse --show-toplevel [4ms]
2023-08-14 19:55:32.376 [info] fatal: not a git repository (or any of the parent directories): .git
2023-08-14 19:55:32.475 [info] > git rev-parse --show-toplevel [93ms]
2023-08-14 19:55:32.475 [info] fatal: not a git repository (or any of the parent directories): .git
2023-08-14 19:55:32.520 [info] > git rev-parse --show-toplevel [40ms]
2023-08-14 19:55:32.520 [info] fatal: not a git repository (or any of the parent directories): .git
2023-08-14 19:55:32.630 [info] > git rev-parse --show-toplevel [101ms]
2023-08-14 19:55:32.630 [info] fatal: not a git repository (or any of the parent directories): .git
2023-08-14 19:55:32.635 [info] > git rev-parse --show-toplevel [1ms]
2023-08-14 19:55:32.635 [info] fatal: not a git repository (or any of the parent directories): .git
2023-08-14 19:55:32.666 [info] > git rev-parse --show-toplevel [22ms]
2023-08-14 19:55:32.666 [info] fatal: not a git repository (or any of the parent directories): .git
2023-08-14 19:55:32.671 [info] > git rev-parse --show-toplevel [1ms]
2023-08-14 19:55:32.671 [info] fatal: not a git repository (or any of the parent directories): .git
2023-08-14 19:55:32.695 [info] > git rev-parse --show-toplevel [15ms]
2023-08-14 19:55:32.695 [info] fatal: not a git repository (or any of the parent directories): .git
2023-08-14 19:55:32.704 [info] > git for-each-ref --format=%(refname)%00%(upstream:short)%00%(objectname)%00%(upstream:track)%00%(upstream:remotename)%00%(upstream:remoteref) refs/heads/master refs/remotes/master [344ms]
2023-08-14 19:55:32.721 [info] > git rev-parse --show-toplevel [22ms]
2023-08-14 19:55:32.721 [info] fatal: not a git repository (or any of the parent directories): .git
2023-08-14 19:55:32.747 [info] > git rev-parse --show-toplevel [16ms]
2023-08-14 19:55:32.747 [info] fatal: not a git repository (or any of the parent directories): .git
2023-08-14 19:55:32.752 [info] > git rev-parse --show-toplevel [1ms]
2023-08-14 19:55:32.752 [info] fatal: not a git repository (or any of the parent directories): .git
2023-08-14 19:55:32.812 [info] > git rev-parse --show-toplevel [56ms]
2023-08-14 19:55:32.812 [info] fatal: not a git repository (or any of the parent directories): .git
2023-08-14 19:55:32.831 [info] > git rev-parse --show-toplevel [13ms]
2023-08-14 19:55:32.831 [info] fatal: not a git repository (or any of the parent directories): .git
2023-08-14 19:55:32.836 [info] > git rev-parse --show-toplevel [1ms]
2023-08-14 19:55:32.836 [info] fatal: not a git repository (or any of the parent directories): .git
2023-08-14 19:55:32.863 [info] > git rev-parse --show-toplevel [18ms]
2023-08-14 19:55:32.863 [info] fatal: not a git repository (or any of the parent directories): .git
2023-08-14 19:55:32.921 [info] > git rev-parse --show-toplevel [54ms]
2023-08-14 19:55:32.922 [info] fatal: not a git repository (or any of the parent directories): .git
2023-08-14 19:55:32.931 [info] > git rev-parse --show-toplevel [0ms]
2023-08-14 19:55:32.931 [info] fatal: not a git repository (or any of the parent directories): .git
2023-08-14 19:55:32.962 [info] > git rev-parse --show-toplevel [27ms]
2023-08-14 19:55:32.962 [info] fatal: not a git repository (or any of the parent directories): .git
2023-08-14 19:55:32.972 [info] > git rev-parse --show-toplevel [6ms]
2023-08-14 19:55:32.972 [info] fatal: not a git repository (or any of the parent directories): .git
2023-08-14 19:55:32.998 [info] > git rev-parse --show-toplevel [17ms]
2023-08-14 19:55:32.998 [info] fatal: not a git repository (or any of the parent directories): .git
2023-08-14 19:55:33.013 [info] > git for-each-ref --format=%(refname)%00%(upstream:short)%00%(objectname)%00%(upstream:track)%00%(upstream:remotename)%00%(upstream:remoteref) refs/heads/master refs/remotes/master [927ms]
2023-08-14 19:55:33.029 [info] > git rev-parse --show-toplevel [26ms]
2023-08-14 19:55:33.029 [info] fatal: not a git repository (or any of the parent directories): .git
2023-08-14 19:55:33.034 [info] > git rev-parse --show-toplevel [0ms]
2023-08-14 19:55:33.034 [info] fatal: not a git repository (or any of the parent directories): .git
2023-08-14 19:55:33.039 [info] > git rev-parse --show-toplevel [1ms]
2023-08-14 19:55:33.039 [info] fatal: not a git repository (or any of the parent directories): .git
2023-08-14 19:55:33.049 [info] > git rev-parse --show-toplevel [0ms]
2023-08-14 19:55:33.049 [info] fatal: not a git repository (or any of the parent directories): .git
2023-08-14 19:55:33.054 [info] > git rev-parse --show-toplevel [0ms]
2023-08-14 19:55:33.054 [info] fatal: not a git repository (or any of the parent directories): .git
2023-08-14 19:55:33.065 [info] > git rev-parse --show-toplevel [1ms]
2023-08-14 19:55:33.065 [info] fatal: not a git repository (or any of the parent directories): .git
2023-08-14 19:55:33.069 [info] > git rev-parse --show-toplevel [0ms]
2023-08-14 19:55:33.069 [info] fatal: not a git repository (or any of the parent directories): .git
2023-08-14 19:55:33.079 [info] > git rev-parse --show-toplevel [4ms]
2023-08-14 19:55:33.079 [info] fatal: not a git repository (or any of the parent directories): .git
2023-08-14 19:55:33.085 [info] > git rev-parse --show-toplevel [1ms]
2023-08-14 19:55:33.085 [info] fatal: not a git repository (or any of the parent directories): .git
2023-08-14 19:55:33.280 [info] > git status -z -uall [567ms]
2023-08-14 19:55:33.290 [info] > git config --get commit.template [3ms]
2023-08-14 19:55:33.299 [info] No remotes found in the git config file.
2023-08-14 19:55:33.301 [info] > git for-each-ref --format=%(refname)%00%(upstream:short)%00%(objectname)%00%(upstream:track)%00%(upstream:remotename)%00%(upstream:remoteref) refs/heads/master refs/remotes/master [2ms]
2023-08-14 19:55:33.306 [info] > git status -z -uall [1ms]
2023-08-14 19:55:33.510 [info] > git rev-parse --show-toplevel [420ms]
2023-08-14 19:55:33.519 [info] > git rev-parse --git-dir --git-common-dir [1ms]
2023-08-14 19:55:33.522 [info] Open repository: /home/stroky/openssl
2023-08-14 19:55:33.542 [info] > git config --get commit.template [10ms]
2023-08-14 19:55:33.542 [info] > git rev-parse --show-toplevel [1ms]
2023-08-14 19:55:33.542 [info] fatal: not a git repository (or any of the parent directories): .git
2023-08-14 19:55:33.552 [info] > git rev-parse --show-toplevel [1ms]
2023-08-14 19:55:33.552 [info] fatal: not a git repository (or any of the parent directories): .git
2023-08-14 19:55:33.557 [info] > git rev-parse --show-toplevel [1ms]
2023-08-14 19:55:33.557 [info] fatal: not a git repository (or any of the parent directories): .git
2023-08-14 19:55:33.567 [info] > git rev-parse --show-toplevel [1ms]
2023-08-14 19:55:33.567 [info] fatal: not a git repository (or any of the parent directories): .git
2023-08-14 19:55:33.572 [info] > git rev-parse --show-toplevel [1ms]
2023-08-14 19:55:33.572 [info] fatal: not a git repository (or any of the parent directories): .git
2023-08-14 19:55:33.954 [info] > git for-each-ref --format=%(refname)%00%(upstream:short)%00%(objectname)%00%(upstream:track)%00%(upstream:remotename)%00%(upstream:remoteref) refs/heads/master refs/remotes/master [417ms]
