2023-08-14 19:32:49.243 [info] Extension host with pid 18299 started
2023-08-14 19:32:49.244 [info] Skipping acquiring lock for /home/stroky/.config/Code/User/workspaceStorage/75fb2fabfa73b29d2f2ec9953e6b1c57.
2023-08-14 19:32:49.287 [info] ExtensionService#_doActivateExtension vscode.emmet, startup: false, activationEvent: 'onLanguage'
2023-08-14 19:32:49.397 [info] ExtensionService#_doActivateExtension redhat.vscode-yaml, startup: false, activationEvent: 'onLanguage:yaml'
2023-08-14 19:32:49.877 [info] ExtensionService#_doActivateExtension vscode.github-authentication, startup: false, activationEvent: 'onAuthenticationRequest:github'
2023-08-14 19:32:50.001 [info] ExtensionService#_doActivateExtension vscode.git-base, startup: true, activationEvent: '*', root cause: vscode.git
2023-08-14 19:32:50.003 [info] ExtensionService#_doActivateExtension dlasagno.wal-theme, startup: true, activationEvent: '*'
2023-08-14 19:32:50.569 [info] ExtensionService#_doActivateExtension vscode.microsoft-authentication, startup: false, activationEvent: 'onAuthenticationRequest:microsoft'
2023-08-14 19:32:50.678 [info] ExtensionService#_doActivateExtension vscode.git, startup: true, activationEvent: '*'
2023-08-14 19:32:50.792 [info] ExtensionService#_doActivateExtension vscode.github, startup: true, activationEvent: '*'
2023-08-14 19:32:50.958 [warning] [redhat.vscode-yaml] Accessing a resource scoped configuration without providing a resource is not expected. To get the effective value for '[yaml]', provide the URI of a resource or 'null' for any resource.
2023-08-14 19:32:51.018 [warning] [redhat.vscode-yaml] Accessing a resource scoped configuration without providing a resource is not expected. To get the effective value for '[yaml]', provide the URI of a resource or 'null' for any resource.
2023-08-14 19:32:56.994 [info] Not activating extension 'golang.go': Timed out while searching for 'workspaceContains' pattern *.go,*/*.go,*/*/*.go
2023-08-14 19:32:56.997 [info] Eager extensions activated
2023-08-14 19:32:57.000 [info] ExtensionService#_doActivateExtension vscode.debug-auto-launch, startup: false, activationEvent: 'onStartupFinished'
2023-08-14 19:32:57.135 [info] ExtensionService#_doActivateExtension vscode.merge-conflict, startup: false, activationEvent: 'onStartupFinished'
2023-08-14 19:32:57.264 [info] ExtensionService#_doActivateExtension formulahendry.code-runner, startup: false, activationEvent: 'onStartupFinished'
2023-08-14 19:32:58.493 [warning] [Decorations] CAPPING events from decorations provider vscode.git 2961
2023-08-14 19:32:58.872 [warning] [Decorations] CAPPING events from decorations provider vscode.git 2961
2023-08-14 19:33:45.758 [info] ExtensionService#_doActivateExtension golang.go, startup: false, activationEvent: 'onLanguage:go'
2023-08-14 19:39:13.526 [info] ExtensionService#_doActivateExtension vscode.npm, startup: false, activationEvent: 'onTerminalQuickFixRequest:ms-vscode.npm-command'
2023-08-14 19:39:46.475 [info] Extension host terminating: renderer closed the MessagePort
2023-08-14 19:39:46.490 [error] Canceled: Canceled
	at new h (/opt/visual-studio-code/resources/app/out/vs/workbench/api/node/extensionHostProcess.js:102:56634)
	at t.O (/opt/visual-studio-code/resources/app/out/vs/workbench/api/node/extensionHostProcess.js:114:8020)
	at N.<computed>.T.charCodeAt.N.<computed> (/opt/visual-studio-code/resources/app/out/vs/workbench/api/node/extensionHostProcess.js:114:5459)
	at a.g (/opt/visual-studio-code/resources/app/out/vs/workbench/api/node/extensionHostProcess.js:102:77241)
	at a.executeCommand (/opt/visual-studio-code/resources/app/out/vs/workbench/api/node/extensionHostProcess.js:102:76679)
	at v.registerCommand.description (/opt/visual-studio-code/resources/app/out/vs/workbench/api/node/extensionHostProcess.js:102:76000)
	at a.h (/opt/visual-studio-code/resources/app/out/vs/workbench/api/node/extensionHostProcess.js:102:77777)
	at a.g (/opt/visual-studio-code/resources/app/out/vs/workbench/api/node/extensionHostProcess.js:102:76772)
	at a.executeCommand (/opt/visual-studio-code/resources/app/out/vs/workbench/api/node/extensionHostProcess.js:102:76679)
	at Object.executeCommand (/opt/visual-studio-code/resources/app/out/vs/workbench/api/node/extensionHostProcess.js:120:20977)
	at r.D [as value] (/opt/visual-studio-code/resources/app/extensions/git/dist/main.js:2:1261690)
	at f.w (/opt/visual-studio-code/resources/app/out/vs/workbench/api/node/extensionHostProcess.js:63:1902)
	at f.x (/opt/visual-studio-code/resources/app/out/vs/workbench/api/node/extensionHostProcess.js:63:1972)
	at f.fire (/opt/visual-studio-code/resources/app/out/vs/workbench/api/node/extensionHostProcess.js:63:2188)
	at Object.m [as dispose] (/opt/visual-studio-code/resources/app/extensions/git/dist/main.js:2:1277293)
	at /opt/visual-studio-code/resources/app/extensions/git/dist/main.js:2:1282023
	at Array.forEach (<anonymous>)
	at g.dispose (/opt/visual-studio-code/resources/app/extensions/git/dist/main.js:2:1282009)
	at p.<anonymous> (/opt/visual-studio-code/resources/app/out/vs/workbench/api/node/extensionHostProcess.js:98:3381)
	at p.dispose (/opt/visual-studio-code/resources/app/out/vs/workbench/api/node/extensionHostProcess.js:98:3478)
	at p.<anonymous> (/opt/visual-studio-code/resources/app/extensions/git/dist/main.js:2:1263703)
	at p.dispose (/opt/visual-studio-code/resources/app/out/vs/workbench/api/node/extensionHostProcess.js:98:3478)
	at S (/opt/visual-studio-code/resources/app/out/vs/workbench/api/node/extensionHostProcess.js:13:11731)
	at r.Z (/opt/visual-studio-code/resources/app/out/vs/workbench/api/node/extensionHostProcess.js:116:9686)
	at /opt/visual-studio-code/resources/app/out/vs/workbench/api/node/extensionHostProcess.js:116:7582
	at Array.map (<anonymous>)
	at r.S (/opt/visual-studio-code/resources/app/out/vs/workbench/api/node/extensionHostProcess.js:116:7570)
	at r.terminate (/opt/visual-studio-code/resources/app/out/vs/workbench/api/node/extensionHostProcess.js:116:7842)
	at s.terminate (/opt/visual-studio-code/resources/app/out/vs/workbench/api/node/extensionHostProcess.js:120:1506)
	at C (/opt/visual-studio-code/resources/app/out/vs/workbench/api/node/extensionHostProcess.js:130:32254)
	at MessagePortMain.<anonymous> (/opt/visual-studio-code/resources/app/out/vs/workbench/api/node/extensionHostProcess.js:130:28679)
	at MessagePortMain.emit (node:events:513:28)
	at MessagePortMain._internalPort.emit (node:electron/js2c/utility_init:2:367) setContext undefined
2023-08-14 19:39:46.490 [error] Canceled: Canceled
	at new h (/opt/visual-studio-code/resources/app/out/vs/workbench/api/node/extensionHostProcess.js:102:56634)
	at t.O (/opt/visual-studio-code/resources/app/out/vs/workbench/api/node/extensionHostProcess.js:114:8020)
	at N.<computed>.T.charCodeAt.N.<computed> (/opt/visual-studio-code/resources/app/out/vs/workbench/api/node/extensionHostProcess.js:114:5459)
	at a.g (/opt/visual-studio-code/resources/app/out/vs/workbench/api/node/extensionHostProcess.js:102:77241)
	at a.executeCommand (/opt/visual-studio-code/resources/app/out/vs/workbench/api/node/extensionHostProcess.js:102:76679)
	at v.registerCommand.description (/opt/visual-studio-code/resources/app/out/vs/workbench/api/node/extensionHostProcess.js:102:76000)
	at a.h (/opt/visual-studio-code/resources/app/out/vs/workbench/api/node/extensionHostProcess.js:102:77777)
	at a.g (/opt/visual-studio-code/resources/app/out/vs/workbench/api/node/extensionHostProcess.js:102:76772)
	at a.executeCommand (/opt/visual-studio-code/resources/app/out/vs/workbench/api/node/extensionHostProcess.js:102:76679)
	at Object.executeCommand (/opt/visual-studio-code/resources/app/out/vs/workbench/api/node/extensionHostProcess.js:120:20977)
	at set b [as b] (/opt/visual-studio-code/resources/app/extensions/github/dist/extension.js:2:676183)
	at /opt/visual-studio-code/resources/app/extensions/github/dist/extension.js:2:676827
	at r.value (/opt/visual-studio-code/resources/app/extensions/git/dist/main.js:2:1349176)
	at f.w (/opt/visual-studio-code/resources/app/out/vs/workbench/api/node/extensionHostProcess.js:63:1902)
	at f.x (/opt/visual-studio-code/resources/app/out/vs/workbench/api/node/extensionHostProcess.js:63:1972)
	at f.fire (/opt/visual-studio-code/resources/app/out/vs/workbench/api/node/extensionHostProcess.js:63:2188)
	at Object.m [as dispose] (/opt/visual-studio-code/resources/app/extensions/git/dist/main.js:2:1277293)
	at /opt/visual-studio-code/resources/app/extensions/git/dist/main.js:2:1282023
	at Array.forEach (<anonymous>)
	at g.dispose (/opt/visual-studio-code/resources/app/extensions/git/dist/main.js:2:1282009)
	at p.<anonymous> (/opt/visual-studio-code/resources/app/out/vs/workbench/api/node/extensionHostProcess.js:98:3381)
	at p.dispose (/opt/visual-studio-code/resources/app/out/vs/workbench/api/node/extensionHostProcess.js:98:3478)
	at p.<anonymous> (/opt/visual-studio-code/resources/app/extensions/git/dist/main.js:2:1263703)
	at p.dispose (/opt/visual-studio-code/resources/app/out/vs/workbench/api/node/extensionHostProcess.js:98:3478)
	at S (/opt/visual-studio-code/resources/app/out/vs/workbench/api/node/extensionHostProcess.js:13:11731)
	at r.Z (/opt/visual-studio-code/resources/app/out/vs/workbench/api/node/extensionHostProcess.js:116:9686)
	at /opt/visual-studio-code/resources/app/out/vs/workbench/api/node/extensionHostProcess.js:116:7582
	at Array.map (<anonymous>)
	at r.S (/opt/visual-studio-code/resources/app/out/vs/workbench/api/node/extensionHostProcess.js:116:7570)
	at r.terminate (/opt/visual-studio-code/resources/app/out/vs/workbench/api/node/extensionHostProcess.js:116:7842)
	at s.terminate (/opt/visual-studio-code/resources/app/out/vs/workbench/api/node/extensionHostProcess.js:120:1506)
	at C (/opt/visual-studio-code/resources/app/out/vs/workbench/api/node/extensionHostProcess.js:130:32254)
	at MessagePortMain.<anonymous> (/opt/visual-studio-code/resources/app/out/vs/workbench/api/node/extensionHostProcess.js:130:28679)
	at MessagePortMain.emit (node:events:513:28)
	at MessagePortMain._internalPort.emit (node:electron/js2c/utility_init:2:367) setContext undefined
2023-08-14 19:39:46.510 [info] Extension host with pid 18299 exiting with code 0
