2023-08-14 19:41:23.373 [info] Log level: Info
2023-08-14 19:41:23.373 [info] Validating found git in: "git"
2023-08-14 19:41:23.373 [info] Using git "2.41.0" from "git"
2023-08-14 19:41:23.377 [info] > git rev-parse --show-toplevel [8ms]
2023-08-14 19:41:23.377 [info] fatal: not a git repository (or any of the parent directories): .git
2023-08-14 19:41:23.413 [info] > git rev-parse --show-toplevel [26ms]
2023-08-14 19:41:23.413 [info] fatal: not a git repository (or any of the parent directories): .git
2023-08-14 19:41:23.438 [info] > git rev-parse --show-toplevel [18ms]
2023-08-14 19:41:23.438 [info] fatal: not a git repository (or any of the parent directories): .git
2023-08-14 19:41:23.455 [info] > git rev-parse --show-toplevel [2ms]
2023-08-14 19:41:23.455 [info] fatal: not a git repository (or any of the parent directories): .git
2023-08-14 19:41:23.467 [info] > git rev-parse --show-toplevel [2ms]
2023-08-14 19:41:23.475 [info] > git rev-parse --git-dir --git-common-dir [2ms]
2023-08-14 19:41:23.484 [info] Open repository: /home/stroky/.local/codes/Programming
2023-08-14 19:41:23.506 [info] > git config --get commit.template [9ms]
2023-08-14 19:41:23.514 [info] No remotes found in the git config file.
2023-08-14 19:41:23.514 [info] > git rev-parse --show-toplevel [9ms]
2023-08-14 19:41:23.514 [info] fatal: not a git repository (or any of the parent directories): .git
2023-08-14 19:41:23.515 [info] > git for-each-ref --format=%(refname)%00%(upstream:short)%00%(objectname)%00%(upstream:track)%00%(upstream:remotename)%00%(upstream:remoteref) refs/heads/master refs/remotes/master [2ms]
2023-08-14 19:41:23.563 [info] > git rev-parse --show-toplevel [17ms]
2023-08-14 19:41:23.563 [info] fatal: not a git repository (or any of the parent directories): .git
2023-08-14 19:41:23.573 [info] > git status -z -uall [47ms]
2023-08-14 19:41:23.573 [info] > git rev-parse --show-toplevel [4ms]
2023-08-14 19:41:23.573 [info] fatal: not a git repository (or any of the parent directories): .git
2023-08-14 19:41:24.058 [info] > git config --get commit.template [30ms]
2023-08-14 19:41:24.089 [info] > git check-ignore -v -z --stdin [49ms]
2023-08-14 19:41:24.091 [info] > git rev-parse --show-toplevel [34ms]
2023-08-14 19:41:24.091 [info] fatal: not a git repository (or any of the parent directories): .git
2023-08-14 19:41:24.098 [info] No remotes found in the git config file.
2023-08-14 19:41:24.106 [info] > git for-each-ref --format=%(refname)%00%(upstream:short)%00%(objectname)%00%(upstream:track)%00%(upstream:remotename)%00%(upstream:remoteref) refs/heads/master refs/remotes/master [8ms]
2023-08-14 19:41:24.111 [info] > git rev-parse --show-toplevel [6ms]
2023-08-14 19:41:24.111 [info] fatal: not a git repository (or any of the parent directories): .git
2023-08-14 19:41:24.120 [info] > git rev-parse --show-toplevel [1ms]
2023-08-14 19:41:24.120 [info] fatal: not a git repository (or any of the parent directories): .git
2023-08-14 19:41:24.130 [info] > git rev-parse --show-toplevel [3ms]
2023-08-14 19:41:24.130 [info] fatal: not a git repository (or any of the parent directories): .git
2023-08-14 19:41:24.132 [info] > git status -z -uall [22ms]
2023-08-14 19:41:24.173 [info] > git rev-parse --show-toplevel [1ms]
2023-08-14 19:41:24.173 [info] fatal: not a git repository (or any of the parent directories): .git
2023-08-14 19:41:24.181 [info] > git rev-parse --show-toplevel [2ms]
2023-08-14 19:41:24.181 [info] fatal: not a git repository (or any of the parent directories): .git
2023-08-14 19:41:24.193 [info] > git rev-parse --show-toplevel [5ms]
2023-08-14 19:41:24.193 [info] fatal: not a git repository (or any of the parent directories): .git
2023-08-14 19:41:24.202 [info] > git rev-parse --show-toplevel [2ms]
2023-08-14 19:41:24.202 [info] fatal: not a git repository (or any of the parent directories): .git
2023-08-14 19:41:24.208 [info] > git rev-parse --show-toplevel [1ms]
2023-08-14 19:41:24.208 [info] fatal: not a git repository (or any of the parent directories): .git
2023-08-14 19:41:24.215 [info] > git rev-parse --show-toplevel [1ms]
2023-08-14 19:41:24.215 [info] fatal: not a git repository (or any of the parent directories): .git
2023-08-14 19:41:24.224 [info] > git rev-parse --show-toplevel [0ms]
2023-08-14 19:41:24.224 [info] fatal: not a git repository (or any of the parent directories): .git
2023-08-14 19:41:24.238 [info] > git rev-parse --show-toplevel [8ms]
2023-08-14 19:41:24.238 [info] fatal: not a git repository (or any of the parent directories): .git
2023-08-14 19:41:24.577 [info] > git rev-parse --show-toplevel [334ms]
2023-08-14 19:41:24.577 [info] fatal: not a git repository (or any of the parent directories): .git
2023-08-14 19:41:24.592 [info] > git rev-parse --show-toplevel [3ms]
2023-08-14 19:41:24.592 [info] fatal: not a git repository (or any of the parent directories): .git
2023-08-14 19:41:24.605 [info] > git rev-parse --show-toplevel [1ms]
2023-08-14 19:41:24.605 [info] fatal: not a git repository (or any of the parent directories): .git
2023-08-14 19:41:24.612 [info] > git rev-parse --show-toplevel [1ms]
2023-08-14 19:41:24.612 [info] fatal: not a git repository (or any of the parent directories): .git
2023-08-14 19:41:24.623 [info] > git rev-parse --show-toplevel [1ms]
2023-08-14 19:41:24.623 [info] fatal: not a git repository (or any of the parent directories): .git
2023-08-14 19:41:24.632 [info] > git rev-parse --show-toplevel [2ms]
2023-08-14 19:41:24.632 [info] fatal: not a git repository (or any of the parent directories): .git
2023-08-14 19:41:24.641 [info] > git rev-parse --show-toplevel [2ms]
2023-08-14 19:41:24.641 [info] fatal: not a git repository (or any of the parent directories): .git
2023-08-14 19:41:24.648 [info] > git rev-parse --show-toplevel [1ms]
2023-08-14 19:41:24.648 [info] fatal: not a git repository (or any of the parent directories): .git
2023-08-14 19:41:25.125 [info] > git rev-parse --show-toplevel [1ms]
2023-08-14 19:41:25.126 [info] fatal: not a git repository (or any of the parent directories): .git
2023-08-14 19:41:25.363 [info] > git rev-parse --show-toplevel [2ms]
2023-08-14 19:41:25.363 [info] fatal: not a git repository (or any of the parent directories): .git
2023-08-14 19:41:25.849 [info] > git rev-parse --show-toplevel [9ms]
2023-08-14 19:41:25.849 [info] fatal: not a git repository (or any of the parent directories): .git
2023-08-14 19:52:14.901 [info] > git rev-parse --show-toplevel [1ms]
2023-08-14 19:52:14.901 [info] fatal: not a git repository (or any of the parent directories): .git
2023-08-14 19:52:44.402 [info] > git rev-parse --show-toplevel [2ms]
2023-08-14 19:52:44.402 [info] fatal: not a git repository (or any of the parent directories): .git
2023-08-14 19:52:45.742 [info] > git rev-parse --show-toplevel [1ms]
2023-08-14 19:52:45.742 [info] fatal: not a git repository (or any of the parent directories): .git
2023-08-14 19:52:47.227 [info] > git rev-parse --show-toplevel [1ms]
2023-08-14 19:52:47.227 [info] fatal: not a git repository (or any of the parent directories): .git
2023-08-14 19:53:54.188 [info] > git rev-parse --show-toplevel [1ms]
2023-08-14 19:53:54.188 [info] fatal: not a git repository (or any of the parent directories): .git
2023-08-14 19:54:19.002 [info] > git rev-parse --show-toplevel [1ms]
2023-08-14 19:54:19.002 [info] fatal: not a git repository (or any of the parent directories): .git
2023-08-14 19:54:38.906 [info] > git rev-parse --show-toplevel [4ms]
2023-08-14 19:54:38.906 [info] fatal: not a git repository (or any of the parent directories): .git
2023-08-14 19:55:14.039 [info] > git rev-parse --show-toplevel [6ms]
2023-08-14 19:55:14.039 [info] fatal: not a git repository (or any of the parent directories): .git
