2023-08-09 14:56:31.919 [info] Started initializing default profile extensions in extensions installation folder. file:///home/stroky/.vscode/extensions
2023-08-09 14:56:32.039 [info] Completed initializing default profile extensions in extensions installation folder. file:///home/stroky/.vscode/extensions
2023-08-09 14:56:34.503 [info] [perf] Render performance baseline is 51ms
2023-08-09 15:17:44.243 [error] No registered selector for ID: ms-vscode.npm-command: Error: No registered selector for ID: ms-vscode.npm-command
    at vscode-file://vscode-app/opt/visual-studio-code/resources/app/out/vs/workbench/workbench.desktop.main.js:1517:26522
2023-08-09 15:40:35.810 [warning] [redhat.vscode-yaml]: Cannot register 'redhat.telemetry.enabled'. This property is already registered.
2023-08-09 15:43:02.975 [error] Cannot read properties of undefined (reading 'layout'): TypeError: Cannot read properties of undefined (reading 'layout')
    at se.U (vscode-file://vscode-app/opt/visual-studio-code/resources/app/out/vs/workbench/workbench.desktop.main.js:2278:10342)
    at r.value (vscode-file://vscode-app/opt/visual-studio-code/resources/app/out/vs/workbench/workbench.desktop.main.js:2278:7286)
    at u.w (vscode-file://vscode-app/opt/visual-studio-code/resources/app/out/vs/workbench/workbench.desktop.main.js:69:1902)
    at u.fire (vscode-file://vscode-app/opt/visual-studio-code/resources/app/out/vs/workbench/workbench.desktop.main.js:69:2119)
    at i.update (vscode-file://vscode-app/opt/visual-studio-code/resources/app/out/vs/workbench/workbench.desktop.main.js:1126:63713)
    at se.S (vscode-file://vscode-app/opt/visual-studio-code/resources/app/out/vs/workbench/workbench.desktop.main.js:2278:7358)
    at se.render (vscode-file://vscode-app/opt/visual-studio-code/resources/app/out/vs/workbench/workbench.desktop.main.js:207:65415)
    at se.render (vscode-file://vscode-app/opt/visual-studio-code/resources/app/out/vs/workbench/workbench.desktop.main.js:1646:11399)
    at se.render (vscode-file://vscode-app/opt/visual-studio-code/resources/app/out/vs/workbench/workbench.desktop.main.js:2278:6779)
    at i.qb (vscode-file://vscode-app/opt/visual-studio-code/resources/app/out/vs/workbench/workbench.desktop.main.js:2503:37434)
    at i.create (vscode-file://vscode-app/opt/visual-studio-code/resources/app/out/vs/workbench/workbench.desktop.main.js:2503:34519)
    at i.create (vscode-file://vscode-app/opt/visual-studio-code/resources/app/out/vs/workbench/workbench.desktop.main.js:2529:8806)
    at N.create (vscode-file://vscode-app/opt/visual-studio-code/resources/app/out/vs/workbench/workbench.desktop.main.js:2503:52985)
    at Ih.ob (vscode-file://vscode-app/opt/visual-studio-code/resources/app/out/vs/workbench/workbench.desktop.main.js:1646:4938)
    at Ih.mb (vscode-file://vscode-app/opt/visual-studio-code/resources/app/out/vs/workbench/workbench.desktop.main.js:1646:4103)
    at Ih.lb (vscode-file://vscode-app/opt/visual-studio-code/resources/app/out/vs/workbench/workbench.desktop.main.js:1646:3855)
    at Ih.Kb (vscode-file://vscode-app/opt/visual-studio-code/resources/app/out/vs/workbench/workbench.desktop.main.js:2510:14975)
    at Ih.openPaneComposite (vscode-file://vscode-app/opt/visual-studio-code/resources/app/out/vs/workbench/workbench.desktop.main.js:2510:14470)
    at yh.run (vscode-file://vscode-app/opt/visual-studio-code/resources/app/out/vs/workbench/workbench.desktop.main.js:2322:15776)
    at I.k (vscode-file://vscode-app/opt/visual-studio-code/resources/app/out/vs/workbench/workbench.desktop.main.js:127:23973)
    at I.run (vscode-file://vscode-app/opt/visual-studio-code/resources/app/out/vs/workbench/workbench.desktop.main.js:127:23900)
    at tr.onClick (vscode-file://vscode-app/opt/visual-studio-code/resources/app/out/vs/workbench/workbench.desktop.main.js:225:10701)
    at HTMLLIElement.<anonymous> (vscode-file://vscode-app/opt/visual-studio-code/resources/app/out/vs/workbench/workbench.desktop.main.js:225:10371)
2023-08-09 15:46:44.473 [info] [perf] Render performance baseline is 30ms
2023-08-09 15:46:47.575 [warning] [redhat.ansible]: Cannot register 'redhat.telemetry.enabled'. This property is already registered.
2023-08-09 15:48:07.852 [error] Unknown (FileSystemError): Failed to move 'car' to the trash
    at n.create (/opt/visual-studio-code/resources/app/out/vs/code/electron-main/main.js:37:3400)
    at i (/opt/visual-studio-code/resources/app/out/vs/code/electron-main/main.js:37:3512)
    at $.s (/opt/visual-studio-code/resources/app/out/vs/code/electron-main/main.js:42:42283)
2023-08-09 15:48:07.857 [error] Failed to move 'car' to the trash: Unknown (FileSystemError): Failed to move 'car' to the trash
    at n.create (/opt/visual-studio-code/resources/app/out/vs/code/electron-main/main.js:37:3400)
    at i (/opt/visual-studio-code/resources/app/out/vs/code/electron-main/main.js:37:3512)
    at $.s (/opt/visual-studio-code/resources/app/out/vs/code/electron-main/main.js:42:42283)
2023-08-09 15:58:58.815 [info] [perf] Render performance baseline is 39ms
2023-08-09 15:59:17.793 [warning] [redhat.ansible]: Cannot register 'redhat.telemetry.enabled'. This property is already registered.
2023-08-09 16:12:05.021 [error] [MattiasBaake.vscode-snippets-for-ansible]: Unknown language in `contributes.vscode-snippets-for-ansible.language`. Provided value: ansible
2023-08-09 16:12:07.432 [info] [perf] Render performance baseline is 34ms
2023-08-09 16:12:10.318 [error] Request textDocument/completion failed with message: Cannot read properties of undefined (reading 'length'): Error: Request textDocument/completion failed with message: Cannot read properties of undefined (reading 'length')
	at /home/stroky/.vscode/extensions/redhat.vscode-yaml-1.14.0/dist/extension.js:2:302563
	at /home/stroky/.vscode/extensions/redhat.vscode-yaml-1.14.0/dist/extension.js:2:302857
	at Immediate.<anonymous> (/home/stroky/.vscode/extensions/redhat.vscode-yaml-1.14.0/dist/extension.js:2:303222)
	at process.processImmediate (node:internal/timers:466:21)
2023-08-09 16:13:30.741 [error] [MattiasBaake.vscode-snippets-for-ansible]: Unknown language in `contributes.vscode-snippets-for-ansible.language`. Provided value: ansible
2023-08-09 16:13:33.082 [info] [perf] Render performance baseline is 31ms
