2023-08-09 14:56:31.732 [info] Added views:workbench.panel.markers.view in workbench.panel.markers
2023-08-09 14:56:31.732 [info] Added views:workbench.panel.output in workbench.panel.output
2023-08-09 14:56:31.732 [info] Added views:terminal in terminal
2023-08-09 14:56:31.732 [info] Added views:outline in workbench.view.explorer
2023-08-09 14:56:31.732 [info] Added views:workbench.scm in workbench.view.scm
2023-08-09 14:56:31.732 [info] Added views:workbench.view.search in workbench.view.search
2023-08-09 14:56:31.732 [info] Added views:timeline in workbench.view.explorer
2023-08-09 14:56:31.732 [info] Added views:workbench.explorer.emptyView in workbench.view.explorer
2023-08-09 14:56:32.008 [info] Added views:workbench.debug.welcome in workbench.view.debug
2023-08-09 14:56:32.372 [info] Added views:workbench.panel.repl.view in workbench.panel.repl
2023-08-09 15:17:43.961 [info] Removed views:workbench.panel.repl.view from workbench.panel.repl
2023-08-09 15:17:44.064 [info] Added views:workbench.panel.repl.view in workbench.panel.repl
2023-08-09 15:32:44.813 [info] Added views:workbench.views.extensions.installed,workbench.views.extensions.popular,extensions.recommendedList in workbench.view.extensions
2023-08-09 15:32:44.817 [info] Removed views:workbench.views.extensions.popular from workbench.view.extensions
2023-08-09 15:32:45.408 [info] Added views:workbench.views.extensions.popular in workbench.view.extensions
2023-08-09 15:32:50.108 [info] Removed views:extensions.recommendedList,workbench.views.extensions.popular,workbench.views.extensions.installed from workbench.view.extensions
2023-08-09 15:32:50.126 [info] Added views:workbench.views.extensions.marketplace in workbench.view.extensions
2023-08-09 15:36:48.636 [info] Added view pythonEnvironments in the container workbench.view.extension.package-explorer and showing it. undefined false undefined
2023-08-09 15:36:48.637 [info] Added views:pythonEnvironments in workbench.view.extension.package-explorer
2023-08-09 15:37:56.887 [info] Removed views:workbench.views.extensions.marketplace from workbench.view.extensions
2023-08-09 15:37:56.922 [info] Added views:workbench.views.extensions.installed,workbench.views.extensions.popular,extensions.recommendedList in workbench.view.extensions
2023-08-09 15:38:01.975 [info] Removed views:extensions.recommendedList,workbench.views.extensions.popular,workbench.views.extensions.installed from workbench.view.extensions
2023-08-09 15:38:01.988 [info] Added views:workbench.views.extensions.marketplace in workbench.view.extensions
2023-08-09 15:38:53.721 [info] Removed views:workbench.views.extensions.marketplace from workbench.view.extensions
2023-08-09 15:38:53.745 [info] Added views:workbench.views.extensions.installed,workbench.views.extensions.popular,extensions.recommendedList in workbench.view.extensions
2023-08-09 15:40:08.995 [info] Added views:svn in workbench.view.explorer
2023-08-09 15:40:08.997 [info] Added views:repolog,itemlog,branchchanges in workbench.view.extension.svnActivity
2023-08-09 15:40:10.261 [info] Removed views:branchchanges,itemlog,repolog from workbench.view.extension.svnActivity
2023-08-09 15:40:26.242 [info] Removed views:extensions.recommendedList,workbench.views.extensions.popular,workbench.views.extensions.installed from workbench.view.extensions
2023-08-09 15:40:26.256 [info] Added views:workbench.views.extensions.marketplace in workbench.view.extensions
2023-08-09 15:40:35.860 [info] Added views:lightspeed-explorer-treeview,lightspeed-feedback-webview in workbench.view.extension.ansible-lightspeed-explorer
2023-08-09 15:40:41.807 [info] Removed views:workbench.views.extensions.marketplace from workbench.view.extensions
2023-08-09 15:40:41.833 [info] Added views:workbench.views.extensions.installed,workbench.views.extensions.popular,extensions.recommendedList in workbench.view.extensions
2023-08-09 15:40:43.733 [info] Removed views:extensions.recommendedList,workbench.views.extensions.popular,workbench.views.extensions.installed from workbench.view.extensions
2023-08-09 15:40:43.746 [info] Added views:workbench.views.extensions.marketplace in workbench.view.extensions
2023-08-09 15:43:02.044 [info] Added views:workbench.view.testing in workbench.view.extension.test
2023-08-09 15:46:40.972 [info] Removed views:workbench.view.testing from workbench.view.extension.test
2023-08-09 15:46:41.714 [info] Added views:workbench.panel.markers.view in workbench.panel.markers
2023-08-09 15:46:41.715 [info] Added views:workbench.panel.output in workbench.panel.output
2023-08-09 15:46:41.715 [info] Added views:terminal in terminal
2023-08-09 15:46:41.715 [info] Added views:outline in workbench.view.explorer
2023-08-09 15:46:41.715 [info] Added views:workbench.scm in workbench.view.scm
2023-08-09 15:46:41.715 [info] Added views:workbench.view.search in workbench.view.search
2023-08-09 15:46:41.715 [info] Added views:timeline in workbench.view.explorer
2023-08-09 15:46:41.715 [info] Added views:workbench.explorer.fileView in workbench.view.explorer
2023-08-09 15:46:41.937 [info] Added views:workbench.debug.variablesView,workbench.debug.watchExpressionsView,workbench.debug.callStackView,workbench.debug.breakPointsView in workbench.view.debug
2023-08-09 15:46:42.787 [info] Added views:workbench.panel.repl.view in workbench.panel.repl
2023-08-09 15:46:47.618 [info] Added views:pythonEnvironments in workbench.view.extension.package-explorer
2023-08-09 15:46:47.626 [info] Added views:svn in workbench.view.explorer
2023-08-09 15:46:47.628 [info] Added views:repolog,itemlog,branchchanges in workbench.view.extension.svnActivity
2023-08-09 15:46:47.629 [info] Added views:lightspeed-explorer-treeview,lightspeed-feedback-webview in workbench.view.extension.ansible-lightspeed-explorer
2023-08-09 15:46:48.028 [info] Removed views:branchchanges,itemlog,repolog from workbench.view.extension.svnActivity
2023-08-09 15:51:47.372 [info] Added views:workbench.view.testing in workbench.view.extension.test
2023-08-09 15:58:55.343 [info] Removed views:workbench.view.testing from workbench.view.extension.test
2023-08-09 15:58:55.954 [info] Added views:workbench.panel.markers.view in workbench.panel.markers
2023-08-09 15:58:55.954 [info] Added views:workbench.panel.output in workbench.panel.output
2023-08-09 15:58:55.954 [info] Added views:terminal in terminal
2023-08-09 15:58:55.954 [info] Added views:outline in workbench.view.explorer
2023-08-09 15:58:55.954 [info] Added views:workbench.scm in workbench.view.scm
2023-08-09 15:58:55.954 [info] Added views:workbench.view.search in workbench.view.search
2023-08-09 15:58:55.954 [info] Added views:timeline in workbench.view.explorer
2023-08-09 15:58:55.954 [info] Added views:workbench.explorer.fileView in workbench.view.explorer
2023-08-09 15:58:56.030 [info] Added views:workbench.debug.variablesView,workbench.debug.watchExpressionsView,workbench.debug.callStackView,workbench.debug.breakPointsView in workbench.view.debug
2023-08-09 15:58:56.599 [info] Added views:pythonEnvironments in workbench.view.extension.package-explorer
2023-08-09 15:58:56.607 [info] Added views:svn in workbench.view.explorer
2023-08-09 15:58:56.608 [info] Added views:repolog,itemlog,branchchanges in workbench.view.extension.svnActivity
2023-08-09 15:58:56.732 [info] Added views:workbench.panel.repl.view in workbench.panel.repl
2023-08-09 15:58:59.058 [info] Removed views:branchchanges,itemlog,repolog from workbench.view.extension.svnActivity
2023-08-09 15:59:08.980 [info] Added views:workbench.views.extensions.installed,workbench.views.extensions.popular,extensions.recommendedList in workbench.view.extensions
2023-08-09 15:59:08.984 [info] Removed views:workbench.views.extensions.popular from workbench.view.extensions
2023-08-09 15:59:12.659 [info] Removed views:extensions.recommendedList,workbench.views.extensions.installed from workbench.view.extensions
2023-08-09 15:59:12.670 [info] Added views:workbench.views.extensions.marketplace in workbench.view.extensions
2023-08-09 15:59:17.836 [info] Added views:lightspeed-explorer-treeview,lightspeed-feedback-webview in workbench.view.extension.ansible-lightspeed-explorer
2023-08-09 15:59:18.215 [info] Added views:workbench.view.testing in workbench.view.extension.test
2023-08-09 16:12:03.787 [info] Removed views:workbench.view.testing from workbench.view.extension.test
2023-08-09 16:12:04.415 [info] Added views:workbench.panel.markers.view in workbench.panel.markers
2023-08-09 16:12:04.415 [info] Added views:workbench.panel.output in workbench.panel.output
2023-08-09 16:12:04.415 [info] Added views:terminal in terminal
2023-08-09 16:12:04.415 [info] Added views:outline in workbench.view.explorer
2023-08-09 16:12:04.415 [info] Added views:workbench.scm in workbench.view.scm
2023-08-09 16:12:04.415 [info] Added views:workbench.view.search in workbench.view.search
2023-08-09 16:12:04.415 [info] Added views:timeline in workbench.view.explorer
2023-08-09 16:12:04.415 [info] Added views:workbench.explorer.fileView in workbench.view.explorer
2023-08-09 16:12:04.551 [info] Added views:workbench.debug.variablesView,workbench.debug.watchExpressionsView,workbench.debug.callStackView,workbench.debug.breakPointsView in workbench.view.debug
2023-08-09 16:12:05.043 [info] Added views:pythonEnvironments in workbench.view.extension.package-explorer
2023-08-09 16:12:05.044 [info] Added views:svn in workbench.view.explorer
2023-08-09 16:12:05.045 [info] Added views:repolog,itemlog,branchchanges in workbench.view.extension.svnActivity
2023-08-09 16:12:05.494 [info] Added views:workbench.panel.repl.view in workbench.panel.repl
2023-08-09 16:12:05.997 [info] Added views:workbench.views.extensions.installed,extensions.recommendedList in workbench.view.extensions
2023-08-09 16:12:08.357 [info] Removed views:branchchanges,itemlog,repolog from workbench.view.extension.svnActivity
2023-08-09 16:13:30.235 [info] Added views:workbench.panel.markers.view in workbench.panel.markers
2023-08-09 16:13:30.235 [info] Added views:workbench.panel.output in workbench.panel.output
2023-08-09 16:13:30.235 [info] Added views:terminal in terminal
2023-08-09 16:13:30.235 [info] Added views:outline in workbench.view.explorer
2023-08-09 16:13:30.235 [info] Added views:workbench.scm in workbench.view.scm
2023-08-09 16:13:30.235 [info] Added views:workbench.view.search in workbench.view.search
2023-08-09 16:13:30.235 [info] Added views:timeline in workbench.view.explorer
2023-08-09 16:13:30.235 [info] Added views:workbench.explorer.fileView in workbench.view.explorer
2023-08-09 16:13:30.338 [info] Added views:workbench.debug.variablesView,workbench.debug.watchExpressionsView,workbench.debug.callStackView,workbench.debug.breakPointsView in workbench.view.debug
2023-08-09 16:13:30.755 [info] Added views:pythonEnvironments in workbench.view.extension.package-explorer
2023-08-09 16:13:30.950 [info] Added views:workbench.panel.repl.view in workbench.panel.repl
2023-08-09 16:13:31.441 [info] Added views:workbench.views.extensions.installed,extensions.recommendedList in workbench.view.extensions
