2023-08-18 19:54:10.427 [info] Active editor: file:///home/stroky/.local/codes/terraform/hello.tf
2023-08-18 19:56:48.640 [info] Active editor: file:///home/stroky/.local/codes/terraform/terraform-tut/quickstart/main.tf
2023-08-18 19:57:03.400 [info] /home/stroky/.local/codes/terraform/hello.tf closed
2023-08-18 20:12:30.344 [info] Active editor: file:///home/stroky/.local/codes/terraform/terraform-tut/terraform-aws-instance/main.tf
2023-08-18 20:14:07.715 [info] Executing :w
2023-08-18 20:14:24.472 [info] Executing :w
2023-08-18 20:20:43.286 [warning] invalid cursor position. [[33, 35] | [33, 35]].
2023-08-18 20:20:43.286 [warning] invalid cursor position. [[33, 35] | [33, 35]].
2023-08-18 20:20:43.287 [warning] invalid cursor position. [[33, 35] | [33, 35]].
2023-08-18 20:20:43.287 [warning] invalid cursor position. [[33, 35] | [33, 35]].
2023-08-18 20:20:43.297 [warning] Ignoring slipped selection: [33, 1; 33, 1]
2023-08-18 20:20:47.501 [warning] Ignoring slipped selection: [33, 1; 33, 1]
2023-08-18 20:20:49.905 [warning] Ignoring slipped selection: [33, 1; 33, 1]
2023-08-18 20:20:56.825 [warning] invalid cursor position. [[82, 35] | [82, 35]].
2023-08-18 20:20:57.728 [warning] invalid cursor position. [[110, 35] | [110, 35]].
2023-08-18 20:20:58.572 [warning] invalid cursor position. [[132, 35] | [132, 35]].
2023-08-18 20:20:59.363 [warning] invalid cursor position. [[154, 35] | [154, 35]].
2023-08-18 20:21:01.052 [warning] invalid cursor position. [[176, 35] | [176, 35]].
2023-08-18 20:21:02.016 [warning] invalid cursor position. [[199, 35] | [199, 35]].
2023-08-18 20:21:04.145 [warning] Ignoring slipped selection: [151, 0; 151, 0]
2023-08-18 20:34:25.672 [warning] Ignoring slipped selection: [16, 40; 16, 52]
2023-08-18 20:34:26.183 [warning] Ignoring slipped selection: [16, 31; 16, 19]
2023-08-18 20:40:48.161 [warning] Ignoring slipped selection: [16, 40; 16, 40]
2023-08-18 20:42:17.053 [info] Executing :w
2023-08-18 20:48:40.472 [info] Active editor: file:///home/stroky/.local/codes/terraform/terraform-tut/terraform-aws-instance/variables.tf
2023-08-18 20:49:33.790 [info] Active editor: file:///home/stroky/.local/codes/terraform/terraform-tut/terraform-aws-instance/main.tf
2023-08-18 20:49:33.795 [warning] Ignoring slipped selection: [16, 40; 16, 40]
2023-08-18 20:53:16.517 [info] Active editor: file:///home/stroky/.local/codes/terraform/terraform-tut/terraform-aws-instance/outputs.rf
2023-08-18 20:53:30.755 [info] /home/stroky/.local/codes/terraform/terraform-tut/terraform-aws-instance/outputs.rf closed
2023-08-18 20:53:30.796 [info] Active editor: file:///home/stroky/.local/codes/terraform/terraform-tut/terraform-aws-instance/outputs.tf
2023-08-18 21:00:44.986 [info] Active editor: file:///home/stroky/.local/codes/terraform/terraform-tut/terraform-aws-instance/main.tf
2023-08-18 21:00:44.992 [warning] Ignoring slipped selection: [21, 0; 21, 0]
2023-08-18 21:02:25.982 [warning] Ignoring slipped selection: [31, 1; 31, 1]
2023-08-18 21:02:36.158 [warning] Ignoring slipped selection: [31, 1; 25, 0]
2023-08-18 21:02:40.859 [warning] Ignoring slipped selection: [25, 1; 25, 1]
2023-08-18 21:02:41.591 [warning] Ignoring slipped selection: [31, 1; 25, 0]
