Dec 13 12:01 : player: played "Legends_Never_Die__Against_The_Current_League_of_Legends.mp3"
Dec 13 12:03 : player: played "Astronaut_In_The_Ocean__Masked_Wolf.mp3"
Dec 13 12:07 : player: played "Legends_Never_Die__Against_The_Current_League_of_Legends.mp3"
Dec 13 12:09 : player: played "Sweet_Dreams__Alan_Walker_Imanbek.mp3"
Dec 13 12:09 : player: played "Gulabi Ankhen - The Train.mp3"
Dec 13 12:09 : exception: Not playing
Dec 13 12:13 : player: played "Alone_Pt_II__Alan_Walker,_Ava_Max.mp3"
Dec 13 12:16 : player: played "Ignite__Alan_Walker_Julie_Bergan,_K-391.mp3"
Dec 13 12:20 : player: played "Runaway__Aurora.mp3"
Dec 13 12:23 : player: played "Khalouni_N3ich_Extended_Mix__Yusuf_Ek┼Яio─Яlu_Najwa_Farouk.mp3"
Dec 13 12:27 : player: played "Why_Do_I__Unknown_Brain.mp3"
Dec 15 14:26 : player: played "Do Lafzon Ki Hai Dil Ki Kahani - (amlijatt.in).mp3"
Dec 16 08:56 : player: played "[MP3DOWNLOAD.TO] All I Know-320k.mp3"
Dec 16 09:33 : player: played "Bad Boy Tungevaag Raaban(BollyStatus.Com).mp3"
Dec 16 11:11 : player: played "Shape_of_You__Ed_Sheeran.mp3"
Dec 17 09:01 : player: played "All_Night_Alan_Walker_Remix__Steve_Aoki_Lauren_Jauregui.mp3"
Dec 17 10:03 : player: played "Bomb_A_Drop__Garmiani.mp3"
Dec 17 14:04 : player: played "All_Night_Alan_Walker_Remix__Steve_Aoki_Lauren_Jauregui.mp3"
Dec 20 12:46 : player: played "Main Rahoon Ya Na Rahoon - Emraan Hashmi - 320Kbps.mp3"
Dec 20 12:49 : player: played "Legends_Never_Die__Against_The_Current_League_of_Legends.mp3"
Dec 20 12:52 : player: played "Rise_Up__TheFatRat.mp3"
Dec 20 12:55 : player: played "Bilionera-Otilia-(pagalworld4u.wapkiz.com).mp3"
Dec 20 12:58 : player: played "Falling__Trevor_Daniel.mp3"
Dec 20 13:01 : player: played "Alan-walker-On-my-way.mp3"
Dec 20 13:05 : player: played "Unstoppable__Sia.mp3"
Dec 20 13:08 : player: played "Arcade__Duncan_Laurence.mp3"
Dec 20 13:11 : player: played "Sugar_&_Brownies__DHARIA.mp3"
Dec 20 13:14 : player: played "Khalouni_N3ich_Extended_Mix__Yusuf_Ek┼Яio─Яlu_Najwa_Farouk.mp3"
Dec 20 13:17 : player: played "INDUSTRY_BABY__Lil_Nas_X_Jack_Harlow.mp3"
Dec 20 13:23 : player: played "love_nwantiti_feat_Dj_Yo!_&_AXEL_(Remix)__Ckay.mp3"
Dec 20 13:26 : player: played "Strongest_Alan_Walker_Remix__Ina_Wroldsen.mp3"
Dec 20 13:30 : player: played "Bad_Boy_feat_Luana_Kiara__Raaban_Tungevaag.mp3"
Dec 20 13:46 : player: played "Runaway__Aurora.mp3"
Dec 20 13:47 : player: played "End_of_Time__K-391_Alan_Walker,_Ahrix.mp3"
Dec 23 12:57 : player: played "All_Night_Alan_Walker_Remix__Steve_Aoki_Lauren_Jauregui.mp3"
Dec 23 13:00 : player: played "MJS-O Mere Dil Chain.mp3"
Dec 27 17:02 : player: played "Lay_Gunachi_Hay__Praniket_Khune_Sandhya_Keshe,_Lk_Laxmikant.mp3"
Dec 27 17:02 : player: played "Likhe Jo Khat Tujhe-(Mr-Jatt.com).mp3"
Dec 30 13:54 : player: played "Hymn_for_the_Weekend__Coldplay.mp3"
Dec 31 08:51 : player: played "Do Lafzon Ki Hai Dil Ki Kahani - (amlijatt.in).mp3"
Jan 02 18:41 : exception: Failed to create Avahi client: Daemon not running
Jan 02 18:42 : exception: Failed to create Avahi client: Daemon not running
Jan 02 18:43 : exception: Failed to create Avahi client: Daemon not running
Jan 02 18:44 : exception: Failed to create Avahi client: Daemon not running
Jan 02 18:45 : exception: Failed to create Avahi client: Daemon not running
Jan 02 18:46 : exception: Failed to create Avahi client: Daemon not running
Jan 02 18:47 : exception: Failed to create Avahi client: Daemon not running
Jan 02 18:48 : exception: Failed to create Avahi client: Daemon not running
Jan 02 18:49 : exception: Failed to create Avahi client: Daemon not running
Jan 02 18:50 : exception: Failed to create Avahi client: Daemon not running
Jan 02 18:51 : exception: Failed to create Avahi client: Daemon not running
Jan 02 18:52 : exception: Failed to create Avahi client: Daemon not running
Jan 02 18:53 : exception: Failed to create Avahi client: Daemon not running
Jan 02 18:54 : exception: Failed to create Avahi client: Daemon not running
Jan 02 18:55 : exception: Failed to create Avahi client: Daemon not running
Jan 02 18:56 : exception: Failed to create Avahi client: Daemon not running
Jan 02 18:57 : exception: Failed to create Avahi client: Daemon not running
Jan 02 18:58 : exception: Failed to create Avahi client: Daemon not running
Jan 02 18:59 : exception: Failed to create Avahi client: Daemon not running
Jan 02 19:00 : exception: Failed to create Avahi client: Daemon not running
Jan 02 19:01 : exception: Failed to create Avahi client: Daemon not running
Jan 02 19:02 : exception: Failed to create Avahi client: Daemon not running
Jan 02 19:03 : exception: Failed to create Avahi client: Daemon not running
Jan 02 19:04 : exception: Failed to create Avahi client: Daemon not running
Jan 02 19:05 : exception: Failed to create Avahi client: Daemon not running
Jan 02 19:07 : exception: Failed to create Avahi client: Daemon not running
Jan 02 19:08 : exception: Failed to create Avahi client: Daemon not running
Jan 02 19:09 : exception: Failed to create Avahi client: Daemon not running
Jan 02 19:10 : exception: Failed to create Avahi client: Daemon not running
Jan 02 19:11 : exception: Failed to create Avahi client: Daemon not running
Jan 02 19:12 : exception: Failed to create Avahi client: Daemon not running
Jan 02 19:13 : exception: Failed to create Avahi client: Daemon not running
Jan 02 19:14 : exception: Failed to create Avahi client: Daemon not running
Jan 02 19:15 : exception: Failed to create Avahi client: Daemon not running
Jan 02 19:16 : exception: Failed to create Avahi client: Daemon not running
Jan 02 19:17 : exception: Failed to create Avahi client: Daemon not running
Jan 02 19:18 : exception: Failed to create Avahi client: Daemon not running
Jan 02 19:19 : exception: Failed to create Avahi client: Daemon not running
Jan 02 19:20 : exception: Failed to create Avahi client: Daemon not running
Jan 02 19:21 : exception: Failed to create Avahi client: Daemon not running
Jan 02 19:22 : exception: Failed to create Avahi client: Daemon not running
Jan 02 19:23 : exception: Failed to create Avahi client: Daemon not running
Jan 02 19:24 : exception: Failed to create Avahi client: Daemon not running
Jan 02 19:25 : exception: Failed to create Avahi client: Daemon not running
Jan 02 19:26 : exception: Failed to create Avahi client: Daemon not running
Jan 02 19:27 : exception: Failed to create Avahi client: Daemon not running
Jan 02 19:28 : exception: Failed to create Avahi client: Daemon not running
Jan 02 19:29 : exception: Failed to create Avahi client: Daemon not running
Jan 02 19:30 : exception: Failed to create Avahi client: Daemon not running
Jan 02 19:31 : exception: Failed to create Avahi client: Daemon not running
Jan 02 19:32 : exception: Failed to create Avahi client: Daemon not running
Jan 02 19:33 : exception: Failed to create Avahi client: Daemon not running
Jan 02 19:34 : exception: Failed to create Avahi client: Daemon not running
Jan 02 19:35 : exception: Failed to create Avahi client: Daemon not running
Jan 02 19:36 : exception: Failed to create Avahi client: Daemon not running
Jan 02 19:37 : exception: Failed to create Avahi client: Daemon not running
Jan 02 19:38 : exception: Failed to create Avahi client: Daemon not running
Jan 02 19:39 : exception: Failed to create Avahi client: Daemon not running
Jan 02 19:40 : exception: Failed to create Avahi client: Daemon not running
Jan 02 19:41 : exception: Failed to create Avahi client: Daemon not running
Jan 02 19:42 : exception: Failed to create Avahi client: Daemon not running
Jan 02 19:43 : exception: Failed to create Avahi client: Daemon not running
Jan 02 19:44 : exception: Failed to create Avahi client: Daemon not running
Jan 02 19:45 : exception: Failed to create Avahi client: Daemon not running
Jan 02 19:46 : exception: Failed to create Avahi client: Daemon not running
Jan 02 19:47 : exception: Failed to create Avahi client: Daemon not running
Jan 02 19:48 : exception: Failed to create Avahi client: Daemon not running
Jan 02 19:49 : exception: Failed to create Avahi client: Daemon not running
Jan 02 19:50 : exception: Failed to create Avahi client: Daemon not running
Jan 02 19:51 : exception: Failed to create Avahi client: Daemon not running
Jan 02 19:52 : exception: Failed to create Avahi client: Daemon not running
Jan 02 19:53 : exception: Failed to create Avahi client: Daemon not running
Jan 02 19:54 : exception: Failed to create Avahi client: Daemon not running
Jan 02 19:55 : exception: Failed to create Avahi client: Daemon not running
Jan 02 19:56 : exception: Failed to create Avahi client: Daemon not running
Jan 02 19:57 : exception: Failed to create Avahi client: Daemon not running
Jan 02 19:58 : exception: Failed to create Avahi client: Daemon not running
Jan 02 19:59 : exception: Failed to create Avahi client: Daemon not running
Jan 02 20:00 : exception: Failed to create Avahi client: Daemon not running
Jan 02 20:01 : exception: Failed to create Avahi client: Daemon not running
Jan 02 20:02 : exception: Failed to create Avahi client: Daemon not running
Jan 02 20:03 : exception: Failed to create Avahi client: Daemon not running
Jan 02 20:04 : exception: Failed to create Avahi client: Daemon not running
Jan 02 20:05 : exception: Failed to create Avahi client: Daemon not running
Jan 02 20:06 : exception: Failed to create Avahi client: Daemon not running
Jan 02 20:08 : exception: Failed to create Avahi client: Daemon not running
Jan 02 20:09 : exception: Failed to create Avahi client: Daemon not running
Jan 02 20:10 : exception: Failed to create Avahi client: Daemon not running
Jan 02 20:11 : exception: Failed to create Avahi client: Daemon not running
Jan 02 20:12 : exception: Failed to create Avahi client: Daemon not running
Jan 02 20:13 : exception: Failed to create Avahi client: Daemon not running
Jan 02 20:14 : exception: Failed to create Avahi client: Daemon not running
Jan 02 20:15 : exception: Failed to create Avahi client: Daemon not running
Jan 02 20:16 : exception: Failed to create Avahi client: Daemon not running
Jan 02 20:17 : exception: Failed to create Avahi client: Daemon not running
Jan 02 20:18 : exception: Failed to create Avahi client: Daemon not running
Jan 02 20:19 : exception: Failed to create Avahi client: Daemon not running
Jan 02 20:20 : exception: Failed to create Avahi client: Daemon not running
Jan 02 20:21 : exception: Failed to create Avahi client: Daemon not running
Jan 02 20:22 : exception: Failed to create Avahi client: Daemon not running
Jan 02 20:23 : exception: Failed to create Avahi client: Daemon not running
Jan 02 20:24 : exception: Failed to create Avahi client: Daemon not running
Jan 02 20:25 : exception: Failed to create Avahi client: Daemon not running
Jan 02 20:26 : exception: Failed to create Avahi client: Daemon not running
Jan 02 20:27 : exception: Failed to create Avahi client: Daemon not running
Jan 02 20:28 : exception: Failed to create Avahi client: Daemon not running
Jan 02 20:29 : exception: Failed to create Avahi client: Daemon not running
Jan 02 20:30 : exception: Failed to create Avahi client: Daemon not running
Jan 02 20:31 : exception: Failed to create Avahi client: Daemon not running
Jan 02 20:32 : exception: Failed to create Avahi client: Daemon not running
Jan 02 20:33 : exception: Failed to create Avahi client: Daemon not running
Jan 02 20:34 : exception: Failed to create Avahi client: Daemon not running
Jan 02 20:35 : exception: Failed to create Avahi client: Daemon not running
Jan 02 20:36 : exception: Failed to create Avahi client: Daemon not running
Jan 02 20:37 : exception: Failed to create Avahi client: Daemon not running
Jan 02 20:38 : exception: Failed to create Avahi client: Daemon not running
Jan 02 20:39 : exception: Failed to create Avahi client: Daemon not running
Jan 02 20:40 : exception: Failed to create Avahi client: Daemon not running
Jan 02 20:41 : exception: Failed to create Avahi client: Daemon not running
Jan 02 20:42 : exception: Failed to create Avahi client: Daemon not running
Jan 02 20:43 : exception: Failed to create Avahi client: Daemon not running
Jan 02 20:44 : exception: Failed to create Avahi client: Daemon not running
Jan 02 20:45 : exception: Failed to create Avahi client: Daemon not running
Jan 02 20:46 : exception: Failed to create Avahi client: Daemon not running
Jan 02 20:47 : exception: Failed to create Avahi client: Daemon not running
Jan 02 20:48 : exception: Failed to create Avahi client: Daemon not running
Jan 02 20:49 : exception: Failed to create Avahi client: Daemon not running
Jan 02 20:50 : exception: Failed to create Avahi client: Daemon not running
Jan 02 20:51 : exception: Failed to create Avahi client: Daemon not running
Jan 02 20:52 : exception: Failed to create Avahi client: Daemon not running
Jan 02 20:53 : exception: Failed to create Avahi client: Daemon not running
Jan 02 20:54 : exception: Failed to create Avahi client: Daemon not running
Jan 02 20:55 : exception: Failed to create Avahi client: Daemon not running
Jan 02 20:56 : exception: Failed to create Avahi client: Daemon not running
Jan 02 20:57 : exception: Failed to create Avahi client: Daemon not running
Jan 02 20:58 : exception: Failed to create Avahi client: Daemon not running
Jan 02 20:59 : exception: Failed to create Avahi client: Daemon not running
Jan 02 21:00 : exception: Failed to create Avahi client: Daemon not running
Jan 02 21:01 : exception: Failed to create Avahi client: Daemon not running
Jan 02 21:02 : exception: Failed to create Avahi client: Daemon not running
Jan 02 21:03 : exception: Failed to create Avahi client: Daemon not running
Jan 02 21:04 : exception: Failed to create Avahi client: Daemon not running
Jan 02 21:05 : exception: Failed to create Avahi client: Daemon not running
Jan 02 21:06 : exception: Failed to create Avahi client: Daemon not running
Jan 02 21:07 : exception: Failed to create Avahi client: Daemon not running
Jan 02 21:09 : exception: Failed to create Avahi client: Daemon not running
Jan 02 21:10 : exception: Failed to create Avahi client: Daemon not running
Jan 02 21:11 : exception: Failed to create Avahi client: Daemon not running
Jan 02 21:11 : player: played "The_Spectre__Alan_Walker.mp3"
Jan 05 13:54 : player: played "Paris_feat_Cris_Cab__Willy_William.mp3"
Jan 05 13:57 : player: played "Grateful__Neffex.mp3"
Jan 05 14:00 : player: played "Into_Your_Arms_feat_Ava_Max__Witt_Lowry.mp3"
Jan 05 14:05 : player: played "Yeh-Shaam-Mastani-(pagalworldsongs.co.in).mp3"
Jan 05 14:12 : player: played "The_Spectre__Alan_Walker.mp3"
Jan 05 14:15 : player: played "Bomb_A_Drop__Garmiani.mp3"
Jan 05 14:18 : player: played "Lovely_by_MoeinXn__MoeinXn_&_TheRezayi.mp3"
Jan 05 14:21 : player: played "Bad_Boy_feat_Luana_Kiara__Raaban_Tungevaag.mp3"
Jan 05 14:24 : player: played "Magenta_Riddim__DJ_Snake.mp3"
Jan 05 14:28 : player: played "Hislerim__Serhat_Durmus.mp3"
Jan 05 14:30 : player: played "Legends_Never_Die__Remix_-_Against_The_Current_Alan_Walker,_Mako,_League_of_Legends.mp3"
Jan 05 14:34 : player: played "Despacito__Luis_Fonsi_Daddy_Yankee.mp3"
Jan 05 14:37 : player: played "Rise_Up__TheFatRat.mp3"
Jan 05 14:40 : player: played "Fly_Away__TheFatRat.mp3"
Jan 05 14:44 : player: played "Get_Low__Dillon_Francis_DJ_Snake.mp3"
Jan 05 14:47 : player: played "Immortals__Fall_Out_Boy.mp3"
Jan 05 14:50 : player: played "Mood_Lofi__Chill_Mix.mp3"
Jan 07 11:41 : exception: Failed to open "My Pulse Output" (pulse); failed to connect: Connection refused
Jan 07 11:41 : exception: Failed to open "My Pulse Output" (pulse); failed to connect: Connection refused
Jan 07 11:41 : exception: Failed to open "My Pulse Output" (pulse); failed to connect: Connection refused
Jan 07 11:42 : player: played "Lisa__George_Davidson.mp3"
Jan 07 11:42 : exception: Failed to open "My Pulse Output" (pulse); failed to connect: Connection refused
Jan 07 11:44 : exception: Failed to open "My Pulse Output" (pulse); failed to connect: Connection refused
Jan 07 11:44 : exception: Failed to open "My Pulse Output" (pulse); failed to connect: Connection refused
Jan 07 11:45 : exception: Failed to open "My Pulse Output" (pulse); failed to connect: Connection refused
Jan 07 11:48 : player: played "My_Life_Is_Going_On_M├║sica_Original_De_La_Serie_De_TV_La_Casa_De_Papel_Money_Heist__Cecilia_Krull.mp3"
Jan 07 11:48 : exception: Failed to open "My Pulse Output" (pulse); failed to connect: Connection refused
Jan 07 11:50 : player: played "774 AlbanChela&Vinsmoker-HereForYou(feat.Vinsmoker).mp3"
Jan 07 11:50 : exception: Failed to open "My Pulse Output" (pulse); failed to connect: Connection refused
Jan 07 11:53 : player: played "Rise_Up__TheFatRat.mp3"
Jan 07 11:53 : exception: Failed to open "My Pulse Output" (pulse); failed to connect: Connection refused
Jan 07 11:54 : player: played "Yeh-Shaam-Mastani-(pagalworldsongs.co.in).mp3"
Jan 07 11:55 : exception: Failed to open "My Pulse Output" (pulse); failed to connect: Connection refused
Jan 07 11:55 : exception: Failed to open "My Pulse Output" (pulse); failed to connect: Connection refused
Jan 07 11:56 : exception: Failed to open "My Pulse Output" (pulse); failed to connect: Connection refused
Jan 07 11:58 : player: played "774 AlbanChela&Vinsmoker-HereForYou(feat.Vinsmoker).mp3"
Jan 07 11:58 : exception: Failed to open "My Pulse Output" (pulse); failed to connect: Connection refused
Jan 07 11:59 : exception: Failed to open "My Pulse Output" (pulse); failed to connect: Connection refused
Jan 07 11:59 : exception: Failed to open "My Pulse Output" (pulse); failed to connect: Connection refused
Jan 07 11:59 : exception: Failed to open "My Pulse Output" (pulse); failed to connect: Connection refused
Jan 07 12:02 : player: played "Alan-Walker-Sing-Me-to-Sleep.mp3"
Jan 07 12:02 : exception: Failed to open "My Pulse Output" (pulse); failed to connect: Connection refused
Jan 07 12:02 : player: played "Bilionera-Otilia-(pagalworld4u.wapkiz.com).mp3"
Jan 07 12:02 : exception: Failed to open "My Pulse Output" (pulse); failed to connect: Connection refused
Jan 07 12:02 : exception: Failed to open "My Pulse Output" (pulse); failed to connect: Connection refused
Jan 07 12:04 : player: played "Bomb_A_Drop__Garmiani.mp3"
Jan 07 12:04 : exception: Failed to open "My Pulse Output" (pulse); failed to connect: Connection refused
Jan 07 12:04 : exception: Failed to open audio output
Jan 07 12:05 : player: played "Bomb_A_Drop__Garmiani.mp3"
Jan 08 17:46 : player: played "Bad_Boy_feat_Luana_Kiara__Raaban_Tungevaag.mp3"
Jan 08 17:46 : alsa_output: Decoder is too slow; playing silence to avoid xrun
Jan 08 17:48 : player: played "All_Night_Alan_Walker_Remix__Steve_Aoki_Lauren_Jauregui.mp3"
Jan 08 17:49 : output: Failed to pause "My Pulse Output" (pulse): failed to connect the stream: Connection terminated
Jan 08 17:50 : output: Failed to play on "My Pulse Output" (pulse): disconnected
Jan 08 17:56 : output: Failed to pause "My Pulse Output" (pulse): failed to connect the stream: Connection terminated
Jan 08 18:07 : player: played "All_Night_Alan_Walker_Remix__Steve_Aoki_Lauren_Jauregui.mp3"
Jan 08 18:10 : player: played "Hey_Mama_feat_Nicki_Minaj_Bebe_Rexha_&_Afrojack__David_Guetta.mp3"
Jan 08 18:13 : player: played "Alan Walker - Tired (Lyrics) ft. Gavin James (320  kbps).mp3"
Jan 08 18:15 : player: played "Whoopty__CJ.mp3"
Jan 08 18:18 : player: played "Paris_feat_Cris_Cab__Willy_William.mp3"
Jan 08 19:41 : player: played "Runaway__Aurora.mp3"
Jan 13 09:35 : output: Failed to pause "My Pulse Output" (pulse): failed to connect the stream: Connection terminated
Jan 13 09:44 : output: Failed to pause "My Pulse Output" (pulse): failed to connect the stream: Connection terminated
Jan 13 10:30 : player: played "We_Dont_Talk_Anymore_feat_Selena_Gomez__Charlie_Puth.mp3"
Jan 14 18:40 : player: played "We_Dont_Talk_Anymore_feat_Selena_Gomez__Charlie_Puth.mp3"
Jan 17 18:44 : player: played "Zara Zara Bahekta Hai(PagalWorld).mp3"
Jan 17 18:48 : player: played "Zara Zara Bahekta Hai(PagalWorld).mp3"
Jan 17 18:51 : player: played "Legends_Never_Die__Against_The_Current_League_of_Legends.mp3"
Jan 17 18:55 : player: played "Legends_Never_Die__Against_The_Current_League_of_Legends.mp3"
Jan 17 18:59 : player: played "Everyday_Normal_Guy_2__Jon_Lajoie.mp3"
Jan 17 19:03 : player: played "My_Life_Is_Going_On_M├║sica_Original_De_La_Serie_De_TV_La_Casa_De_Papel_Money_Heist__Cecilia_Krull.mp3"
Jan 17 19:04 : client: [1] command "close" during idle
Jan 17 19:06 : player: played "Sugar_&_Brownies__DHARIA.mp3"
Jan 17 19:09 : player: played "Why_Do_I__Unknown_Brain.mp3"
Jan 17 19:12 : player: played "Im_an_Albatraoz__AronChupa_Little_Sis_Nora.mp3"
Jan 17 19:15 : player: played "Im_an_Albatraoz__AronChupa_Little_Sis_Nora.mp3"
Jan 17 19:20 : player: played "Sugar_&_Brownies__DHARIA.mp3"
Jan 19 18:34 : player: played "Immortals__Fall_Out_Boy.mp3"
Jan 19 20:38 : output: Failed to pause "My Pulse Output" (pulse): failed to connect the stream: Connection terminated
Jan 19 20:56 : player: played "INDUSTRY_BABY__Lil_Nas_X_Jack_Harlow.mp3"
Jan 20 12:48 : output: Failed to play on "My Pulse Output" (pulse): disconnected
Jan 20 13:04 : output: Failed to pause "My Pulse Output" (pulse): failed to connect the stream: Connection terminated
Jan 20 13:21 : output: Failed to pause "My Pulse Output" (pulse): failed to connect the stream: Connection terminated
Jan 20 13:22 : player: played "INDUSTRY_BABY__Lil_Nas_X_Jack_Harlow.mp3"
Jan 20 16:26 : player: played "Zara Zara Bahekta Hai(PagalWorld).mp3"
Jan 20 16:30 : player: played "Afraid_of_the_Dark_feat_Sophiya__Kuuro.mp3"
Jan 20 16:32 : player: played "Whoopty__CJ.mp3"
Jan 20 16:35 : player: played "End_of_Time__K-391_Alan_Walker,_Ahrix.mp3"
Jan 20 16:38 : player: played "Fight_Back__Neffex.mp3"
Jan 20 16:41 : player: played "Grateful__Neffex.mp3"
Jan 20 16:43 : player: played "Whoopty__CJ.mp3"
Jan 20 16:46 : player: played "Imagine Dragons - Thunder (320  kbps).mp3"
Jan 20 16:50 : player: played "No_Lie__Sean_Paul.mp3"
Jan 20 17:47 : client: [0] command "close" during idle
Jan 20 17:47 : client: [2] command "close" during idle
Jan 20 17:47 : client: [3] command "close" during idle
Jan 20 17:50 : client: [4] command "close" during idle
Jan 20 17:52 : player: played "Paris_feat_Cris_Cab__Willy_William.mp3"
Jan 20 17:54 : client: [5] command "close" during idle
Jan 20 17:54 : client: [6] command "close" during idle
Jan 20 17:55 : client: [7] command "close" during idle
Jan 20 17:57 : client: [8] command "close" during idle
Jan 20 17:57 : client: [9] command "close" during idle
Jan 20 17:57 : player: played "One_More_Round_Free_Fire_Booyah_Day_Theme_Song__KSHMR_Jeremy_Oceans.mp3"
Jan 20 18:02 : player: played "Why_Do_I__Unknown_Brain.mp3"
Jan 20 18:07 : player: played "Hymn_for_the_Weekend__Coldplay.mp3"
Jan 20 18:08 : output: Failed to pause "My Pulse Output" (pulse): failed to connect the stream: Connection terminated
Jan 20 18:08 : player: played "Runaway__Aurora.mp3"
Jan 21 19:34 : output: Failed to pause "My Pulse Output" (pulse): failed to connect the stream: Connection terminated
Jan 21 19:34 : player: played "Sorry__Alan_Walker.mp3"
Jan 21 19:45 : player: played "Sorry__Alan_Walker.mp3"
Jan 21 19:49 : player: played "Sorry__Alan_Walker.mp3"
Jan 21 21:18 : output: Failed to pause "My Pulse Output" (pulse): failed to connect the stream: Connection terminated
Jan 21 21:18 : player: played "Invisible__Julius_Dreisig_&_Zeus_X_Crona.mp3"
Feb 19 16:37 : player: played "Can_We_Kiss_Forever__Kin├а.mp3"
Feb 19 16:42 : player: played "Everyday_Normal_Guy_2__Jon_Lajoie.mp3"
Feb 19 16:47 : player: played "Get_Low__Dillon_Francis_DJ_Snake.mp3"
Feb 19 16:49 : player: played "Mad_Love__Sean_Paul_David_Guetta.mp3"
Feb 20 20:26 : player: played "Magenta_Riddim__DJ_Snake.mp3"
Feb 20 20:35 : player: played "Mad_Love__Sean_Paul_David_Guetta.mp3"
Feb 20 20:38 : player: played "STAY__The_Kid_Laroi_Justin_Bieber.mp3"
