2023-08-14 19:55:45.422 [info] Extension host with pid 26680 started
2023-08-14 19:55:45.422 [info] Skipping acquiring lock for /home/stroky/.config/Code/User/workspaceStorage/6d21f87085d9ec2efdd1e507386e803f.
2023-08-14 19:55:45.502 [info] ExtensionService#_doActivateExtension vscode.git-base, startup: true, activationEvent: '*', root cause: vscode.git
2023-08-14 19:55:45.518 [info] ExtensionService#_doActivateExtension vscode.git, startup: true, activationEvent: '*'
2023-08-14 19:55:45.558 [info] ExtensionService#_doActivateExtension vscode.github, startup: true, activationEvent: '*'
2023-08-14 19:55:45.647 [info] Eager extensions activated
2023-08-14 19:55:45.679 [info] ExtensionService#_doActivateExtension vscode.debug-auto-launch, startup: false, activationEvent: 'onStartupFinished'
2023-08-14 19:55:45.680 [info] ExtensionService#_doActivateExtension vscode.merge-conflict, startup: false, activationEvent: 'onStartupFinished'
2023-08-14 19:55:45.701 [info] ExtensionService#_doActivateExtension vscode.github-authentication, startup: false, activationEvent: 'onAuthenticationRequest:github'
2023-08-14 19:55:45.873 [info] ExtensionService#_doActivateExtension vscode.microsoft-authentication, startup: false, activationEvent: 'onAuthenticationRequest:microsoft'
2023-08-14 19:55:49.658 [info] ExtensionService#_doActivateExtension vscode.emmet, startup: false, activationEvent: 'onLanguage'
2023-08-14 19:56:15.276 [info] Extension host terminating: renderer closed the MessagePort
2023-08-14 19:56:15.284 [info] Extension host with pid 26680 exiting with code 0
2023-08-14 19:56:16.101 [info] Extension host with pid 26778 started
2023-08-14 19:56:16.101 [info] Skipping acquiring lock for /home/stroky/.config/Code/User/workspaceStorage/6d21f87085d9ec2efdd1e507386e803f.
2023-08-14 19:56:16.154 [info] ExtensionService#_doActivateExtension vscode.github-authentication, startup: false, activationEvent: 'onAuthenticationRequest:github'
2023-08-14 19:56:16.164 [info] ExtensionService#_doActivateExtension vscode.microsoft-authentication, startup: false, activationEvent: 'onAuthenticationRequest:microsoft'
2023-08-14 19:56:16.180 [info] ExtensionService#_doActivateExtension golang.go, startup: false, activationEvent: 'onLanguage:go'
2023-08-14 19:56:16.224 [info] ExtensionService#_doActivateExtension vscode.emmet, startup: false, activationEvent: 'onLanguage'
2023-08-14 19:56:16.539 [info] ExtensionService#_doActivateExtension vscode.git-base, startup: true, activationEvent: '*', root cause: vscode.git
2023-08-14 19:56:16.540 [info] ExtensionService#_doActivateExtension dlasagno.wal-theme, startup: true, activationEvent: '*'
2023-08-14 19:56:16.589 [info] ExtensionService#_doActivateExtension vscode.git, startup: true, activationEvent: '*'
2023-08-14 19:56:16.615 [info] ExtensionService#_doActivateExtension vscode.github, startup: true, activationEvent: '*'
2023-08-14 19:56:16.688 [info] Eager extensions activated
2023-08-14 19:56:16.707 [info] ExtensionService#_doActivateExtension vscode.debug-auto-launch, startup: false, activationEvent: 'onStartupFinished'
2023-08-14 19:56:16.709 [info] ExtensionService#_doActivateExtension vscode.merge-conflict, startup: false, activationEvent: 'onStartupFinished'
2023-08-14 19:56:16.720 [info] ExtensionService#_doActivateExtension formulahendry.code-runner, startup: false, activationEvent: 'onStartupFinished'
2023-08-14 19:58:42.692 [info] ExtensionService#_doActivateExtension vscode.json-language-features, startup: false, activationEvent: 'onLanguage:jsonc'
2023-08-14 19:58:42.715 [info] ExtensionService#_doActivateExtension vscode.typescript-language-features, startup: false, activationEvent: 'onLanguage:jsonc'
2023-08-14 20:01:50.629 [info] ExtensionService#_doActivateExtension donjayamanne.python-environment-manager, startup: false, activationEvent: 'onView:pythonEnvironments'
2023-08-14 20:03:34.152 [info] ExtensionService#_doActivateExtension vscodevim.vim, startup: false, activationEvent: '*'
2023-08-14 20:03:35.279 [error] Error: ENOENT: no such file or directory, open '/home/stroky/.config/Code/User/globalStorage/vscodevim.vim/.registers'
2023-08-14 20:08:16.282 [warning] TextEditor is closed/disposed
2023-08-14 20:08:16.282 [warning] TextEditor is closed/disposed
2023-08-14 20:08:16.319 [warning] ExtHostTextEditorOptions 'setCursorStyle' failed:'
2023-08-14 20:08:16.320 [warning] TextEditor(vs.editor.ICodeEditor:1,$model4) has been disposed
2023-08-14 20:39:45.743 [info] Extension host terminating: renderer closed the MessagePort
2023-08-14 20:39:45.781 [info] Extension host with pid 26778 exiting with code 0
