2023-08-09 14:56:32.542 [info] Reading sessions from secret storage...
2023-08-09 14:56:32.577 [info] Got 0 stored sessions
2023-08-09 14:56:32.598 [info] Getting sessions for all scopes...
2023-08-09 14:56:32.598 [info] Got 0 sessions for all scopes...
2023-08-09 14:56:32.598 [info] Getting sessions for the following scopes: email offline_access openid profile
2023-08-09 14:56:32.598 [info] Got 0 sessions for scopes: email offline_access openid profile
2023-08-09 15:17:44.213 [info] Reading sessions from secret storage...
2023-08-09 15:17:44.213 [info] Got 0 stored sessions
2023-08-09 15:17:44.245 [info] Getting sessions for all scopes...
2023-08-09 15:17:44.245 [info] Got 0 sessions for all scopes...
2023-08-09 15:17:44.270 [info] Getting sessions for the following scopes: email offline_access openid profile
2023-08-09 15:17:44.270 [info] Got 0 sessions for scopes: email offline_access openid profile
2023-08-09 15:46:43.104 [info] Reading sessions from secret storage...
2023-08-09 15:46:43.104 [info] Got 0 stored sessions
2023-08-09 15:46:43.109 [info] Getting sessions for all scopes...
2023-08-09 15:46:43.109 [info] Got 0 sessions for all scopes...
2023-08-09 15:46:43.109 [info] Getting sessions for the following scopes: email offline_access openid profile
2023-08-09 15:46:43.109 [info] Got 0 sessions for scopes: email offline_access openid profile
2023-08-09 15:58:57.938 [info] Reading sessions from secret storage...
2023-08-09 15:58:57.938 [info] Got 0 stored sessions
2023-08-09 15:58:57.938 [info] Getting sessions for all scopes...
2023-08-09 15:58:57.938 [info] Got 0 sessions for all scopes...
2023-08-09 15:58:57.939 [info] Getting sessions for the following scopes: email offline_access openid profile
2023-08-09 15:58:57.939 [info] Got 0 sessions for scopes: email offline_access openid profile
2023-08-09 16:12:06.660 [info] Reading sessions from secret storage...
2023-08-09 16:12:06.748 [info] Got 0 stored sessions
2023-08-09 16:12:06.843 [info] Getting sessions for all scopes...
2023-08-09 16:12:06.843 [info] Got 0 sessions for all scopes...
2023-08-09 16:12:07.000 [info] Getting sessions for the following scopes: email offline_access openid profile
2023-08-09 16:12:07.000 [info] Got 0 sessions for scopes: email offline_access openid profile
2023-08-09 16:13:31.668 [info] Reading sessions from secret storage...
2023-08-09 16:13:31.668 [info] Got 0 stored sessions
2023-08-09 16:13:31.677 [info] Getting sessions for all scopes...
2023-08-09 16:13:31.677 [info] Got 0 sessions for all scopes...
2023-08-09 16:13:31.679 [info] Getting sessions for the following scopes: email offline_access openid profile
2023-08-09 16:13:31.679 [info] Got 0 sessions for scopes: email offline_access openid profile
