[Info  - 12:49:43 PM] 2023/08/18 12:49:41 go info for /home/stroky/.local/codes/golangg
(go dir /home/stroky/.local/codes/golangg)
(go version go version go1.21.0 linux/amd64)
(valid build configuration = false)
(build flags: [])
(selected go env: [GO111MODULE=, GOCACHE=/home/stroky/.cache/go-build, GOFLAGS=, GOMODCACHE=/home/stroky/go/bin/pkg/mod, GOPATH=/home/stroky/go/bin/, GOPRIVATE=, GOROOT=/usr/lib/go, GOWORK=])


[Info  - 12:49:46 PM] 2023/08/18 12:49:46 go/packages.Load #1
	snapshot=0
	directory=file:///home/stroky/.local/codes/golangg
	query=[./ builtin]
	packages=2

[Info  - 12:49:46 PM] 2023/08/18 12:49:46 go/packages.Load #1: updating metadata for 43 packages

[Info  - 1:03:08 PM] 2023/08/18 13:03:08 Shutdown session
	shutdown_session=1

[Info  - 1:03:08 PM] 2023/08/18 13:03:08 go info for /home/stroky/.local/codes/golangg
(go dir /home/stroky/.local/codes/golangg)
(go version go version go1.21.0 linux/amd64)
(valid build configuration = false)
(build flags: [])
(selected go env: [GO111MODULE=, GOCACHE=/home/stroky/.cache/go-build, GOFLAGS=, GOMODCACHE=/home/stroky/go/bin/pkg/mod, GOPATH=/home/stroky/go/bin/, GOPRIVATE=, GOROOT=/usr/lib/go, GOWORK=])


[Info  - 1:03:08 PM] 2023/08/18 13:03:08 go/packages.Load #1
	snapshot=0
	directory=file:///home/stroky/.local/codes/golangg
	query=[./ builtin]
	packages=2

[Info  - 1:03:08 PM] 2023/08/18 13:03:08 go/packages.Load #1: updating metadata for 43 packages

[Info  - 1:03:38 PM] 2023/08/18 13:03:38 background imports cache refresh starting

[Info  - 1:03:38 PM] 2023/08/18 13:03:38 background refresh finished after 390.881µs

