[Info  - 7:34:23 PM] 2023/08/14 19:34:23 go info for /home/stroky/.local/codes
(go dir /home/stroky/.local/codes)
(go version go version go1.21.0 linux/amd64)
(valid build configuration = false)
(build flags: [])
(selected go env: [GO111MODULE=, GOCACHE=/home/stroky/.cache/go-build, GOFLAGS=, GOMODCACHE=/home/stroky/go/pkg/mod, GOPATH=/home/stroky/go, GOPRIVATE=, GOROOT=/usr/lib/go, GOWORK=])


[Info  - 7:34:23 PM] 2023/08/14 19:34:23 go/packages.Load #1
	snapshot=0
	directory=file:///home/stroky/.local/codes
	query=[./ builtin]
	packages=2

[Info  - 7:34:23 PM] 2023/08/14 19:34:23 go/packages.Load #1: updating metadata for 0 packages

[Info  - 7:34:23 PM] 2023/08/14 19:34:23 reloadOrphanedFiles reloading
	files=[file:///home/stroky/.local/codes/golangg/hello.go]

[Info  - 7:34:23 PM] 2023/08/14 19:34:23 go/packages.Load #2
	snapshot=1
	directory=file:///home/stroky/.local/codes
	query=[file=/home/stroky/.local/codes/golangg/hello.go]
	packages=1

[Info  - 7:34:23 PM] 2023/08/14 19:34:23 go/packages.Load #2: updating metadata for 1 packages

[Info  - 7:34:23 PM] 2023/08/14 19:34:23 go/packages.Load #2
	snapshot=1
	directory=file:///home/stroky/.local/codes
	package="command-line-arguments"
	files=[/home/stroky/.local/codes/golangg/hello.go]

[Error - 7:34:24 PM] 2023/08/14 19:34:24 errors loading workspace: gopls was not able to find modules in your workspace.
When outside of GOPATH, gopls needs to know which modules you are working on.
You can fix this by opening your workspace to a folder inside a Go module, or
by using a go.work file to specify multiple modules.
See the documentation for more information on setting up your workspace:
https://github.com/golang/tools/blob/master/gopls/doc/workspace.md.
	snapshot=1
	directory=file:///home/stroky/.local/codes

[Error - 7:34:33 PM] 2023/08/14 19:34:33 no completions found: getting file file:///home/stroky/.local/codes/golangg/hello.go for Completion: %!w(<nil>) (package completions: invalid position for package completion: cursor in non-matching ident)
	position=0:2

[Error - 7:34:33 PM] 2023/08/14 19:34:33 imports fixes: AllImportsFixes: importPrefix: failed to parse: 1:1: expected 'package', found he
	file="/home/stroky/.local/codes/golangg/hello.go"

[Error - 7:34:33 PM] 2023/08/14 19:34:33 no completions found: getting file file:///home/stroky/.local/codes/golangg/hello.go for Completion: %!w(<nil>) (package completions: invalid position for package completion: cursor in non-matching ident)
	position=0:1

[Error - 7:34:35 PM] 2023/08/14 19:34:35 errors loading workspace: gopls was not able to find modules in your workspace.
When outside of GOPATH, gopls needs to know which modules you are working on.
You can fix this by opening your workspace to a folder inside a Go module, or
by using a go.work file to specify multiple modules.
See the documentation for more information on setting up your workspace:
https://github.com/golang/tools/blob/master/gopls/doc/workspace.md.
	snapshot=5
	directory=file:///home/stroky/.local/codes

[Info  - 7:36:02 PM] 2023/08/14 19:36:02 reloadOrphanedFiles reloading
	files=[file:///home/stroky/.local/codes/golangg/hello.go]

[Info  - 7:36:02 PM] 2023/08/14 19:36:02 go/packages.Load #3
	snapshot=6
	directory=file:///home/stroky/.local/codes
	query=[file=/home/stroky/.local/codes/golangg/hello.go]
	packages=1

[Info  - 7:36:02 PM] 2023/08/14 19:36:02 go/packages.Load #3
	snapshot=6
	directory=file:///home/stroky/.local/codes
	package="command-line-arguments"
	files=[/home/stroky/.local/codes/golangg/hello.go]

[Info  - 7:36:02 PM] 2023/08/14 19:36:02 go/packages.Load #3: updating metadata for 43 packages

[Error - 7:36:03 PM] 2023/08/14 19:36:03 errors loading workspace: gopls was not able to find modules in your workspace.
When outside of GOPATH, gopls needs to know which modules you are working on.
You can fix this by opening your workspace to a folder inside a Go module, or
by using a go.work file to specify multiple modules.
See the documentation for more information on setting up your workspace:
https://github.com/golang/tools/blob/master/gopls/doc/workspace.md.
	snapshot=6
	directory=file:///home/stroky/.local/codes

[Error - 7:36:07 PM] 2023/08/14 19:36:07 errors loading workspace: gopls was not able to find modules in your workspace.
When outside of GOPATH, gopls needs to know which modules you are working on.
You can fix this by opening your workspace to a folder inside a Go module, or
by using a go.work file to specify multiple modules.
See the documentation for more information on setting up your workspace:
https://github.com/golang/tools/blob/master/gopls/doc/workspace.md.
	snapshot=9
	directory=file:///home/stroky/.local/codes

[Info  - 7:36:32 PM] 2023/08/14 19:36:32 background imports cache refresh starting

[Info  - 7:36:32 PM] 2023/08/14 19:36:32 background refresh finished after 410.527µs

[Info  - 7:39:46 PM] 2023/08/14 19:39:46 Shutdown session
	shutdown_session=1

