[Info  - 7:56:16 PM] 2023/08/14 19:56:16 go info for /home/stroky/.local/codes/golangg
(go dir /home/stroky/.local/codes/golangg)
(go version go version go1.21.0 linux/amd64)
(valid build configuration = false)
(build flags: [])
(selected go env: [GO111MODULE=, GOCACHE=/home/stroky/.cache/go-build, GOFLAGS=, GOMODCACHE=/home/stroky/go/bin/pkg/mod, GOPATH=/home/stroky/go/bin/, GOPRIVATE=, GOROOT=/usr/lib/go, GOWORK=])


[Info  - 7:56:16 PM] 2023/08/14 19:56:16 go/packages.Load #1: updating metadata for 43 packages

[Info  - 7:56:16 PM] 2023/08/14 19:56:16 go/packages.Load #1
	snapshot=0
	directory=file:///home/stroky/.local/codes/golangg
	query=[./ builtin]
	packages=2

[Error - 7:56:48 PM] 2023/08/14 19:56:48 imports fixes: AllImportsFixes: /home/stroky/.local/codes/golangg/hello.go:7:12: expected operand, found '|' (and 5 more errors)
	file="/home/stroky/.local/codes/golangg/hello.go"

[Error - 7:56:49 PM] 2023/08/14 19:56:49 imports fixes: AllImportsFixes: /home/stroky/.local/codes/golangg/hello.go:7:12: expected operand, found '|' (and 5 more errors)
	file="/home/stroky/.local/codes/golangg/hello.go"

[Error - 7:56:50 PM] 2023/08/14 19:56:50 imports fixes: AllImportsFixes: /home/stroky/.local/codes/golangg/hello.go:7:12: expected operand, found '|' (and 5 more errors)
	file="/home/stroky/.local/codes/golangg/hello.go"

[Info  - 7:56:51 PM] 2023/08/14 19:56:51 background imports cache refresh starting

[Info  - 7:56:51 PM] 2023/08/14 19:56:51 background refresh finished after 343.169µs

[Error - 7:56:52 PM] 2023/08/14 19:56:52 no signature help: no signature help within a string literal
	position=6:12

[Error - 7:57:05 PM] 2023/08/14 19:57:05 imports fixes: AllImportsFixes: /home/stroky/.local/codes/golangg/hello.go:7:14: missing ',' in argument list (and 7 more errors)
	file="/home/stroky/.local/codes/golangg/hello.go"

[Info  - 7:57:22 PM] 2023/08/14 19:57:22 background imports cache refresh starting

[Info  - 7:57:22 PM] 2023/08/14 19:57:22 background refresh finished after 343.868µs

[Info  - 7:57:55 PM] 2023/08/14 19:57:55 background imports cache refresh starting

[Info  - 7:57:55 PM] 2023/08/14 19:57:55 background refresh finished after 349.911µs

[Info  - 7:59:28 PM] 2023/08/14 19:59:28 background imports cache refresh starting

[Info  - 7:59:28 PM] 2023/08/14 19:59:28 background refresh finished after 381.578µs

[Error - 8:01:42 PM] 2023/08/14 20:01:42 imports fixes: AllImportsFixes: /home/stroky/.local/codes/golangg/hello.go:9:1: expected declaration, found k
	file="/home/stroky/.local/codes/golangg/hello.go"

[Info  - 8:01:54 PM] 2023/08/14 20:01:54 background imports cache refresh starting

[Info  - 8:01:54 PM] 2023/08/14 20:01:54 background refresh finished after 110.761µs

[Error - 8:02:36 PM] 2023/08/14 20:02:36 no signature help: cannot find an enclosing function
	position=7:13

[Info  - 8:02:37 PM] 2023/08/14 20:02:37 background imports cache refresh starting

[Info  - 8:02:37 PM] 2023/08/14 20:02:37 background refresh finished after 342.965µs

[Error - 8:02:37 PM] 2023/08/14 20:02:37 imports fixes: AllImportsFixes: /home/stroky/.local/codes/golangg/hello.go:8:15: expected ';', found 'EOF' (and 1 more errors)
	file="/home/stroky/.local/codes/golangg/hello.go"

[Info  - 8:03:11 PM] 2023/08/14 20:03:11 background imports cache refresh starting

[Info  - 8:03:11 PM] 2023/08/14 20:03:11 background refresh finished after 384.541µs

[Info  - 8:08:07 PM] 2023/08/14 20:08:07 background imports cache refresh starting

[Info  - 8:08:07 PM] 2023/08/14 20:08:07 background refresh finished after 452.342µs

[Info  - 8:09:00 PM] 2023/08/14 20:09:00 background imports cache refresh starting

[Info  - 8:09:01 PM] 2023/08/14 20:09:00 background refresh finished after 603.36µs

[Info  - 8:09:42 PM] 2023/08/14 20:09:42 background imports cache refresh starting

[Info  - 8:09:42 PM] 2023/08/14 20:09:42 background refresh finished after 350.144µs

[Info  - 8:39:45 PM] 2023/08/14 20:39:45 Shutdown session
	shutdown_session=1

