> conda info --json
> ~/.pyenv/versions/3.7.17/bin/python ~/.vscode/extensions/donjayamanne.python-environment-manager-1.0.4/pythonFiles/get_output_via_markers.py ~/.vscode/extensions/donjayamanne.python-environment-manager-1.0.4/pythonFiles/interpreterInfo.py
> /bin/python ~/.vscode/extensions/donjayamanne.python-environment-manager-1.0.4/pythonFiles/get_output_via_markers.py ~/.vscode/extensions/donjayamanne.python-environment-manager-1.0.4/pythonFiles/interpreterInfo.py
> /bin/python2 ~/.vscode/extensions/donjayamanne.python-environment-manager-1.0.4/pythonFiles/get_output_via_markers.py ~/.vscode/extensions/donjayamanne.python-environment-manager-1.0.4/pythonFiles/interpreterInfo.py
> /sbin/python ~/.vscode/extensions/donjayamanne.python-environment-manager-1.0.4/pythonFiles/get_output_via_markers.py ~/.vscode/extensions/donjayamanne.python-environment-manager-1.0.4/pythonFiles/interpreterInfo.py
[ERROR 2023-7-14 20:1:51.738]: [Error: Command failed: /bin/python2 /home/stroky/.vscode/extensions/donjayamanne.python-environment-manager-1.0.4/pythonFiles/get_output_via_markers.py /home/stroky/.vscode/extensions/donjayamanne.python-environment-manager-1.0.4/pythonFiles/interpreterInfo.py
Could not find platform independent libraries <prefix>
Could not find platform dependent libraries <exec_prefix>
Consider setting $PYTHONHOME to <prefix>[:<exec_prefix>]
ImportError: No module named site

	at ChildProcess.exithandler (node:child_process:409:12)
	at ChildProcess.emit (node:events:513:28)
	at maybeClose (node:internal/child_process:1121:16)
	at Socket.<anonymous> (node:internal/child_process:479:11)
	at Socket.emit (node:events:513:28)
	at Pipe.<anonymous> (node:net:757:14)] {
  code: 1,
  killed: false,
  signal: null,
  cmd: '/bin/python2 /home/stroky/.vscode/extensions/donjayamanne.python-environment-manager-1.0.4/pythonFiles/get_output_via_markers.py /home/stroky/.vscode/extensions/donjayamanne.python-environment-manager-1.0.4/pythonFiles/interpreterInfo.py'
}
> /sbin/python2 ~/.vscode/extensions/donjayamanne.python-environment-manager-1.0.4/pythonFiles/get_output_via_markers.py ~/.vscode/extensions/donjayamanne.python-environment-manager-1.0.4/pythonFiles/interpreterInfo.py
> /usr/bin/python ~/.vscode/extensions/donjayamanne.python-environment-manager-1.0.4/pythonFiles/get_output_via_markers.py ~/.vscode/extensions/donjayamanne.python-environment-manager-1.0.4/pythonFiles/interpreterInfo.py
[ERROR 2023-7-14 20:1:51.806]: [Error: Command failed: /sbin/python2 /home/stroky/.vscode/extensions/donjayamanne.python-environment-manager-1.0.4/pythonFiles/get_output_via_markers.py /home/stroky/.vscode/extensions/donjayamanne.python-environment-manager-1.0.4/pythonFiles/interpreterInfo.py
Could not find platform independent libraries <prefix>
Could not find platform dependent libraries <exec_prefix>
Consider setting $PYTHONHOME to <prefix>[:<exec_prefix>]
ImportError: No module named site

	at ChildProcess.exithandler (node:child_process:409:12)
	at ChildProcess.emit (node:events:513:28)
	at maybeClose (node:internal/child_process:1121:16)
	at Socket.<anonymous> (node:internal/child_process:479:11)
	at Socket.emit (node:events:513:28)
	at Pipe.<anonymous> (node:net:757:14)] {
  code: 1,
  killed: false,
  signal: null,
  cmd: '/sbin/python2 /home/stroky/.vscode/extensions/donjayamanne.python-environment-manager-1.0.4/pythonFiles/get_output_via_markers.py /home/stroky/.vscode/extensions/donjayamanne.python-environment-manager-1.0.4/pythonFiles/interpreterInfo.py'
}
> /usr/bin/python2 ~/.vscode/extensions/donjayamanne.python-environment-manager-1.0.4/pythonFiles/get_output_via_markers.py ~/.vscode/extensions/donjayamanne.python-environment-manager-1.0.4/pythonFiles/interpreterInfo.py
> /usr/sbin/python ~/.vscode/extensions/donjayamanne.python-environment-manager-1.0.4/pythonFiles/get_output_via_markers.py ~/.vscode/extensions/donjayamanne.python-environment-manager-1.0.4/pythonFiles/interpreterInfo.py
> /usr/sbin/python2 ~/.vscode/extensions/donjayamanne.python-environment-manager-1.0.4/pythonFiles/get_output_via_markers.py ~/.vscode/extensions/donjayamanne.python-environment-manager-1.0.4/pythonFiles/interpreterInfo.py
