2023-08-14 19:55:45.011 [info] Added views:workbench.panel.markers.view in workbench.panel.markers
2023-08-14 19:55:45.011 [info] Added views:workbench.panel.output in workbench.panel.output
2023-08-14 19:55:45.011 [info] Added views:terminal in terminal
2023-08-14 19:55:45.011 [info] Added views:outline in workbench.view.explorer
2023-08-14 19:55:45.011 [info] Added views:workbench.scm in workbench.view.scm
2023-08-14 19:55:45.011 [info] Added views:workbench.view.search in workbench.view.search
2023-08-14 19:55:45.011 [info] Added views:timeline in workbench.view.explorer
2023-08-14 19:55:45.011 [info] Added views:workbench.explorer.fileView in workbench.view.explorer
2023-08-14 19:55:45.418 [info] Added views:workbench.debug.variablesView,workbench.debug.watchExpressionsView,workbench.debug.callStackView,workbench.debug.breakPointsView in workbench.view.debug
2023-08-14 19:55:45.488 [info] Added views:workbench.panel.repl.view in workbench.panel.repl
2023-08-14 19:55:45.490 [info] Removed views:workbench.debug.breakPointsView,workbench.debug.callStackView,workbench.debug.watchExpressionsView,workbench.debug.variablesView from workbench.view.debug
2023-08-14 19:55:45.491 [info] Added views:workbench.debug.welcome in workbench.view.debug
2023-08-14 19:56:15.540 [info] Added views:pythonEnvironments in workbench.view.extension.package-explorer
2023-08-14 19:56:16.101 [info] Removed views:workbench.panel.repl.view from workbench.panel.repl
2023-08-14 19:56:16.155 [info] Added views:workbench.panel.repl.view in workbench.panel.repl
2023-08-14 19:56:16.486 [info] Added views:workbench.view.testing in workbench.view.extension.test
2023-08-14 19:56:16.508 [info] Added views:go.explorer in workbench.view.explorer
2023-08-14 19:58:42.621 [info] Added views:workbench.views.profiles.export.preview in userDataProfiles
2023-08-14 19:58:45.439 [info] Removed views:workbench.views.profiles.export.preview from userDataProfiles
2023-08-14 20:01:56.199 [info] Added views:workbench.views.extensions.installed,workbench.views.extensions.popular,extensions.recommendedList in workbench.view.extensions
2023-08-14 20:01:56.210 [info] Removed views:workbench.views.extensions.popular from workbench.view.extensions
2023-08-14 20:02:53.064 [info] Removed views:extensions.recommendedList,workbench.views.extensions.installed from workbench.view.extensions
2023-08-14 20:02:53.081 [info] Added views:workbench.views.extensions.marketplace in workbench.view.extensions
2023-08-14 20:08:43.604 [info] Removed views:workbench.views.extensions.marketplace from workbench.view.extensions
2023-08-14 20:08:43.626 [info] Added views:workbench.views.extensions.installed,extensions.recommendedList in workbench.view.extensions
2023-08-14 20:39:45.749 [info] Removed views:workbench.view.testing from workbench.view.extension.test
