2023-08-09 14:55:01.494 [info] Deleted uninstalled extension from disk ms-toolsai.jupyter /home/stroky/.vscode/extensions/ms-toolsai.jupyter-2023.6.1101941928-linux-x64
2023-08-09 14:56:16.805 [info] Extensions removed from another source batisteo.vscode-django vscode-userdata:/home/stroky/.vscode/extensions/extensions.json
2023-08-09 14:56:16.806 [info] Extensions removed from another source donjayamanne.python-environment-manager vscode-userdata:/home/stroky/.vscode/extensions/extensions.json
2023-08-09 14:56:16.806 [info] Extensions removed from another source donjayamanne.python-extension-pack vscode-userdata:/home/stroky/.vscode/extensions/extensions.json
2023-08-09 14:56:16.806 [info] Extensions removed from another source eliverlara.andromeda vscode-userdata:/home/stroky/.vscode/extensions/extensions.json
2023-08-09 14:56:16.806 [info] Extensions removed from another source formulahendry.code-runner vscode-userdata:/home/stroky/.vscode/extensions/extensions.json
2023-08-09 14:56:16.806 [info] Extensions removed from another source kevinrose.vsc-python-indent vscode-userdata:/home/stroky/.vscode/extensions/extensions.json
2023-08-09 14:56:16.806 [info] Extensions removed from another source lior-chamla.google-fonts vscode-userdata:/home/stroky/.vscode/extensions/extensions.json
2023-08-09 14:56:16.806 [info] Extensions removed from another source njpwerner.autodocstring vscode-userdata:/home/stroky/.vscode/extensions/extensions.json
2023-08-09 14:56:16.806 [info] Extensions removed from another source rebornix.ruby vscode-userdata:/home/stroky/.vscode/extensions/extensions.json
2023-08-09 14:56:16.806 [info] Extensions removed from another source solarliner.linux-themes vscode-userdata:/home/stroky/.vscode/extensions/extensions.json
2023-08-09 14:56:16.807 [info] Extensions removed from another source vintharas.learn-vim vscode-userdata:/home/stroky/.vscode/extensions/extensions.json
2023-08-09 14:56:16.807 [info] Extensions removed from another source visualstudioexptteam.vscodeintellicode vscode-userdata:/home/stroky/.vscode/extensions/extensions.json
2023-08-09 14:56:16.807 [info] Extensions removed from another source wholroyd.jinja vscode-userdata:/home/stroky/.vscode/extensions/extensions.json
2023-08-09 14:56:16.807 [info] Extensions removed from another source wingrunr21.vscode-ruby vscode-userdata:/home/stroky/.vscode/extensions/extensions.json
2023-08-09 14:56:16.807 [info] Extensions removed from another source wyattferguson.jinja2-snippet-kit vscode-userdata:/home/stroky/.vscode/extensions/extensions.json
2023-08-09 14:56:16.807 [info] Extensions removed from another source vscodevim.vim vscode-userdata:/home/stroky/.vscode/extensions/extensions.json
2023-08-09 14:56:16.807 [info] Extensions removed from another source ms-azuretools.vscode-docker vscode-userdata:/home/stroky/.vscode/extensions/extensions.json
2023-08-09 14:56:16.808 [info] Extensions removed from another source mikhail-arkhipov.r vscode-userdata:/home/stroky/.vscode/extensions/extensions.json
2023-08-09 14:56:16.808 [info] Extensions removed from another source rdebugger.r-debugger vscode-userdata:/home/stroky/.vscode/extensions/extensions.json
2023-08-09 14:56:16.808 [info] Extensions removed from another source ms-toolsai.jupyter-keymap vscode-userdata:/home/stroky/.vscode/extensions/extensions.json
2023-08-09 14:56:16.810 [info] Extensions removed from another source ms-toolsai.vscode-jupyter-cell-tags vscode-userdata:/home/stroky/.vscode/extensions/extensions.json
2023-08-09 14:56:16.810 [info] Extensions removed from another source ms-toolsai.vscode-jupyter-slideshow vscode-userdata:/home/stroky/.vscode/extensions/extensions.json
2023-08-09 14:56:16.810 [info] Extensions removed from another source visualstudioexptteam.intellicode-api-usage-examples vscode-userdata:/home/stroky/.vscode/extensions/extensions.json
2023-08-09 14:56:16.810 [info] Extensions removed from another source reditorsupport.r vscode-userdata:/home/stroky/.vscode/extensions/extensions.json
2023-08-09 14:56:16.811 [info] Extensions removed from another source ms-toolsai.jupyter-renderers vscode-userdata:/home/stroky/.vscode/extensions/extensions.json
2023-08-09 14:56:16.811 [info] Extensions removed from another source ms-vscode-remote.remote-containers vscode-userdata:/home/stroky/.vscode/extensions/extensions.json
2023-08-09 14:56:16.811 [info] Extensions removed from another source ms-python.python vscode-userdata:/home/stroky/.vscode/extensions/extensions.json
2023-08-09 14:56:16.811 [info] Extensions removed from another source ms-python.vscode-pylance vscode-userdata:/home/stroky/.vscode/extensions/extensions.json
2023-08-09 14:56:16.811 [info] Extensions removed from another source hc.wallace-corporation vscode-userdata:/home/stroky/.vscode/extensions/extensions.json
2023-08-09 14:56:16.811 [info] Extensions removed from another source dlasagno.wal-theme vscode-userdata:/home/stroky/.vscode/extensions/extensions.json
2023-08-09 14:56:16.811 [info] Extensions removed from another source ms-toolsai.jupyter vscode-userdata:/home/stroky/.vscode/extensions/extensions.json
2023-08-09 14:56:16.889 [info] Started initializing default profile extensions in extensions installation folder. file:///home/stroky/.vscode/extensions
2023-08-09 14:56:17.120 [error] Error: Unable to resolve nonexistent file '/home/stroky/.vscode/extensions'
    at p.resolve (/opt/visual-studio-code/resources/app/out/vs/code/node/sharedProcess/sharedProcessMain.js:39:14125)
    at async W.k (/opt/visual-studio-code/resources/app/out/vs/code/node/sharedProcess/sharedProcessMain.js:82:96872)
    at async W.scanExtensions (/opt/visual-studio-code/resources/app/out/vs/code/node/sharedProcess/sharedProcessMain.js:82:96646)
    at async m.scanUserExtensions (/opt/visual-studio-code/resources/app/out/vs/code/node/sharedProcess/sharedProcessMain.js:82:89609)
    at async /opt/visual-studio-code/resources/app/out/vs/code/node/sharedProcess/sharedProcessMain.js:82:91594
2023-08-09 14:56:17.170 [warning] [File Watcher (node.js)] Watcher shutdown because watched path got deleted
2023-08-09 14:56:17.197 [info] Started initializing default profile extensions in extensions installation folder. file:///home/stroky/.vscode/extensions
2023-08-09 14:56:17.668 [error] Error: Unable to resolve nonexistent file '/home/stroky/.vscode/extensions'
    at p.resolve (/opt/visual-studio-code/resources/app/out/vs/code/node/sharedProcess/sharedProcessMain.js:39:14125)
    at async W.k (/opt/visual-studio-code/resources/app/out/vs/code/node/sharedProcess/sharedProcessMain.js:82:96872)
    at async W.scanExtensions (/opt/visual-studio-code/resources/app/out/vs/code/node/sharedProcess/sharedProcessMain.js:82:96646)
    at async m.scanUserExtensions (/opt/visual-studio-code/resources/app/out/vs/code/node/sharedProcess/sharedProcessMain.js:82:89609)
    at async /opt/visual-studio-code/resources/app/out/vs/code/node/sharedProcess/sharedProcessMain.js:82:91594
2023-08-09 14:56:17.691 [info] Started initializing default profile extensions in extensions installation folder. file:///home/stroky/.vscode/extensions
2023-08-09 14:56:17.841 [error] Error: Unable to resolve nonexistent file '/home/stroky/.vscode/extensions'
    at p.resolve (/opt/visual-studio-code/resources/app/out/vs/code/node/sharedProcess/sharedProcessMain.js:39:14125)
    at async W.k (/opt/visual-studio-code/resources/app/out/vs/code/node/sharedProcess/sharedProcessMain.js:82:96872)
    at async W.scanExtensions (/opt/visual-studio-code/resources/app/out/vs/code/node/sharedProcess/sharedProcessMain.js:82:96646)
    at async m.scanUserExtensions (/opt/visual-studio-code/resources/app/out/vs/code/node/sharedProcess/sharedProcessMain.js:82:89609)
    at async /opt/visual-studio-code/resources/app/out/vs/code/node/sharedProcess/sharedProcessMain.js:82:91594
2023-08-09 14:56:17.842 [info] Started initializing default profile extensions in extensions installation folder. file:///home/stroky/.vscode/extensions
2023-08-09 14:56:17.843 [error] Error: Unable to resolve nonexistent file '/home/stroky/.vscode/extensions'
    at p.resolve (/opt/visual-studio-code/resources/app/out/vs/code/node/sharedProcess/sharedProcessMain.js:39:14125)
    at async W.k (/opt/visual-studio-code/resources/app/out/vs/code/node/sharedProcess/sharedProcessMain.js:82:96872)
    at async W.scanExtensions (/opt/visual-studio-code/resources/app/out/vs/code/node/sharedProcess/sharedProcessMain.js:82:96646)
    at async m.scanUserExtensions (/opt/visual-studio-code/resources/app/out/vs/code/node/sharedProcess/sharedProcessMain.js:82:89609)
    at async /opt/visual-studio-code/resources/app/out/vs/code/node/sharedProcess/sharedProcessMain.js:82:91594
    at async m.scanUserExtensions (/opt/visual-studio-code/resources/app/out/vs/code/node/sharedProcess/sharedProcessMain.js:82:89705)
    at async Promise.all (index 1)
    at async m.scanAllExtensions (/opt/visual-studio-code/resources/app/out/vs/code/node/sharedProcess/sharedProcessMain.js:82:88806)
    at async B.scanExtensions (/opt/visual-studio-code/resources/app/out/vs/code/node/sharedProcess/sharedProcessMain.js:92:10907)
    at async h.call (/opt/visual-studio-code/resources/app/out/vs/code/node/sharedProcess/sharedProcessMain.js:34:22645)
2023-08-09 14:56:17.843 [info] Started initializing default profile extensions in extensions installation folder. file:///home/stroky/.vscode/extensions
2023-08-09 14:56:17.844 [error] Error: Unable to resolve nonexistent file '/home/stroky/.vscode/extensions'
    at p.resolve (/opt/visual-studio-code/resources/app/out/vs/code/node/sharedProcess/sharedProcessMain.js:39:14125)
    at async W.k (/opt/visual-studio-code/resources/app/out/vs/code/node/sharedProcess/sharedProcessMain.js:82:96872)
    at async W.scanExtensions (/opt/visual-studio-code/resources/app/out/vs/code/node/sharedProcess/sharedProcessMain.js:82:96646)
    at async m.scanUserExtensions (/opt/visual-studio-code/resources/app/out/vs/code/node/sharedProcess/sharedProcessMain.js:82:89609)
    at async /opt/visual-studio-code/resources/app/out/vs/code/node/sharedProcess/sharedProcessMain.js:82:91594
    at async m.scanUserExtensions (/opt/visual-studio-code/resources/app/out/vs/code/node/sharedProcess/sharedProcessMain.js:82:89705)
    at async Promise.all (index 1)
    at async m.scanAllExtensions (/opt/visual-studio-code/resources/app/out/vs/code/node/sharedProcess/sharedProcessMain.js:82:88806)
    at async B.scanExtensions (/opt/visual-studio-code/resources/app/out/vs/code/node/sharedProcess/sharedProcessMain.js:92:10907)
    at async h.call (/opt/visual-studio-code/resources/app/out/vs/code/node/sharedProcess/sharedProcessMain.js:34:22645)
2023-08-09 14:56:17.844 [info] Started initializing default profile extensions in extensions installation folder. file:///home/stroky/.vscode/extensions
2023-08-09 14:56:17.845 [error] Error: Unable to resolve nonexistent file '/home/stroky/.vscode/extensions'
    at p.resolve (/opt/visual-studio-code/resources/app/out/vs/code/node/sharedProcess/sharedProcessMain.js:39:14125)
    at async W.k (/opt/visual-studio-code/resources/app/out/vs/code/node/sharedProcess/sharedProcessMain.js:82:96872)
    at async W.scanExtensions (/opt/visual-studio-code/resources/app/out/vs/code/node/sharedProcess/sharedProcessMain.js:82:96646)
    at async m.scanUserExtensions (/opt/visual-studio-code/resources/app/out/vs/code/node/sharedProcess/sharedProcessMain.js:82:89609)
    at async /opt/visual-studio-code/resources/app/out/vs/code/node/sharedProcess/sharedProcessMain.js:82:91594
    at async m.scanUserExtensions (/opt/visual-studio-code/resources/app/out/vs/code/node/sharedProcess/sharedProcessMain.js:82:89705)
    at async Promise.all (index 1)
    at async m.scanAllExtensions (/opt/visual-studio-code/resources/app/out/vs/code/node/sharedProcess/sharedProcessMain.js:82:88806)
    at async B.scanExtensions (/opt/visual-studio-code/resources/app/out/vs/code/node/sharedProcess/sharedProcessMain.js:92:10907)
    at async h.call (/opt/visual-studio-code/resources/app/out/vs/code/node/sharedProcess/sharedProcessMain.js:34:22645)
2023-08-09 14:56:17.845 [info] Started initializing default profile extensions in extensions installation folder. file:///home/stroky/.vscode/extensions
2023-08-09 14:56:17.846 [error] Error: Unable to resolve nonexistent file '/home/stroky/.vscode/extensions'
    at p.resolve (/opt/visual-studio-code/resources/app/out/vs/code/node/sharedProcess/sharedProcessMain.js:39:14125)
    at async W.k (/opt/visual-studio-code/resources/app/out/vs/code/node/sharedProcess/sharedProcessMain.js:82:96872)
    at async W.scanExtensions (/opt/visual-studio-code/resources/app/out/vs/code/node/sharedProcess/sharedProcessMain.js:82:96646)
    at async m.scanUserExtensions (/opt/visual-studio-code/resources/app/out/vs/code/node/sharedProcess/sharedProcessMain.js:82:89609)
    at async /opt/visual-studio-code/resources/app/out/vs/code/node/sharedProcess/sharedProcessMain.js:82:91594
    at async m.scanUserExtensions (/opt/visual-studio-code/resources/app/out/vs/code/node/sharedProcess/sharedProcessMain.js:82:89705)
    at async Promise.all (index 1)
    at async m.scanAllExtensions (/opt/visual-studio-code/resources/app/out/vs/code/node/sharedProcess/sharedProcessMain.js:82:88806)
    at async B.scanExtensions (/opt/visual-studio-code/resources/app/out/vs/code/node/sharedProcess/sharedProcessMain.js:92:10907)
    at async h.call (/opt/visual-studio-code/resources/app/out/vs/code/node/sharedProcess/sharedProcessMain.js:34:22645)
2023-08-09 14:56:17.846 [info] Started initializing default profile extensions in extensions installation folder. file:///home/stroky/.vscode/extensions
2023-08-09 14:56:17.847 [error] Error: Unable to resolve nonexistent file '/home/stroky/.vscode/extensions'
    at p.resolve (/opt/visual-studio-code/resources/app/out/vs/code/node/sharedProcess/sharedProcessMain.js:39:14125)
    at async W.k (/opt/visual-studio-code/resources/app/out/vs/code/node/sharedProcess/sharedProcessMain.js:82:96872)
    at async W.scanExtensions (/opt/visual-studio-code/resources/app/out/vs/code/node/sharedProcess/sharedProcessMain.js:82:96646)
    at async m.scanUserExtensions (/opt/visual-studio-code/resources/app/out/vs/code/node/sharedProcess/sharedProcessMain.js:82:89609)
    at async /opt/visual-studio-code/resources/app/out/vs/code/node/sharedProcess/sharedProcessMain.js:82:91594
    at async m.scanUserExtensions (/opt/visual-studio-code/resources/app/out/vs/code/node/sharedProcess/sharedProcessMain.js:82:89705)
    at async Promise.all (index 1)
    at async m.scanAllExtensions (/opt/visual-studio-code/resources/app/out/vs/code/node/sharedProcess/sharedProcessMain.js:82:88806)
    at async B.scanExtensions (/opt/visual-studio-code/resources/app/out/vs/code/node/sharedProcess/sharedProcessMain.js:92:10907)
    at async h.call (/opt/visual-studio-code/resources/app/out/vs/code/node/sharedProcess/sharedProcessMain.js:34:22645)
2023-08-09 14:56:17.847 [info] Started initializing default profile extensions in extensions installation folder. file:///home/stroky/.vscode/extensions
2023-08-09 14:56:17.848 [error] Error: Unable to resolve nonexistent file '/home/stroky/.vscode/extensions'
    at p.resolve (/opt/visual-studio-code/resources/app/out/vs/code/node/sharedProcess/sharedProcessMain.js:39:14125)
    at async W.k (/opt/visual-studio-code/resources/app/out/vs/code/node/sharedProcess/sharedProcessMain.js:82:96872)
    at async W.scanExtensions (/opt/visual-studio-code/resources/app/out/vs/code/node/sharedProcess/sharedProcessMain.js:82:96646)
    at async m.scanUserExtensions (/opt/visual-studio-code/resources/app/out/vs/code/node/sharedProcess/sharedProcessMain.js:82:89609)
    at async /opt/visual-studio-code/resources/app/out/vs/code/node/sharedProcess/sharedProcessMain.js:82:91594
    at async m.scanUserExtensions (/opt/visual-studio-code/resources/app/out/vs/code/node/sharedProcess/sharedProcessMain.js:82:89705)
    at async Promise.all (index 1)
    at async m.scanAllExtensions (/opt/visual-studio-code/resources/app/out/vs/code/node/sharedProcess/sharedProcessMain.js:82:88806)
    at async B.scanExtensions (/opt/visual-studio-code/resources/app/out/vs/code/node/sharedProcess/sharedProcessMain.js:92:10907)
    at async h.call (/opt/visual-studio-code/resources/app/out/vs/code/node/sharedProcess/sharedProcessMain.js:34:22645)
2023-08-09 14:56:17.849 [info] Started initializing default profile extensions in extensions installation folder. file:///home/stroky/.vscode/extensions
2023-08-09 14:56:17.849 [error] Error: Unable to resolve nonexistent file '/home/stroky/.vscode/extensions'
    at p.resolve (/opt/visual-studio-code/resources/app/out/vs/code/node/sharedProcess/sharedProcessMain.js:39:14125)
    at async W.k (/opt/visual-studio-code/resources/app/out/vs/code/node/sharedProcess/sharedProcessMain.js:82:96872)
    at async W.scanExtensions (/opt/visual-studio-code/resources/app/out/vs/code/node/sharedProcess/sharedProcessMain.js:82:96646)
    at async m.scanUserExtensions (/opt/visual-studio-code/resources/app/out/vs/code/node/sharedProcess/sharedProcessMain.js:82:89609)
    at async /opt/visual-studio-code/resources/app/out/vs/code/node/sharedProcess/sharedProcessMain.js:82:91594
    at async m.scanUserExtensions (/opt/visual-studio-code/resources/app/out/vs/code/node/sharedProcess/sharedProcessMain.js:82:89705)
    at async Promise.all (index 1)
    at async m.scanAllExtensions (/opt/visual-studio-code/resources/app/out/vs/code/node/sharedProcess/sharedProcessMain.js:82:88806)
    at async B.scanExtensions (/opt/visual-studio-code/resources/app/out/vs/code/node/sharedProcess/sharedProcessMain.js:92:10907)
    at async h.call (/opt/visual-studio-code/resources/app/out/vs/code/node/sharedProcess/sharedProcessMain.js:34:22645)
2023-08-09 14:56:17.849 [info] Started initializing default profile extensions in extensions installation folder. file:///home/stroky/.vscode/extensions
2023-08-09 14:56:17.850 [error] Error: Unable to resolve nonexistent file '/home/stroky/.vscode/extensions'
    at p.resolve (/opt/visual-studio-code/resources/app/out/vs/code/node/sharedProcess/sharedProcessMain.js:39:14125)
    at async W.k (/opt/visual-studio-code/resources/app/out/vs/code/node/sharedProcess/sharedProcessMain.js:82:96872)
    at async W.scanExtensions (/opt/visual-studio-code/resources/app/out/vs/code/node/sharedProcess/sharedProcessMain.js:82:96646)
    at async m.scanUserExtensions (/opt/visual-studio-code/resources/app/out/vs/code/node/sharedProcess/sharedProcessMain.js:82:89609)
    at async /opt/visual-studio-code/resources/app/out/vs/code/node/sharedProcess/sharedProcessMain.js:82:91594
    at async m.scanUserExtensions (/opt/visual-studio-code/resources/app/out/vs/code/node/sharedProcess/sharedProcessMain.js:82:89705)
    at async Promise.all (index 1)
    at async m.scanAllExtensions (/opt/visual-studio-code/resources/app/out/vs/code/node/sharedProcess/sharedProcessMain.js:82:88806)
    at async B.scanExtensions (/opt/visual-studio-code/resources/app/out/vs/code/node/sharedProcess/sharedProcessMain.js:92:10907)
    at async h.call (/opt/visual-studio-code/resources/app/out/vs/code/node/sharedProcess/sharedProcessMain.js:34:22645)
2023-08-09 14:56:17.850 [info] Started initializing default profile extensions in extensions installation folder. file:///home/stroky/.vscode/extensions
2023-08-09 14:56:17.851 [error] Error: Unable to resolve nonexistent file '/home/stroky/.vscode/extensions'
    at p.resolve (/opt/visual-studio-code/resources/app/out/vs/code/node/sharedProcess/sharedProcessMain.js:39:14125)
    at async W.k (/opt/visual-studio-code/resources/app/out/vs/code/node/sharedProcess/sharedProcessMain.js:82:96872)
    at async W.scanExtensions (/opt/visual-studio-code/resources/app/out/vs/code/node/sharedProcess/sharedProcessMain.js:82:96646)
    at async m.scanUserExtensions (/opt/visual-studio-code/resources/app/out/vs/code/node/sharedProcess/sharedProcessMain.js:82:89609)
    at async /opt/visual-studio-code/resources/app/out/vs/code/node/sharedProcess/sharedProcessMain.js:82:91594
    at async m.scanUserExtensions (/opt/visual-studio-code/resources/app/out/vs/code/node/sharedProcess/sharedProcessMain.js:82:89705)
    at async Promise.all (index 1)
    at async m.scanAllExtensions (/opt/visual-studio-code/resources/app/out/vs/code/node/sharedProcess/sharedProcessMain.js:82:88806)
    at async B.scanExtensions (/opt/visual-studio-code/resources/app/out/vs/code/node/sharedProcess/sharedProcessMain.js:92:10907)
    at async h.call (/opt/visual-studio-code/resources/app/out/vs/code/node/sharedProcess/sharedProcessMain.js:34:22645)
2023-08-09 14:56:17.851 [info] Started initializing default profile extensions in extensions installation folder. file:///home/stroky/.vscode/extensions
2023-08-09 14:56:17.852 [error] Error: Unable to resolve nonexistent file '/home/stroky/.vscode/extensions'
    at p.resolve (/opt/visual-studio-code/resources/app/out/vs/code/node/sharedProcess/sharedProcessMain.js:39:14125)
    at async W.k (/opt/visual-studio-code/resources/app/out/vs/code/node/sharedProcess/sharedProcessMain.js:82:96872)
    at async W.scanExtensions (/opt/visual-studio-code/resources/app/out/vs/code/node/sharedProcess/sharedProcessMain.js:82:96646)
    at async m.scanUserExtensions (/opt/visual-studio-code/resources/app/out/vs/code/node/sharedProcess/sharedProcessMain.js:82:89609)
    at async /opt/visual-studio-code/resources/app/out/vs/code/node/sharedProcess/sharedProcessMain.js:82:91594
    at async m.scanUserExtensions (/opt/visual-studio-code/resources/app/out/vs/code/node/sharedProcess/sharedProcessMain.js:82:89705)
    at async Promise.all (index 1)
    at async m.scanAllExtensions (/opt/visual-studio-code/resources/app/out/vs/code/node/sharedProcess/sharedProcessMain.js:82:88806)
    at async B.scanExtensions (/opt/visual-studio-code/resources/app/out/vs/code/node/sharedProcess/sharedProcessMain.js:92:10907)
    at async h.call (/opt/visual-studio-code/resources/app/out/vs/code/node/sharedProcess/sharedProcessMain.js:34:22645)
2023-08-09 14:56:17.852 [info] Started initializing default profile extensions in extensions installation folder. file:///home/stroky/.vscode/extensions
2023-08-09 14:56:17.853 [error] Error: Unable to resolve nonexistent file '/home/stroky/.vscode/extensions'
    at p.resolve (/opt/visual-studio-code/resources/app/out/vs/code/node/sharedProcess/sharedProcessMain.js:39:14125)
    at async W.k (/opt/visual-studio-code/resources/app/out/vs/code/node/sharedProcess/sharedProcessMain.js:82:96872)
    at async W.scanExtensions (/opt/visual-studio-code/resources/app/out/vs/code/node/sharedProcess/sharedProcessMain.js:82:96646)
    at async m.scanUserExtensions (/opt/visual-studio-code/resources/app/out/vs/code/node/sharedProcess/sharedProcessMain.js:82:89609)
    at async /opt/visual-studio-code/resources/app/out/vs/code/node/sharedProcess/sharedProcessMain.js:82:91594
    at async m.scanUserExtensions (/opt/visual-studio-code/resources/app/out/vs/code/node/sharedProcess/sharedProcessMain.js:82:89705)
    at async Promise.all (index 1)
    at async m.scanAllExtensions (/opt/visual-studio-code/resources/app/out/vs/code/node/sharedProcess/sharedProcessMain.js:82:88806)
    at async B.scanExtensions (/opt/visual-studio-code/resources/app/out/vs/code/node/sharedProcess/sharedProcessMain.js:92:10907)
    at async h.call (/opt/visual-studio-code/resources/app/out/vs/code/node/sharedProcess/sharedProcessMain.js:34:22645)
2023-08-09 14:56:17.853 [info] Started initializing default profile extensions in extensions installation folder. file:///home/stroky/.vscode/extensions
2023-08-09 14:56:17.854 [error] Error: Unable to resolve nonexistent file '/home/stroky/.vscode/extensions'
    at p.resolve (/opt/visual-studio-code/resources/app/out/vs/code/node/sharedProcess/sharedProcessMain.js:39:14125)
    at async W.k (/opt/visual-studio-code/resources/app/out/vs/code/node/sharedProcess/sharedProcessMain.js:82:96872)
    at async W.scanExtensions (/opt/visual-studio-code/resources/app/out/vs/code/node/sharedProcess/sharedProcessMain.js:82:96646)
    at async m.scanUserExtensions (/opt/visual-studio-code/resources/app/out/vs/code/node/sharedProcess/sharedProcessMain.js:82:89609)
    at async /opt/visual-studio-code/resources/app/out/vs/code/node/sharedProcess/sharedProcessMain.js:82:91594
    at async m.scanUserExtensions (/opt/visual-studio-code/resources/app/out/vs/code/node/sharedProcess/sharedProcessMain.js:82:89705)
    at async Promise.all (index 1)
    at async m.scanAllExtensions (/opt/visual-studio-code/resources/app/out/vs/code/node/sharedProcess/sharedProcessMain.js:82:88806)
    at async B.scanExtensions (/opt/visual-studio-code/resources/app/out/vs/code/node/sharedProcess/sharedProcessMain.js:92:10907)
    at async h.call (/opt/visual-studio-code/resources/app/out/vs/code/node/sharedProcess/sharedProcessMain.js:34:22645)
2023-08-09 14:56:17.854 [info] Started initializing default profile extensions in extensions installation folder. file:///home/stroky/.vscode/extensions
2023-08-09 14:56:17.855 [error] Error: Unable to resolve nonexistent file '/home/stroky/.vscode/extensions'
    at p.resolve (/opt/visual-studio-code/resources/app/out/vs/code/node/sharedProcess/sharedProcessMain.js:39:14125)
    at async W.k (/opt/visual-studio-code/resources/app/out/vs/code/node/sharedProcess/sharedProcessMain.js:82:96872)
    at async W.scanExtensions (/opt/visual-studio-code/resources/app/out/vs/code/node/sharedProcess/sharedProcessMain.js:82:96646)
    at async m.scanUserExtensions (/opt/visual-studio-code/resources/app/out/vs/code/node/sharedProcess/sharedProcessMain.js:82:89609)
    at async /opt/visual-studio-code/resources/app/out/vs/code/node/sharedProcess/sharedProcessMain.js:82:91594
2023-08-09 14:56:17.859 [info] Started initializing default profile extensions in extensions installation folder. file:///home/stroky/.vscode/extensions
2023-08-09 14:56:17.860 [error] Error: Unable to resolve nonexistent file '/home/stroky/.vscode/extensions'
    at p.resolve (/opt/visual-studio-code/resources/app/out/vs/code/node/sharedProcess/sharedProcessMain.js:39:14125)
    at async W.k (/opt/visual-studio-code/resources/app/out/vs/code/node/sharedProcess/sharedProcessMain.js:82:96872)
    at async W.scanExtensions (/opt/visual-studio-code/resources/app/out/vs/code/node/sharedProcess/sharedProcessMain.js:82:96646)
    at async m.scanUserExtensions (/opt/visual-studio-code/resources/app/out/vs/code/node/sharedProcess/sharedProcessMain.js:82:89609)
    at async /opt/visual-studio-code/resources/app/out/vs/code/node/sharedProcess/sharedProcessMain.js:82:91594
    at async m.scanUserExtensions (/opt/visual-studio-code/resources/app/out/vs/code/node/sharedProcess/sharedProcessMain.js:82:89705)
    at async Promise.all (index 1)
    at async m.scanAllExtensions (/opt/visual-studio-code/resources/app/out/vs/code/node/sharedProcess/sharedProcessMain.js:82:88806)
    at async B.scanExtensions (/opt/visual-studio-code/resources/app/out/vs/code/node/sharedProcess/sharedProcessMain.js:92:10907)
    at async h.call (/opt/visual-studio-code/resources/app/out/vs/code/node/sharedProcess/sharedProcessMain.js:34:22645)
2023-08-09 14:56:17.860 [info] Started initializing default profile extensions in extensions installation folder. file:///home/stroky/.vscode/extensions
2023-08-09 14:56:17.861 [error] Error: Unable to resolve nonexistent file '/home/stroky/.vscode/extensions'
    at p.resolve (/opt/visual-studio-code/resources/app/out/vs/code/node/sharedProcess/sharedProcessMain.js:39:14125)
    at async W.k (/opt/visual-studio-code/resources/app/out/vs/code/node/sharedProcess/sharedProcessMain.js:82:96872)
    at async W.scanExtensions (/opt/visual-studio-code/resources/app/out/vs/code/node/sharedProcess/sharedProcessMain.js:82:96646)
    at async m.scanUserExtensions (/opt/visual-studio-code/resources/app/out/vs/code/node/sharedProcess/sharedProcessMain.js:82:89609)
    at async /opt/visual-studio-code/resources/app/out/vs/code/node/sharedProcess/sharedProcessMain.js:82:91594
    at async m.scanUserExtensions (/opt/visual-studio-code/resources/app/out/vs/code/node/sharedProcess/sharedProcessMain.js:82:89705)
    at async Promise.all (index 1)
    at async m.scanAllExtensions (/opt/visual-studio-code/resources/app/out/vs/code/node/sharedProcess/sharedProcessMain.js:82:88806)
    at async B.scanExtensions (/opt/visual-studio-code/resources/app/out/vs/code/node/sharedProcess/sharedProcessMain.js:92:10907)
    at async h.call (/opt/visual-studio-code/resources/app/out/vs/code/node/sharedProcess/sharedProcessMain.js:34:22645)
2023-08-09 14:56:17.861 [info] Started initializing default profile extensions in extensions installation folder. file:///home/stroky/.vscode/extensions
2023-08-09 14:56:17.862 [error] Error: Unable to resolve nonexistent file '/home/stroky/.vscode/extensions'
    at p.resolve (/opt/visual-studio-code/resources/app/out/vs/code/node/sharedProcess/sharedProcessMain.js:39:14125)
    at async W.k (/opt/visual-studio-code/resources/app/out/vs/code/node/sharedProcess/sharedProcessMain.js:82:96872)
    at async W.scanExtensions (/opt/visual-studio-code/resources/app/out/vs/code/node/sharedProcess/sharedProcessMain.js:82:96646)
    at async m.scanUserExtensions (/opt/visual-studio-code/resources/app/out/vs/code/node/sharedProcess/sharedProcessMain.js:82:89609)
    at async /opt/visual-studio-code/resources/app/out/vs/code/node/sharedProcess/sharedProcessMain.js:82:91594
    at async m.scanUserExtensions (/opt/visual-studio-code/resources/app/out/vs/code/node/sharedProcess/sharedProcessMain.js:82:89705)
    at async Promise.all (index 1)
    at async m.scanAllExtensions (/opt/visual-studio-code/resources/app/out/vs/code/node/sharedProcess/sharedProcessMain.js:82:88806)
    at async B.scanExtensions (/opt/visual-studio-code/resources/app/out/vs/code/node/sharedProcess/sharedProcessMain.js:92:10907)
    at async h.call (/opt/visual-studio-code/resources/app/out/vs/code/node/sharedProcess/sharedProcessMain.js:34:22645)
2023-08-09 14:56:17.863 [info] Started initializing default profile extensions in extensions installation folder. file:///home/stroky/.vscode/extensions
2023-08-09 14:56:17.864 [error] Error: Unable to resolve nonexistent file '/home/stroky/.vscode/extensions'
    at p.resolve (/opt/visual-studio-code/resources/app/out/vs/code/node/sharedProcess/sharedProcessMain.js:39:14125)
    at async W.k (/opt/visual-studio-code/resources/app/out/vs/code/node/sharedProcess/sharedProcessMain.js:82:96872)
    at async W.scanExtensions (/opt/visual-studio-code/resources/app/out/vs/code/node/sharedProcess/sharedProcessMain.js:82:96646)
    at async m.scanUserExtensions (/opt/visual-studio-code/resources/app/out/vs/code/node/sharedProcess/sharedProcessMain.js:82:89609)
    at async /opt/visual-studio-code/resources/app/out/vs/code/node/sharedProcess/sharedProcessMain.js:82:91594
    at async m.scanUserExtensions (/opt/visual-studio-code/resources/app/out/vs/code/node/sharedProcess/sharedProcessMain.js:82:89705)
    at async Promise.all (index 1)
    at async m.scanAllExtensions (/opt/visual-studio-code/resources/app/out/vs/code/node/sharedProcess/sharedProcessMain.js:82:88806)
    at async B.scanExtensions (/opt/visual-studio-code/resources/app/out/vs/code/node/sharedProcess/sharedProcessMain.js:92:10907)
    at async h.call (/opt/visual-studio-code/resources/app/out/vs/code/node/sharedProcess/sharedProcessMain.js:34:22645)
2023-08-09 14:56:17.866 [info] Started initializing default profile extensions in extensions installation folder. file:///home/stroky/.vscode/extensions
2023-08-09 14:56:17.866 [error] Error: Unable to resolve nonexistent file '/home/stroky/.vscode/extensions'
    at p.resolve (/opt/visual-studio-code/resources/app/out/vs/code/node/sharedProcess/sharedProcessMain.js:39:14125)
    at async W.k (/opt/visual-studio-code/resources/app/out/vs/code/node/sharedProcess/sharedProcessMain.js:82:96872)
    at async W.scanExtensions (/opt/visual-studio-code/resources/app/out/vs/code/node/sharedProcess/sharedProcessMain.js:82:96646)
    at async m.scanUserExtensions (/opt/visual-studio-code/resources/app/out/vs/code/node/sharedProcess/sharedProcessMain.js:82:89609)
    at async /opt/visual-studio-code/resources/app/out/vs/code/node/sharedProcess/sharedProcessMain.js:82:91594
    at async m.scanUserExtensions (/opt/visual-studio-code/resources/app/out/vs/code/node/sharedProcess/sharedProcessMain.js:82:89705)
    at async Promise.all (index 1)
    at async m.scanAllExtensions (/opt/visual-studio-code/resources/app/out/vs/code/node/sharedProcess/sharedProcessMain.js:82:88806)
    at async B.scanExtensions (/opt/visual-studio-code/resources/app/out/vs/code/node/sharedProcess/sharedProcessMain.js:92:10907)
    at async h.call (/opt/visual-studio-code/resources/app/out/vs/code/node/sharedProcess/sharedProcessMain.js:34:22645)
2023-08-09 14:56:17.867 [info] Started initializing default profile extensions in extensions installation folder. file:///home/stroky/.vscode/extensions
2023-08-09 14:56:17.867 [error] Error: Unable to resolve nonexistent file '/home/stroky/.vscode/extensions'
    at p.resolve (/opt/visual-studio-code/resources/app/out/vs/code/node/sharedProcess/sharedProcessMain.js:39:14125)
    at async W.k (/opt/visual-studio-code/resources/app/out/vs/code/node/sharedProcess/sharedProcessMain.js:82:96872)
    at async W.scanExtensions (/opt/visual-studio-code/resources/app/out/vs/code/node/sharedProcess/sharedProcessMain.js:82:96646)
    at async m.scanUserExtensions (/opt/visual-studio-code/resources/app/out/vs/code/node/sharedProcess/sharedProcessMain.js:82:89609)
    at async /opt/visual-studio-code/resources/app/out/vs/code/node/sharedProcess/sharedProcessMain.js:82:91594
    at async m.scanUserExtensions (/opt/visual-studio-code/resources/app/out/vs/code/node/sharedProcess/sharedProcessMain.js:82:89705)
    at async Promise.all (index 1)
    at async m.scanAllExtensions (/opt/visual-studio-code/resources/app/out/vs/code/node/sharedProcess/sharedProcessMain.js:82:88806)
    at async B.scanExtensions (/opt/visual-studio-code/resources/app/out/vs/code/node/sharedProcess/sharedProcessMain.js:92:10907)
    at async h.call (/opt/visual-studio-code/resources/app/out/vs/code/node/sharedProcess/sharedProcessMain.js:34:22645)
2023-08-09 14:56:17.868 [info] Started initializing default profile extensions in extensions installation folder. file:///home/stroky/.vscode/extensions
2023-08-09 14:56:17.868 [error] Error: Unable to resolve nonexistent file '/home/stroky/.vscode/extensions'
    at p.resolve (/opt/visual-studio-code/resources/app/out/vs/code/node/sharedProcess/sharedProcessMain.js:39:14125)
    at async W.k (/opt/visual-studio-code/resources/app/out/vs/code/node/sharedProcess/sharedProcessMain.js:82:96872)
    at async W.scanExtensions (/opt/visual-studio-code/resources/app/out/vs/code/node/sharedProcess/sharedProcessMain.js:82:96646)
    at async m.scanUserExtensions (/opt/visual-studio-code/resources/app/out/vs/code/node/sharedProcess/sharedProcessMain.js:82:89609)
    at async /opt/visual-studio-code/resources/app/out/vs/code/node/sharedProcess/sharedProcessMain.js:82:91594
    at async m.scanUserExtensions (/opt/visual-studio-code/resources/app/out/vs/code/node/sharedProcess/sharedProcessMain.js:82:89705)
    at async Promise.all (index 1)
    at async m.scanAllExtensions (/opt/visual-studio-code/resources/app/out/vs/code/node/sharedProcess/sharedProcessMain.js:82:88806)
    at async B.scanExtensions (/opt/visual-studio-code/resources/app/out/vs/code/node/sharedProcess/sharedProcessMain.js:92:10907)
    at async h.call (/opt/visual-studio-code/resources/app/out/vs/code/node/sharedProcess/sharedProcessMain.js:34:22645)
2023-08-09 14:56:17.869 [info] Started initializing default profile extensions in extensions installation folder. file:///home/stroky/.vscode/extensions
2023-08-09 14:56:17.869 [error] Error: Unable to resolve nonexistent file '/home/stroky/.vscode/extensions'
    at p.resolve (/opt/visual-studio-code/resources/app/out/vs/code/node/sharedProcess/sharedProcessMain.js:39:14125)
    at async W.k (/opt/visual-studio-code/resources/app/out/vs/code/node/sharedProcess/sharedProcessMain.js:82:96872)
    at async W.scanExtensions (/opt/visual-studio-code/resources/app/out/vs/code/node/sharedProcess/sharedProcessMain.js:82:96646)
    at async m.scanUserExtensions (/opt/visual-studio-code/resources/app/out/vs/code/node/sharedProcess/sharedProcessMain.js:82:89609)
    at async /opt/visual-studio-code/resources/app/out/vs/code/node/sharedProcess/sharedProcessMain.js:82:91594
    at async m.scanUserExtensions (/opt/visual-studio-code/resources/app/out/vs/code/node/sharedProcess/sharedProcessMain.js:82:89705)
    at async Promise.all (index 1)
    at async m.scanAllExtensions (/opt/visual-studio-code/resources/app/out/vs/code/node/sharedProcess/sharedProcessMain.js:82:88806)
    at async B.scanExtensions (/opt/visual-studio-code/resources/app/out/vs/code/node/sharedProcess/sharedProcessMain.js:92:10907)
    at async h.call (/opt/visual-studio-code/resources/app/out/vs/code/node/sharedProcess/sharedProcessMain.js:34:22645)
2023-08-09 14:56:17.872 [info] Started initializing default profile extensions in extensions installation folder. file:///home/stroky/.vscode/extensions
2023-08-09 14:56:17.872 [error] Error: Unable to resolve nonexistent file '/home/stroky/.vscode/extensions'
    at p.resolve (/opt/visual-studio-code/resources/app/out/vs/code/node/sharedProcess/sharedProcessMain.js:39:14125)
    at async W.k (/opt/visual-studio-code/resources/app/out/vs/code/node/sharedProcess/sharedProcessMain.js:82:96872)
    at async W.scanExtensions (/opt/visual-studio-code/resources/app/out/vs/code/node/sharedProcess/sharedProcessMain.js:82:96646)
    at async m.scanUserExtensions (/opt/visual-studio-code/resources/app/out/vs/code/node/sharedProcess/sharedProcessMain.js:82:89609)
    at async /opt/visual-studio-code/resources/app/out/vs/code/node/sharedProcess/sharedProcessMain.js:82:91594
    at async m.scanUserExtensions (/opt/visual-studio-code/resources/app/out/vs/code/node/sharedProcess/sharedProcessMain.js:82:89705)
    at async Promise.all (index 1)
    at async m.scanAllExtensions (/opt/visual-studio-code/resources/app/out/vs/code/node/sharedProcess/sharedProcessMain.js:82:88806)
    at async B.scanExtensions (/opt/visual-studio-code/resources/app/out/vs/code/node/sharedProcess/sharedProcessMain.js:92:10907)
    at async h.call (/opt/visual-studio-code/resources/app/out/vs/code/node/sharedProcess/sharedProcessMain.js:34:22645)
2023-08-09 14:56:17.873 [info] Started initializing default profile extensions in extensions installation folder. file:///home/stroky/.vscode/extensions
2023-08-09 14:56:17.873 [error] Error: Unable to resolve nonexistent file '/home/stroky/.vscode/extensions'
    at p.resolve (/opt/visual-studio-code/resources/app/out/vs/code/node/sharedProcess/sharedProcessMain.js:39:14125)
    at async W.k (/opt/visual-studio-code/resources/app/out/vs/code/node/sharedProcess/sharedProcessMain.js:82:96872)
    at async W.scanExtensions (/opt/visual-studio-code/resources/app/out/vs/code/node/sharedProcess/sharedProcessMain.js:82:96646)
    at async m.scanUserExtensions (/opt/visual-studio-code/resources/app/out/vs/code/node/sharedProcess/sharedProcessMain.js:82:89609)
    at async /opt/visual-studio-code/resources/app/out/vs/code/node/sharedProcess/sharedProcessMain.js:82:91594
    at async m.scanUserExtensions (/opt/visual-studio-code/resources/app/out/vs/code/node/sharedProcess/sharedProcessMain.js:82:89705)
    at async Promise.all (index 1)
    at async m.scanAllExtensions (/opt/visual-studio-code/resources/app/out/vs/code/node/sharedProcess/sharedProcessMain.js:82:88806)
    at async B.scanExtensions (/opt/visual-studio-code/resources/app/out/vs/code/node/sharedProcess/sharedProcessMain.js:92:10907)
    at async h.call (/opt/visual-studio-code/resources/app/out/vs/code/node/sharedProcess/sharedProcessMain.js:34:22645)
