2023-08-14 19:55:45.726 [info] Log level: Info
2023-08-14 19:55:45.726 [info] Validating found git in: "git"
2023-08-14 19:55:45.726 [info] Using git "2.41.0" from "git"
2023-08-14 19:55:45.726 [info] > git rev-parse --show-toplevel [20ms]
2023-08-14 19:55:45.726 [info] fatal: not a git repository (or any of the parent directories): .git
2023-08-14 19:55:45.726 [info] > git rev-parse --show-toplevel [17ms]
2023-08-14 19:55:45.726 [info] fatal: not a git repository (or any of the parent directories): .git
2023-08-14 19:55:45.728 [info] > git rev-parse --show-toplevel [2ms]
2023-08-14 19:55:45.728 [info] fatal: not a git repository (or any of the parent directories): .git
2023-08-14 19:55:45.834 [info] > git rev-parse --show-toplevel [2ms]
2023-08-14 19:55:45.834 [info] fatal: not a git repository (or any of the parent directories): .git
2023-08-14 19:55:46.025 [info] > git rev-parse --show-toplevel [2ms]
2023-08-14 19:55:46.025 [info] fatal: not a git repository (or any of the parent directories): .git
2023-08-14 19:55:49.561 [info] > git rev-parse --show-toplevel [1ms]
2023-08-14 19:55:49.561 [info] fatal: not a git repository (or any of the parent directories): .git
2023-08-14 19:56:16.775 [info] Log level: Info
2023-08-14 19:56:16.775 [info] Validating found git in: "git"
2023-08-14 19:56:16.775 [info] Using git "2.41.0" from "git"
2023-08-14 19:56:16.775 [info] > git rev-parse --show-toplevel [57ms]
2023-08-14 19:56:16.775 [info] fatal: not a git repository (or any of the parent directories): .git
2023-08-14 19:56:16.822 [info] > git rev-parse --show-toplevel [15ms]
2023-08-14 19:56:16.822 [info] fatal: not a git repository (or any of the parent directories): .git
2023-08-14 19:56:16.839 [info] > git rev-parse --show-toplevel [1ms]
2023-08-14 19:56:16.839 [info] fatal: not a git repository (or any of the parent directories): .git
2023-08-14 19:58:58.251 [info] > git rev-parse --show-toplevel [2ms]
2023-08-14 19:58:58.251 [info] fatal: not a git repository (or any of the parent directories): .git
2023-08-14 20:03:34.096 [info] > git rev-parse --show-toplevel [2ms]
2023-08-14 20:03:34.096 [info] fatal: not a git repository (or any of the parent directories): .git
2023-08-14 20:07:37.203 [info] > git rev-parse --show-toplevel [3ms]
2023-08-14 20:07:37.203 [info] fatal: not a git repository (or any of the parent directories): .git
2023-08-14 20:08:31.024 [info] > git rev-parse --show-toplevel [2ms]
2023-08-14 20:08:31.025 [info] fatal: not a git repository (or any of the parent directories): .git
2023-08-14 20:09:04.803 [info] > git rev-parse --show-toplevel [4ms]
2023-08-14 20:09:04.803 [info] fatal: not a git repository (or any of the parent directories): .git
2023-08-14 20:09:07.586 [info] > git rev-parse --show-toplevel [2ms]
2023-08-14 20:09:07.586 [info] fatal: not a git repository (or any of the parent directories): .git
2023-08-14 20:09:11.519 [info] > git rev-parse --show-toplevel [4ms]
2023-08-14 20:09:11.519 [info] fatal: not a git repository (or any of the parent directories): .git
2023-08-14 20:09:12.418 [info] > git rev-parse --show-toplevel [1ms]
2023-08-14 20:09:12.418 [info] fatal: not a git repository (or any of the parent directories): .git
2023-08-14 20:09:25.126 [info] > git rev-parse --show-toplevel [8ms]
2023-08-14 20:09:25.126 [info] fatal: not a git repository (or any of the parent directories): .git
2023-08-14 20:09:33.415 [info] > git rev-parse --show-toplevel [1ms]
2023-08-14 20:09:33.415 [info] fatal: not a git repository (or any of the parent directories): .git
